ARM GAS  C:\Users\Vitali\AppData\Local\Temp\cc2fSc7t.s 			page 1


   1              		.cpu cortex-m0
   2              		.fpu softvfp
   3              		.eabi_attribute 20, 1
   4              		.eabi_attribute 21, 1
   5              		.eabi_attribute 23, 3
   6              		.eabi_attribute 24, 1
   7              		.eabi_attribute 25, 1
   8              		.eabi_attribute 26, 1
   9              		.eabi_attribute 30, 4
  10              		.eabi_attribute 34, 0
  11              		.eabi_attribute 18, 4
  12              		.code	16
  13              		.file	"Bootloadable.c"
  14              		.text
  15              	.Ltext0:
  16              		.cfi_sections	.debug_frame
  17              		.section	.text.Bootloadable_Load,"ax",%progbits
  18              		.align	1
  19              		.global	Bootloadable_Load
  20              		.code	16
  21              		.thumb_func
  22              		.type	Bootloadable_Load, %function
  23              	Bootloadable_Load:
  24              	.LFB0:
  25              		.file 1 ".\\Generated_Source\\PSoC4\\Bootloadable.c"
   1:.\Generated_Source\PSoC4/Bootloadable.c **** /****************************************************************************//**
   2:.\Generated_Source\PSoC4/Bootloadable.c **** * \file Bootloadable.c
   3:.\Generated_Source\PSoC4/Bootloadable.c **** * \version 1.40
   4:.\Generated_Source\PSoC4/Bootloadable.c **** *
   5:.\Generated_Source\PSoC4/Bootloadable.c **** * \brief
   6:.\Generated_Source\PSoC4/Bootloadable.c **** *   Provides an API for the Bootloadable application.
   7:.\Generated_Source\PSoC4/Bootloadable.c **** *
   8:.\Generated_Source\PSoC4/Bootloadable.c **** ********************************************************************************
   9:.\Generated_Source\PSoC4/Bootloadable.c **** * \copyright
  10:.\Generated_Source\PSoC4/Bootloadable.c **** * Copyright 2008-2015, Cypress Semiconductor Corporation.  All rights reserved.
  11:.\Generated_Source\PSoC4/Bootloadable.c **** * You may use this file only in accordance with the license, terms, conditions,
  12:.\Generated_Source\PSoC4/Bootloadable.c **** * disclaimers, and limitations in the end user license agreement accompanying
  13:.\Generated_Source\PSoC4/Bootloadable.c **** * the software package with which this file was provided.
  14:.\Generated_Source\PSoC4/Bootloadable.c **** *******************************************************************************/
  15:.\Generated_Source\PSoC4/Bootloadable.c **** 
  16:.\Generated_Source\PSoC4/Bootloadable.c **** #include "Bootloadable.h"
  17:.\Generated_Source\PSoC4/Bootloadable.c **** 
  18:.\Generated_Source\PSoC4/Bootloadable.c **** /**
  19:.\Generated_Source\PSoC4/Bootloadable.c ****  \defgroup functions_group Functions
  20:.\Generated_Source\PSoC4/Bootloadable.c ****  @{
  21:.\Generated_Source\PSoC4/Bootloadable.c **** */
  22:.\Generated_Source\PSoC4/Bootloadable.c **** 
  23:.\Generated_Source\PSoC4/Bootloadable.c **** #if (CYDEV_PROJ_TYPE == CYDEV_PROJ_TYPE_LOADABLEANDBOOTLOADER)
  24:.\Generated_Source\PSoC4/Bootloadable.c **** static cystatus Bootloadable_WriteFlashByte(const uint32 address, const uint8 inputValue) CYLARGE \
  25:.\Generated_Source\PSoC4/Bootloadable.c ****                                ;
  26:.\Generated_Source\PSoC4/Bootloadable.c **** #endif /*(CYDEV_PROJ_TYPE == CYDEV_PROJ_TYPE_LOADABLEANDBOOTLOADER)*/
  27:.\Generated_Source\PSoC4/Bootloadable.c **** 
  28:.\Generated_Source\PSoC4/Bootloadable.c **** /*******************************************************************************
  29:.\Generated_Source\PSoC4/Bootloadable.c **** * Function Name: Bootloadable_Load
  30:.\Generated_Source\PSoC4/Bootloadable.c **** ****************************************************************************//**
  31:.\Generated_Source\PSoC4/Bootloadable.c **** *
  32:.\Generated_Source\PSoC4/Bootloadable.c **** * \brief
ARM GAS  C:\Users\Vitali\AppData\Local\Temp\cc2fSc7t.s 			page 2


  33:.\Generated_Source\PSoC4/Bootloadable.c **** *  Schedules the Bootloader/Launcher to be launched and then performs
  34:.\Generated_Source\PSoC4/Bootloadable.c **** *  a software reset to launch it
  35:.\Generated_Source\PSoC4/Bootloadable.c **** *
  36:.\Generated_Source\PSoC4/Bootloadable.c **** * \return
  37:.\Generated_Source\PSoC4/Bootloadable.c **** *  This method will never return. It will load a new application and reset
  38:.\Generated_Source\PSoC4/Bootloadable.c **** *  the device.
  39:.\Generated_Source\PSoC4/Bootloadable.c **** *
  40:.\Generated_Source\PSoC4/Bootloadable.c **** *******************************************************************************/
  41:.\Generated_Source\PSoC4/Bootloadable.c **** void Bootloadable_Load(void) 
  42:.\Generated_Source\PSoC4/Bootloadable.c **** {
  26              		.loc 1 42 0
  27              		.cfi_startproc
  43:.\Generated_Source\PSoC4/Bootloadable.c ****     /* Schedule Bootloader to start after reset */
  44:.\Generated_Source\PSoC4/Bootloadable.c ****     Bootloadable_SET_RUN_TYPE(Bootloadable_SCHEDULE_BTLDR);
  28              		.loc 1 44 0
  29 0000 4022     		mov	r2, #64
  42:.\Generated_Source\PSoC4/Bootloadable.c ****     /* Schedule Bootloader to start after reset */
  30              		.loc 1 42 0
  31 0002 08B5     		push	{r3, lr}
  32              		.cfi_def_cfa_offset 8
  33              		.cfi_offset 3, -8
  34              		.cfi_offset 14, -4
  35              		.loc 1 44 0
  36 0004 024B     		ldr	r3, .L2
  45:.\Generated_Source\PSoC4/Bootloadable.c **** 
  46:.\Generated_Source\PSoC4/Bootloadable.c ****     CySoftwareReset();
  47:.\Generated_Source\PSoC4/Bootloadable.c **** }
  37              		.loc 1 47 0
  38              		@ sp needed
  44:.\Generated_Source\PSoC4/Bootloadable.c **** 
  39              		.loc 1 44 0
  40 0006 1A60     		str	r2, [r3]
  46:.\Generated_Source\PSoC4/Bootloadable.c **** }
  41              		.loc 1 46 0
  42 0008 FFF7FEFF 		bl	CySoftwareReset
  43              	.LVL0:
  44              		.loc 1 47 0
  45 000c 08BD     		pop	{r3, pc}
  46              	.L3:
  47 000e C046     		.align	2
  48              	.L2:
  49 0010 00000000 		.word	cyBtldrRunType
  50              		.cfi_endproc
  51              	.LFE0:
  52              		.size	Bootloadable_Load, .-Bootloadable_Load
  53              		.section	.text.Bootloadable_SetFlashByte,"ax",%progbits
  54              		.align	1
  55              		.global	Bootloadable_SetFlashByte
  56              		.code	16
  57              		.thumb_func
  58              		.type	Bootloadable_SetFlashByte, %function
  59              	Bootloadable_SetFlashByte:
  60              	.LFB1:
  48:.\Generated_Source\PSoC4/Bootloadable.c **** 
  49:.\Generated_Source\PSoC4/Bootloadable.c **** #if (CYDEV_PROJ_TYPE == CYDEV_PROJ_TYPE_LOADABLEANDBOOTLOADER)
  50:.\Generated_Source\PSoC4/Bootloadable.c **** /*******************************************************************************
  51:.\Generated_Source\PSoC4/Bootloadable.c **** * Function Name: Bootloadable_GetActiveApplication
ARM GAS  C:\Users\Vitali\AppData\Local\Temp\cc2fSc7t.s 			page 3


  52:.\Generated_Source\PSoC4/Bootloadable.c **** ****************************************************************************//**
  53:.\Generated_Source\PSoC4/Bootloadable.c **** *
  54:.\Generated_Source\PSoC4/Bootloadable.c **** * \brief
  55:.\Generated_Source\PSoC4/Bootloadable.c **** *   Gets the application which will be loaded after a next reset event.
  56:.\Generated_Source\PSoC4/Bootloadable.c **** *   NOTE Intended for the combination project type ONLY!
  57:.\Generated_Source\PSoC4/Bootloadable.c **** *
  58:.\Generated_Source\PSoC4/Bootloadable.c **** * \return 
  59:.\Generated_Source\PSoC4/Bootloadable.c **** *  A number of the current active application set in the metadata section.
  60:.\Generated_Source\PSoC4/Bootloadable.c **** *  \n  0 - app#0 is set as active.
  61:.\Generated_Source\PSoC4/Bootloadable.c **** *  \n  1 - app#1 is set as active.
  62:.\Generated_Source\PSoC4/Bootloadable.c **** *
  63:.\Generated_Source\PSoC4/Bootloadable.c **** * \note If neither of the applications is set active, then the API returns 0x02.
  64:.\Generated_Source\PSoC4/Bootloadable.c **** *
  65:.\Generated_Source\PSoC4/Bootloadable.c **** *******************************************************************************/
  66:.\Generated_Source\PSoC4/Bootloadable.c **** uint8 Bootloadable_GetActiveApplication(void) CYSMALL \
  67:.\Generated_Source\PSoC4/Bootloadable.c ****                           
  68:.\Generated_Source\PSoC4/Bootloadable.c **** {   
  69:.\Generated_Source\PSoC4/Bootloadable.c ****     uint8 result = Bootloadable_MD_BTLDB_ACTIVE_NONE;
  70:.\Generated_Source\PSoC4/Bootloadable.c ****     
  71:.\Generated_Source\PSoC4/Bootloadable.c ****     if (0u != Bootloadable_GET_CODE_DATA( \
  72:.\Generated_Source\PSoC4/Bootloadable.c ****               Bootloadable_MD_BTLDB_ACTIVE_OFFSET(Bootloadable_MD_BTLDB_ACTIVE_0))) 
  73:.\Generated_Source\PSoC4/Bootloadable.c ****     {
  74:.\Generated_Source\PSoC4/Bootloadable.c ****         result = Bootloadable_MD_BTLDB_ACTIVE_0;
  75:.\Generated_Source\PSoC4/Bootloadable.c ****     }
  76:.\Generated_Source\PSoC4/Bootloadable.c ****     else if (0u != Bootloadable_GET_CODE_DATA( \
  77:.\Generated_Source\PSoC4/Bootloadable.c ****                    Bootloadable_MD_BTLDB_ACTIVE_OFFSET(Bootloadable_MD_BTLDB_ACTIVE_1)))
  78:.\Generated_Source\PSoC4/Bootloadable.c ****     {
  79:.\Generated_Source\PSoC4/Bootloadable.c ****         result = Bootloadable_MD_BTLDB_ACTIVE_1;    
  80:.\Generated_Source\PSoC4/Bootloadable.c ****     }
  81:.\Generated_Source\PSoC4/Bootloadable.c ****     else
  82:.\Generated_Source\PSoC4/Bootloadable.c ****     {
  83:.\Generated_Source\PSoC4/Bootloadable.c ****         /*Do nothing, result is none*/
  84:.\Generated_Source\PSoC4/Bootloadable.c ****     }
  85:.\Generated_Source\PSoC4/Bootloadable.c ****     
  86:.\Generated_Source\PSoC4/Bootloadable.c ****     return (result);
  87:.\Generated_Source\PSoC4/Bootloadable.c **** }
  88:.\Generated_Source\PSoC4/Bootloadable.c **** 
  89:.\Generated_Source\PSoC4/Bootloadable.c **** /*******************************************************************************
  90:.\Generated_Source\PSoC4/Bootloadable.c **** * Function Name: Bootloadable_SetActiveApplication
  91:.\Generated_Source\PSoC4/Bootloadable.c **** ****************************************************************************//**
  92:.\Generated_Source\PSoC4/Bootloadable.c **** *
  93:.\Generated_Source\PSoC4/Bootloadable.c **** * \brief 
  94:.\Generated_Source\PSoC4/Bootloadable.c **** *   Sets the application which will be loaded after a next reset event.          
  95:.\Generated_Source\PSoC4/Bootloadable.c **** *   
  96:.\Generated_Source\PSoC4/Bootloadable.c **** * \details
  97:.\Generated_Source\PSoC4/Bootloadable.c **** * Theory: 
  98:.\Generated_Source\PSoC4/Bootloadable.c **** *   This API sets in the Flash (metadata section) the given active application 
  99:.\Generated_Source\PSoC4/Bootloadable.c **** *   number.
 100:.\Generated_Source\PSoC4/Bootloadable.c **** *          
 101:.\Generated_Source\PSoC4/Bootloadable.c **** *   NOTE The active application number is not set directly, but the boolean 
 102:.\Generated_Source\PSoC4/Bootloadable.c **** *   mark instead means that the application is active or not for the relative 
 103:.\Generated_Source\PSoC4/Bootloadable.c **** *   metadata. Both metadata sections are updated. For example, if the second 
 104:.\Generated_Source\PSoC4/Bootloadable.c **** *   application is to be set active, then in the metadata section for the first 
 105:.\Generated_Source\PSoC4/Bootloadable.c **** *   application there will be a "0" written, which means that it is not active, and 
 106:.\Generated_Source\PSoC4/Bootloadable.c **** *   for the second metadata section there will be a "1" written, which means that it is 
 107:.\Generated_Source\PSoC4/Bootloadable.c **** *   active. 
 108:.\Generated_Source\PSoC4/Bootloadable.c **** *
ARM GAS  C:\Users\Vitali\AppData\Local\Temp\cc2fSc7t.s 			page 4


 109:.\Generated_Source\PSoC4/Bootloadable.c **** *   NOTE Intended for the combination project type ONLY!
 110:.\Generated_Source\PSoC4/Bootloadable.c **** *
 111:.\Generated_Source\PSoC4/Bootloadable.c **** * \param appId  
 112:.\Generated_Source\PSoC4/Bootloadable.c **** *   The active application number to be written to flash (metadata section) 
 113:.\Generated_Source\PSoC4/Bootloadable.c **** *   NOTE Possible values are:
 114:.\Generated_Source\PSoC4/Bootloadable.c **** *   0 - for the first application
 115:.\Generated_Source\PSoC4/Bootloadable.c **** *   1 - for the second application.
 116:.\Generated_Source\PSoC4/Bootloadable.c **** *   Any other number is considered invalid. 
 117:.\Generated_Source\PSoC4/Bootloadable.c **** *
 118:.\Generated_Source\PSoC4/Bootloadable.c **** * \return 
 119:.\Generated_Source\PSoC4/Bootloadable.c **** *   A status of writing to flash operation.
 120:.\Generated_Source\PSoC4/Bootloadable.c **** *   \n CYRET_SUCCESS - Returned if appId was successfully changed. 
 121:.\Generated_Source\PSoC4/Bootloadable.c **** *   \n CYRET_BAD_PARAM - Returned if the parameter appID passed to the function has the 
 122:.\Generated_Source\PSoC4/Bootloadable.c **** *                       same value as the active application ID. 
 123:.\Generated_Source\PSoC4/Bootloadable.c **** *   \note - The other non-zero value is considered as a failure during writing to flash.  
 124:.\Generated_Source\PSoC4/Bootloadable.c **** *
 125:.\Generated_Source\PSoC4/Bootloadable.c **** *   \note - This API does not update Bootloader_activeApp variable.
 126:.\Generated_Source\PSoC4/Bootloadable.c **** *
 127:.\Generated_Source\PSoC4/Bootloadable.c **** *******************************************************************************/
 128:.\Generated_Source\PSoC4/Bootloadable.c **** cystatus Bootloadable_SetActiveApplication(uint8 appId) CYSMALL \
 129:.\Generated_Source\PSoC4/Bootloadable.c ****                 
 130:.\Generated_Source\PSoC4/Bootloadable.c **** {
 131:.\Generated_Source\PSoC4/Bootloadable.c ****     cystatus result = CYRET_SUCCESS;
 132:.\Generated_Source\PSoC4/Bootloadable.c **** 
 133:.\Generated_Source\PSoC4/Bootloadable.c ****     uint8 CYDATA idx;
 134:.\Generated_Source\PSoC4/Bootloadable.c ****     
 135:.\Generated_Source\PSoC4/Bootloadable.c ****     /* If invalid application number */
 136:.\Generated_Source\PSoC4/Bootloadable.c ****     if (appId > Bootloadable_MD_BTLDB_ACTIVE_1)
 137:.\Generated_Source\PSoC4/Bootloadable.c ****     {
 138:.\Generated_Source\PSoC4/Bootloadable.c ****         result = CYRET_BAD_PARAM;
 139:.\Generated_Source\PSoC4/Bootloadable.c ****     }
 140:.\Generated_Source\PSoC4/Bootloadable.c ****     else
 141:.\Generated_Source\PSoC4/Bootloadable.c ****     {
 142:.\Generated_Source\PSoC4/Bootloadable.c ****         /* If appID has same value as active application ID */
 143:.\Generated_Source\PSoC4/Bootloadable.c ****         if (1u == Bootloadable_GET_CODE_DATA(Bootloadable_MD_BTLDB_ACTIVE_OFFSET(appId)))
 144:.\Generated_Source\PSoC4/Bootloadable.c ****         {
 145:.\Generated_Source\PSoC4/Bootloadable.c ****             result = CYRET_BAD_PARAM;
 146:.\Generated_Source\PSoC4/Bootloadable.c ****         }
 147:.\Generated_Source\PSoC4/Bootloadable.c ****         else
 148:.\Generated_Source\PSoC4/Bootloadable.c ****         {
 149:.\Generated_Source\PSoC4/Bootloadable.c ****             /* Updating metadata section */
 150:.\Generated_Source\PSoC4/Bootloadable.c ****             for(idx = 0u; idx < Bootloadable_MAX_NUM_OF_BTLDB; idx++)
 151:.\Generated_Source\PSoC4/Bootloadable.c ****             {
 152:.\Generated_Source\PSoC4/Bootloadable.c ****                 result |= Bootloadable_WriteFlashByte((uint32) Bootloadable_MD_BTLDB_ACTIVE_OFFSET(
 153:.\Generated_Source\PSoC4/Bootloadable.c ****                                                                                             (uint8)
 154:.\Generated_Source\PSoC4/Bootloadable.c ****             }
 155:.\Generated_Source\PSoC4/Bootloadable.c ****         }
 156:.\Generated_Source\PSoC4/Bootloadable.c ****     }
 157:.\Generated_Source\PSoC4/Bootloadable.c ****     
 158:.\Generated_Source\PSoC4/Bootloadable.c ****     return (result);
 159:.\Generated_Source\PSoC4/Bootloadable.c **** }
 160:.\Generated_Source\PSoC4/Bootloadable.c **** 
 161:.\Generated_Source\PSoC4/Bootloadable.c **** /*******************************************************************************
 162:.\Generated_Source\PSoC4/Bootloadable.c **** * Function Name: Bootloadable_WriteFlashByte
 163:.\Generated_Source\PSoC4/Bootloadable.c **** ****************************************************************************//**
 164:.\Generated_Source\PSoC4/Bootloadable.c **** *
 165:.\Generated_Source\PSoC4/Bootloadable.c **** * \brief 
ARM GAS  C:\Users\Vitali\AppData\Local\Temp\cc2fSc7t.s 			page 5


 166:.\Generated_Source\PSoC4/Bootloadable.c **** *   This API writes to flash the specified data.
 167:.\Generated_Source\PSoC4/Bootloadable.c **** *
 168:.\Generated_Source\PSoC4/Bootloadable.c **** * \param address 
 169:.\Generated_Source\PSoC4/Bootloadable.c **** *   The address in flash.
 170:.\Generated_Source\PSoC4/Bootloadable.c **** *
 171:.\Generated_Source\PSoC4/Bootloadable.c **** * \param inputValue 
 172:.\Generated_Source\PSoC4/Bootloadable.c **** *   One-byte data.
 173:.\Generated_Source\PSoC4/Bootloadable.c **** *
 174:.\Generated_Source\PSoC4/Bootloadable.c **** * \return 
 175:.\Generated_Source\PSoC4/Bootloadable.c **** *   A status of the writing to flash procedure.
 176:.\Generated_Source\PSoC4/Bootloadable.c **** *
 177:.\Generated_Source\PSoC4/Bootloadable.c **** *******************************************************************************/
 178:.\Generated_Source\PSoC4/Bootloadable.c **** static cystatus Bootloadable_WriteFlashByte(const uint32 address, const uint8 inputValue) CYLARGE \
 179:.\Generated_Source\PSoC4/Bootloadable.c ****                                
 180:.\Generated_Source\PSoC4/Bootloadable.c **** {
 181:.\Generated_Source\PSoC4/Bootloadable.c ****     cystatus result = CYRET_SUCCESS;
 182:.\Generated_Source\PSoC4/Bootloadable.c ****     uint32 flsAddr = address - CYDEV_FLASH_BASE;
 183:.\Generated_Source\PSoC4/Bootloadable.c ****     uint8  rowData[CYDEV_FLS_ROW_SIZE];
 184:.\Generated_Source\PSoC4/Bootloadable.c **** 
 185:.\Generated_Source\PSoC4/Bootloadable.c ****     #if !(CY_PSOC4)
 186:.\Generated_Source\PSoC4/Bootloadable.c ****         uint8 arrayId = ( uint8 )(flsAddr / CYDEV_FLS_SECTOR_SIZE);
 187:.\Generated_Source\PSoC4/Bootloadable.c ****     #endif  /* !(CY_PSOC4) */
 188:.\Generated_Source\PSoC4/Bootloadable.c **** 
 189:.\Generated_Source\PSoC4/Bootloadable.c ****     #if (CY_PSOC4)
 190:.\Generated_Source\PSoC4/Bootloadable.c ****         uint16 rowNum = ( uint16 )(flsAddr / CYDEV_FLS_ROW_SIZE);
 191:.\Generated_Source\PSoC4/Bootloadable.c ****     #else
 192:.\Generated_Source\PSoC4/Bootloadable.c ****         uint16 rowNum = ( uint16 )((flsAddr % CYDEV_FLS_SECTOR_SIZE) / CYDEV_FLS_ROW_SIZE);
 193:.\Generated_Source\PSoC4/Bootloadable.c ****     #endif  /* (CY_PSOC4) */
 194:.\Generated_Source\PSoC4/Bootloadable.c **** 
 195:.\Generated_Source\PSoC4/Bootloadable.c ****     uint32 baseAddr = address - (address % CYDEV_FLS_ROW_SIZE);
 196:.\Generated_Source\PSoC4/Bootloadable.c ****     uint16 idx;
 197:.\Generated_Source\PSoC4/Bootloadable.c **** 
 198:.\Generated_Source\PSoC4/Bootloadable.c ****     for(idx = 0u; idx < CYDEV_FLS_ROW_SIZE; idx++)
 199:.\Generated_Source\PSoC4/Bootloadable.c ****     {
 200:.\Generated_Source\PSoC4/Bootloadable.c ****         rowData[idx] = (uint8)Bootloadable_GET_CODE_DATA(baseAddr + idx);
 201:.\Generated_Source\PSoC4/Bootloadable.c ****     }
 202:.\Generated_Source\PSoC4/Bootloadable.c **** 
 203:.\Generated_Source\PSoC4/Bootloadable.c ****     rowData[address % CYDEV_FLS_ROW_SIZE] = inputValue;
 204:.\Generated_Source\PSoC4/Bootloadable.c **** 
 205:.\Generated_Source\PSoC4/Bootloadable.c ****     #if(CY_PSOC4)
 206:.\Generated_Source\PSoC4/Bootloadable.c ****         result = CySysFlashWriteRow((uint32) rowNum, rowData);
 207:.\Generated_Source\PSoC4/Bootloadable.c ****     #else
 208:.\Generated_Source\PSoC4/Bootloadable.c ****         result = CyWriteRowData(arrayId, rowNum, rowData);
 209:.\Generated_Source\PSoC4/Bootloadable.c ****     #endif  /* (CY_PSOC4) */
 210:.\Generated_Source\PSoC4/Bootloadable.c **** 
 211:.\Generated_Source\PSoC4/Bootloadable.c ****     #if(CY_PSOC5)
 212:.\Generated_Source\PSoC4/Bootloadable.c ****         /***************************************************************************
 213:.\Generated_Source\PSoC4/Bootloadable.c ****         * When writing to flash, data in the instruction cache can become stale.
 214:.\Generated_Source\PSoC4/Bootloadable.c ****         * Therefore, the cache data does not correlate to the data just written to
 215:.\Generated_Source\PSoC4/Bootloadable.c ****         * flash. A call to CyFlushCache() is required to invalidate the data in the
 216:.\Generated_Source\PSoC4/Bootloadable.c ****         * cache and force fresh information to be loaded from flash.
 217:.\Generated_Source\PSoC4/Bootloadable.c ****         ***************************************************************************/
 218:.\Generated_Source\PSoC4/Bootloadable.c ****         CyFlushCache();
 219:.\Generated_Source\PSoC4/Bootloadable.c ****     #endif /* (CY_PSOC5) */
 220:.\Generated_Source\PSoC4/Bootloadable.c ****     return (result);
 221:.\Generated_Source\PSoC4/Bootloadable.c **** }
 222:.\Generated_Source\PSoC4/Bootloadable.c **** #endif /*(CYDEV_PROJ_TYPE == CYDEV_PROJ_TYPE_LOADABLEANDBOOTLOADER)*/
ARM GAS  C:\Users\Vitali\AppData\Local\Temp\cc2fSc7t.s 			page 6


 223:.\Generated_Source\PSoC4/Bootloadable.c **** /** @} functions_group */
 224:.\Generated_Source\PSoC4/Bootloadable.c **** 
 225:.\Generated_Source\PSoC4/Bootloadable.c **** /*******************************************************************************
 226:.\Generated_Source\PSoC4/Bootloadable.c **** * The following code is OBSOLETE and must not be used.
 227:.\Generated_Source\PSoC4/Bootloadable.c **** *******************************************************************************/
 228:.\Generated_Source\PSoC4/Bootloadable.c **** void Bootloadable_SetFlashByte(uint32 address, uint8 runType) 
 229:.\Generated_Source\PSoC4/Bootloadable.c **** {
  61              		.loc 1 229 0
  62              		.cfi_startproc
  63              	.LVL1:
  64 0000 F0B5     		push	{r4, r5, r6, r7, lr}
  65              		.cfi_def_cfa_offset 20
  66              		.cfi_offset 4, -20
  67              		.cfi_offset 5, -16
  68              		.cfi_offset 6, -12
  69              		.cfi_offset 7, -8
  70              		.cfi_offset 14, -4
 230:.\Generated_Source\PSoC4/Bootloadable.c ****     uint32 flsAddr = address - CYDEV_FLASH_BASE;
 231:.\Generated_Source\PSoC4/Bootloadable.c ****     uint8  rowData[CYDEV_FLS_ROW_SIZE];
 232:.\Generated_Source\PSoC4/Bootloadable.c **** 
 233:.\Generated_Source\PSoC4/Bootloadable.c ****     #if !(CY_PSOC4)
 234:.\Generated_Source\PSoC4/Bootloadable.c ****         uint8 arrayId = ( uint8 )(flsAddr / CYDEV_FLS_SECTOR_SIZE);
 235:.\Generated_Source\PSoC4/Bootloadable.c ****     #endif  /* !(CY_PSOC4) */
 236:.\Generated_Source\PSoC4/Bootloadable.c **** 
 237:.\Generated_Source\PSoC4/Bootloadable.c ****     #if (CY_PSOC4)
 238:.\Generated_Source\PSoC4/Bootloadable.c ****         uint16 rowNum = ( uint16 )(flsAddr / CYDEV_FLS_ROW_SIZE);
 239:.\Generated_Source\PSoC4/Bootloadable.c ****     #else
 240:.\Generated_Source\PSoC4/Bootloadable.c ****         uint16 rowNum = ( uint16 )((flsAddr % CYDEV_FLS_SECTOR_SIZE) / CYDEV_FLS_ROW_SIZE);
 241:.\Generated_Source\PSoC4/Bootloadable.c ****     #endif  /* (CY_PSOC4) */
 242:.\Generated_Source\PSoC4/Bootloadable.c **** 
 243:.\Generated_Source\PSoC4/Bootloadable.c ****     uint32 baseAddr = address - (address % CYDEV_FLS_ROW_SIZE);
  71              		.loc 1 243 0
  72 0002 7F23     		mov	r3, #127
  73 0004 051C     		mov	r5, r0
  74 0006 9D43     		bic	r5, r3
  75 0008 2E1C     		mov	r6, r5
  76 000a 2B1C     		mov	r3, r5
 229:.\Generated_Source\PSoC4/Bootloadable.c ****     uint32 flsAddr = address - CYDEV_FLASH_BASE;
  77              		.loc 1 229 0
  78 000c A3B0     		sub	sp, sp, #140
  79              		.cfi_def_cfa_offset 160
 229:.\Generated_Source\PSoC4/Bootloadable.c ****     uint32 flsAddr = address - CYDEV_FLASH_BASE;
  80              		.loc 1 229 0
  81 000e 0191     		str	r1, [sp, #4]
 238:.\Generated_Source\PSoC4/Bootloadable.c ****     #else
  82              		.loc 1 238 0
  83 0010 C409     		lsr	r4, r0, #7
  84              	.LVL2:
  85 0012 8036     		add	r6, r6, #128
  86              	.LVL3:
  87              	.L5:
 244:.\Generated_Source\PSoC4/Bootloadable.c ****     uint16 idx;
 245:.\Generated_Source\PSoC4/Bootloadable.c **** 
 246:.\Generated_Source\PSoC4/Bootloadable.c **** 
 247:.\Generated_Source\PSoC4/Bootloadable.c ****     for (idx = 0u; idx < CYDEV_FLS_ROW_SIZE; idx++)
 248:.\Generated_Source\PSoC4/Bootloadable.c ****     {
 249:.\Generated_Source\PSoC4/Bootloadable.c ****         rowData[idx] = Bootloadable_GET_CODE_DATA(baseAddr + idx);
ARM GAS  C:\Users\Vitali\AppData\Local\Temp\cc2fSc7t.s 			page 7


  88              		.loc 1 249 0 discriminator 3
  89 0014 1A78     		ldrb	r2, [r3]
  90 0016 9446     		mov	ip, r2
  91 0018 6146     		mov	r1, ip
  92 001a 02AA     		add	r2, sp, #8
  93 001c 571B     		sub	r7, r2, r5
  94 001e F954     		strb	r1, [r7, r3]
  95              	.LVL4:
  96 0020 0133     		add	r3, r3, #1
  97              	.LVL5:
 247:.\Generated_Source\PSoC4/Bootloadable.c ****     {
  98              		.loc 1 247 0 discriminator 3
  99 0022 B342     		cmp	r3, r6
 100 0024 F6D1     		bne	.L5
 250:.\Generated_Source\PSoC4/Bootloadable.c ****     }
 251:.\Generated_Source\PSoC4/Bootloadable.c ****     rowData[address % CYDEV_FLS_ROW_SIZE] = runType;
 101              		.loc 1 251 0
 102 0026 7F23     		mov	r3, #127
 103 0028 1840     		and	r0, r3
 104              	.LVL6:
 105 002a 6B46     		mov	r3, sp
 106 002c 1B79     		ldrb	r3, [r3, #4]
 252:.\Generated_Source\PSoC4/Bootloadable.c **** 
 253:.\Generated_Source\PSoC4/Bootloadable.c ****     #if(CY_PSOC4)
 254:.\Generated_Source\PSoC4/Bootloadable.c ****         (void) CySysFlashWriteRow((uint32) rowNum, rowData);
 107              		.loc 1 254 0
 108 002e 111C     		mov	r1, r2
 251:.\Generated_Source\PSoC4/Bootloadable.c **** 
 109              		.loc 1 251 0
 110 0030 1354     		strb	r3, [r2, r0]
 111              		.loc 1 254 0
 112 0032 A0B2     		uxth	r0, r4
 113 0034 FFF7FEFF 		bl	CySysFlashWriteRow
 114              	.LVL7:
 255:.\Generated_Source\PSoC4/Bootloadable.c ****     #else
 256:.\Generated_Source\PSoC4/Bootloadable.c ****         (void) CyWriteRowData(arrayId, rowNum, rowData);
 257:.\Generated_Source\PSoC4/Bootloadable.c ****     #endif  /* (CY_PSOC4) */
 258:.\Generated_Source\PSoC4/Bootloadable.c **** 
 259:.\Generated_Source\PSoC4/Bootloadable.c ****     #if(CY_PSOC5)
 260:.\Generated_Source\PSoC4/Bootloadable.c ****         /***************************************************************************
 261:.\Generated_Source\PSoC4/Bootloadable.c ****         * When writing to flash, data in the instruction cache can become obsolete.
 262:.\Generated_Source\PSoC4/Bootloadable.c ****         * Therefore, the cache data does not correlate to the data just written to
 263:.\Generated_Source\PSoC4/Bootloadable.c ****         * flash. A call to CyFlushCache() is required to invalidate the data in the
 264:.\Generated_Source\PSoC4/Bootloadable.c ****         * cache and force fresh information to be loaded from flash.
 265:.\Generated_Source\PSoC4/Bootloadable.c ****         ***************************************************************************/
 266:.\Generated_Source\PSoC4/Bootloadable.c ****         CyFlushCache();
 267:.\Generated_Source\PSoC4/Bootloadable.c ****     #endif /* (CY_PSOC5) */
 268:.\Generated_Source\PSoC4/Bootloadable.c **** }
 115              		.loc 1 268 0
 116 0038 23B0     		add	sp, sp, #140
 117              		@ sp needed
 118              	.LVL8:
 119              	.LVL9:
 120              	.LVL10:
 121 003a F0BD     		pop	{r4, r5, r6, r7, pc}
 122              		.cfi_endproc
 123              	.LFE1:
ARM GAS  C:\Users\Vitali\AppData\Local\Temp\cc2fSc7t.s 			page 8


 124              		.size	Bootloadable_SetFlashByte, .-Bootloadable_SetFlashByte
 125              		.text
 126              	.Letext0:
 127              		.file 2 ".\\Generated_Source\\PSoC4\\cytypes.h"
 128              		.file 3 ".\\Generated_Source\\PSoC4\\Bootloadable.h"
 129              		.file 4 ".\\Generated_Source\\PSoC4\\CyLib.h"
 130              		.file 5 ".\\Generated_Source\\PSoC4\\CyFlash.h"
 131              		.section	.debug_info,"",%progbits
 132              	.Ldebug_info0:
 133 0000 AA010000 		.4byte	0x1aa
 134 0004 0400     		.2byte	0x4
 135 0006 00000000 		.4byte	.Ldebug_abbrev0
 136 000a 04       		.byte	0x4
 137 000b 01       		.uleb128 0x1
 138 000c 00000000 		.4byte	.LASF24
 139 0010 01       		.byte	0x1
 140 0011 DC000000 		.4byte	.LASF25
 141 0015 7A010000 		.4byte	.LASF26
 142 0019 00000000 		.4byte	.Ldebug_ranges0+0
 143 001d 00000000 		.4byte	0
 144 0021 00000000 		.4byte	.Ldebug_line0
 145 0025 02       		.uleb128 0x2
 146 0026 01       		.byte	0x1
 147 0027 06       		.byte	0x6
 148 0028 34020000 		.4byte	.LASF0
 149 002c 02       		.uleb128 0x2
 150 002d 01       		.byte	0x1
 151 002e 08       		.byte	0x8
 152 002f AE000000 		.4byte	.LASF1
 153 0033 02       		.uleb128 0x2
 154 0034 02       		.byte	0x2
 155 0035 05       		.byte	0x5
 156 0036 11020000 		.4byte	.LASF2
 157 003a 02       		.uleb128 0x2
 158 003b 02       		.byte	0x2
 159 003c 07       		.byte	0x7
 160 003d 95000000 		.4byte	.LASF3
 161 0041 02       		.uleb128 0x2
 162 0042 04       		.byte	0x4
 163 0043 05       		.byte	0x5
 164 0044 2B020000 		.4byte	.LASF4
 165 0048 02       		.uleb128 0x2
 166 0049 04       		.byte	0x4
 167 004a 07       		.byte	0x7
 168 004b C4000000 		.4byte	.LASF5
 169 004f 02       		.uleb128 0x2
 170 0050 08       		.byte	0x8
 171 0051 05       		.byte	0x5
 172 0052 E4010000 		.4byte	.LASF6
 173 0056 02       		.uleb128 0x2
 174 0057 08       		.byte	0x8
 175 0058 07       		.byte	0x7
 176 0059 5B010000 		.4byte	.LASF7
 177 005d 03       		.uleb128 0x3
 178 005e 04       		.byte	0x4
 179 005f 05       		.byte	0x5
 180 0060 696E7400 		.ascii	"int\000"
ARM GAS  C:\Users\Vitali\AppData\Local\Temp\cc2fSc7t.s 			page 9


 181 0064 02       		.uleb128 0x2
 182 0065 04       		.byte	0x4
 183 0066 07       		.byte	0x7
 184 0067 46010000 		.4byte	.LASF8
 185 006b 04       		.uleb128 0x4
 186 006c D6000000 		.4byte	.LASF9
 187 0070 02       		.byte	0x2
 188 0071 C2       		.byte	0xc2
 189 0072 2C000000 		.4byte	0x2c
 190 0076 04       		.uleb128 0x4
 191 0077 38010000 		.4byte	.LASF10
 192 007b 02       		.byte	0x2
 193 007c C3       		.byte	0xc3
 194 007d 3A000000 		.4byte	0x3a
 195 0081 04       		.uleb128 0x4
 196 0082 3F010000 		.4byte	.LASF11
 197 0086 02       		.byte	0x2
 198 0087 C4       		.byte	0xc4
 199 0088 48000000 		.4byte	0x48
 200 008c 02       		.uleb128 0x2
 201 008d 04       		.byte	0x4
 202 008e 04       		.byte	0x4
 203 008f A8000000 		.4byte	.LASF12
 204 0093 02       		.uleb128 0x2
 205 0094 08       		.byte	0x8
 206 0095 04       		.byte	0x4
 207 0096 16010000 		.4byte	.LASF13
 208 009a 02       		.uleb128 0x2
 209 009b 01       		.byte	0x1
 210 009c 08       		.byte	0x8
 211 009d F2010000 		.4byte	.LASF14
 212 00a1 05       		.uleb128 0x5
 213 00a2 81000000 		.4byte	0x81
 214 00a6 02       		.uleb128 0x2
 215 00a7 04       		.byte	0x4
 216 00a8 07       		.byte	0x7
 217 00a9 DB010000 		.4byte	.LASF15
 218 00ad 06       		.uleb128 0x6
 219 00ae 04010000 		.4byte	.LASF16
 220 00b2 01       		.byte	0x1
 221 00b3 29       		.byte	0x29
 222 00b4 00000000 		.4byte	.LFB0
 223 00b8 14000000 		.4byte	.LFE0-.LFB0
 224 00bc 01       		.uleb128 0x1
 225 00bd 9C       		.byte	0x9c
 226 00be CC000000 		.4byte	0xcc
 227 00c2 07       		.uleb128 0x7
 228 00c3 0C000000 		.4byte	.LVL0
 229 00c7 81010000 		.4byte	0x181
 230 00cb 00       		.byte	0
 231 00cc 06       		.uleb128 0x6
 232 00cd F7010000 		.4byte	.LASF17
 233 00d1 01       		.byte	0x1
 234 00d2 E4       		.byte	0xe4
 235 00d3 00000000 		.4byte	.LFB1
 236 00d7 3C000000 		.4byte	.LFE1-.LFB1
 237 00db 01       		.uleb128 0x1
ARM GAS  C:\Users\Vitali\AppData\Local\Temp\cc2fSc7t.s 			page 10


 238 00dc 9C       		.byte	0x9c
 239 00dd 66010000 		.4byte	0x166
 240 00e1 08       		.uleb128 0x8
 241 00e2 53010000 		.4byte	.LASF18
 242 00e6 01       		.byte	0x1
 243 00e7 E4       		.byte	0xe4
 244 00e8 81000000 		.4byte	0x81
 245 00ec 00000000 		.4byte	.LLST0
 246 00f0 08       		.uleb128 0x8
 247 00f1 72010000 		.4byte	.LASF19
 248 00f5 01       		.byte	0x1
 249 00f6 E4       		.byte	0xe4
 250 00f7 6B000000 		.4byte	0x6b
 251 00fb 21000000 		.4byte	.LLST1
 252 00ff 09       		.uleb128 0x9
 253 0100 30010000 		.4byte	.LASF20
 254 0104 01       		.byte	0x1
 255 0105 E6       		.byte	0xe6
 256 0106 81000000 		.4byte	0x81
 257 010a 00000000 		.4byte	.LLST0
 258 010e 0A       		.uleb128 0xa
 259 010f BC000000 		.4byte	.LASF21
 260 0113 01       		.byte	0x1
 261 0114 E7       		.byte	0xe7
 262 0115 66010000 		.4byte	0x166
 263 0119 03       		.uleb128 0x3
 264 011a 91       		.byte	0x91
 265 011b E87E     		.sleb128 -152
 266 011d 09       		.uleb128 0x9
 267 011e 8E000000 		.4byte	.LASF22
 268 0122 01       		.byte	0x1
 269 0123 EE       		.byte	0xee
 270 0124 76000000 		.4byte	0x76
 271 0128 42000000 		.4byte	.LLST3
 272 012c 09       		.uleb128 0x9
 273 012d D2010000 		.4byte	.LASF23
 274 0131 01       		.byte	0x1
 275 0132 F3       		.byte	0xf3
 276 0133 81000000 		.4byte	0x81
 277 0137 65000000 		.4byte	.LLST4
 278 013b 0B       		.uleb128 0xb
 279 013c 69647800 		.ascii	"idx\000"
 280 0140 01       		.byte	0x1
 281 0141 F4       		.byte	0xf4
 282 0142 76000000 		.4byte	0x76
 283 0146 A2000000 		.4byte	.LLST5
 284 014a 0C       		.uleb128 0xc
 285 014b 38000000 		.4byte	.LVL7
 286 014f 88010000 		.4byte	0x188
 287 0153 0D       		.uleb128 0xd
 288 0154 01       		.uleb128 0x1
 289 0155 51       		.byte	0x51
 290 0156 03       		.uleb128 0x3
 291 0157 91       		.byte	0x91
 292 0158 E87E     		.sleb128 -152
 293 015a 0D       		.uleb128 0xd
 294 015b 01       		.uleb128 0x1
ARM GAS  C:\Users\Vitali\AppData\Local\Temp\cc2fSc7t.s 			page 11


 295 015c 50       		.byte	0x50
 296 015d 06       		.uleb128 0x6
 297 015e 74       		.byte	0x74
 298 015f 00       		.sleb128 0
 299 0160 0A       		.byte	0xa
 300 0161 FFFF     		.2byte	0xffff
 301 0163 1A       		.byte	0x1a
 302 0164 00       		.byte	0
 303 0165 00       		.byte	0
 304 0166 0E       		.uleb128 0xe
 305 0167 6B000000 		.4byte	0x6b
 306 016b 76010000 		.4byte	0x176
 307 016f 0F       		.uleb128 0xf
 308 0170 A6000000 		.4byte	0xa6
 309 0174 7F       		.byte	0x7f
 310 0175 00       		.byte	0
 311 0176 10       		.uleb128 0x10
 312 0177 40020000 		.4byte	.LASF27
 313 017b 03       		.byte	0x3
 314 017c 38       		.byte	0x38
 315 017d A1000000 		.4byte	0xa1
 316 0181 11       		.uleb128 0x11
 317 0182 1B020000 		.4byte	.LASF28
 318 0186 04       		.byte	0x4
 319 0187 5D       		.byte	0x5d
 320 0188 12       		.uleb128 0x12
 321 0189 1D010000 		.4byte	.LASF29
 322 018d 05       		.byte	0x5
 323 018e 1C       		.byte	0x1c
 324 018f 81000000 		.4byte	0x81
 325 0193 A2010000 		.4byte	0x1a2
 326 0197 13       		.uleb128 0x13
 327 0198 81000000 		.4byte	0x81
 328 019c 13       		.uleb128 0x13
 329 019d A2010000 		.4byte	0x1a2
 330 01a1 00       		.byte	0
 331 01a2 14       		.uleb128 0x14
 332 01a3 04       		.byte	0x4
 333 01a4 A8010000 		.4byte	0x1a8
 334 01a8 15       		.uleb128 0x15
 335 01a9 6B000000 		.4byte	0x6b
 336 01ad 00       		.byte	0
 337              		.section	.debug_abbrev,"",%progbits
 338              	.Ldebug_abbrev0:
 339 0000 01       		.uleb128 0x1
 340 0001 11       		.uleb128 0x11
 341 0002 01       		.byte	0x1
 342 0003 25       		.uleb128 0x25
 343 0004 0E       		.uleb128 0xe
 344 0005 13       		.uleb128 0x13
 345 0006 0B       		.uleb128 0xb
 346 0007 03       		.uleb128 0x3
 347 0008 0E       		.uleb128 0xe
 348 0009 1B       		.uleb128 0x1b
 349 000a 0E       		.uleb128 0xe
 350 000b 55       		.uleb128 0x55
 351 000c 17       		.uleb128 0x17
ARM GAS  C:\Users\Vitali\AppData\Local\Temp\cc2fSc7t.s 			page 12


 352 000d 11       		.uleb128 0x11
 353 000e 01       		.uleb128 0x1
 354 000f 10       		.uleb128 0x10
 355 0010 17       		.uleb128 0x17
 356 0011 00       		.byte	0
 357 0012 00       		.byte	0
 358 0013 02       		.uleb128 0x2
 359 0014 24       		.uleb128 0x24
 360 0015 00       		.byte	0
 361 0016 0B       		.uleb128 0xb
 362 0017 0B       		.uleb128 0xb
 363 0018 3E       		.uleb128 0x3e
 364 0019 0B       		.uleb128 0xb
 365 001a 03       		.uleb128 0x3
 366 001b 0E       		.uleb128 0xe
 367 001c 00       		.byte	0
 368 001d 00       		.byte	0
 369 001e 03       		.uleb128 0x3
 370 001f 24       		.uleb128 0x24
 371 0020 00       		.byte	0
 372 0021 0B       		.uleb128 0xb
 373 0022 0B       		.uleb128 0xb
 374 0023 3E       		.uleb128 0x3e
 375 0024 0B       		.uleb128 0xb
 376 0025 03       		.uleb128 0x3
 377 0026 08       		.uleb128 0x8
 378 0027 00       		.byte	0
 379 0028 00       		.byte	0
 380 0029 04       		.uleb128 0x4
 381 002a 16       		.uleb128 0x16
 382 002b 00       		.byte	0
 383 002c 03       		.uleb128 0x3
 384 002d 0E       		.uleb128 0xe
 385 002e 3A       		.uleb128 0x3a
 386 002f 0B       		.uleb128 0xb
 387 0030 3B       		.uleb128 0x3b
 388 0031 0B       		.uleb128 0xb
 389 0032 49       		.uleb128 0x49
 390 0033 13       		.uleb128 0x13
 391 0034 00       		.byte	0
 392 0035 00       		.byte	0
 393 0036 05       		.uleb128 0x5
 394 0037 35       		.uleb128 0x35
 395 0038 00       		.byte	0
 396 0039 49       		.uleb128 0x49
 397 003a 13       		.uleb128 0x13
 398 003b 00       		.byte	0
 399 003c 00       		.byte	0
 400 003d 06       		.uleb128 0x6
 401 003e 2E       		.uleb128 0x2e
 402 003f 01       		.byte	0x1
 403 0040 3F       		.uleb128 0x3f
 404 0041 19       		.uleb128 0x19
 405 0042 03       		.uleb128 0x3
 406 0043 0E       		.uleb128 0xe
 407 0044 3A       		.uleb128 0x3a
 408 0045 0B       		.uleb128 0xb
ARM GAS  C:\Users\Vitali\AppData\Local\Temp\cc2fSc7t.s 			page 13


 409 0046 3B       		.uleb128 0x3b
 410 0047 0B       		.uleb128 0xb
 411 0048 27       		.uleb128 0x27
 412 0049 19       		.uleb128 0x19
 413 004a 11       		.uleb128 0x11
 414 004b 01       		.uleb128 0x1
 415 004c 12       		.uleb128 0x12
 416 004d 06       		.uleb128 0x6
 417 004e 40       		.uleb128 0x40
 418 004f 18       		.uleb128 0x18
 419 0050 9742     		.uleb128 0x2117
 420 0052 19       		.uleb128 0x19
 421 0053 01       		.uleb128 0x1
 422 0054 13       		.uleb128 0x13
 423 0055 00       		.byte	0
 424 0056 00       		.byte	0
 425 0057 07       		.uleb128 0x7
 426 0058 898201   		.uleb128 0x4109
 427 005b 00       		.byte	0
 428 005c 11       		.uleb128 0x11
 429 005d 01       		.uleb128 0x1
 430 005e 31       		.uleb128 0x31
 431 005f 13       		.uleb128 0x13
 432 0060 00       		.byte	0
 433 0061 00       		.byte	0
 434 0062 08       		.uleb128 0x8
 435 0063 05       		.uleb128 0x5
 436 0064 00       		.byte	0
 437 0065 03       		.uleb128 0x3
 438 0066 0E       		.uleb128 0xe
 439 0067 3A       		.uleb128 0x3a
 440 0068 0B       		.uleb128 0xb
 441 0069 3B       		.uleb128 0x3b
 442 006a 0B       		.uleb128 0xb
 443 006b 49       		.uleb128 0x49
 444 006c 13       		.uleb128 0x13
 445 006d 02       		.uleb128 0x2
 446 006e 17       		.uleb128 0x17
 447 006f 00       		.byte	0
 448 0070 00       		.byte	0
 449 0071 09       		.uleb128 0x9
 450 0072 34       		.uleb128 0x34
 451 0073 00       		.byte	0
 452 0074 03       		.uleb128 0x3
 453 0075 0E       		.uleb128 0xe
 454 0076 3A       		.uleb128 0x3a
 455 0077 0B       		.uleb128 0xb
 456 0078 3B       		.uleb128 0x3b
 457 0079 0B       		.uleb128 0xb
 458 007a 49       		.uleb128 0x49
 459 007b 13       		.uleb128 0x13
 460 007c 02       		.uleb128 0x2
 461 007d 17       		.uleb128 0x17
 462 007e 00       		.byte	0
 463 007f 00       		.byte	0
 464 0080 0A       		.uleb128 0xa
 465 0081 34       		.uleb128 0x34
ARM GAS  C:\Users\Vitali\AppData\Local\Temp\cc2fSc7t.s 			page 14


 466 0082 00       		.byte	0
 467 0083 03       		.uleb128 0x3
 468 0084 0E       		.uleb128 0xe
 469 0085 3A       		.uleb128 0x3a
 470 0086 0B       		.uleb128 0xb
 471 0087 3B       		.uleb128 0x3b
 472 0088 0B       		.uleb128 0xb
 473 0089 49       		.uleb128 0x49
 474 008a 13       		.uleb128 0x13
 475 008b 02       		.uleb128 0x2
 476 008c 18       		.uleb128 0x18
 477 008d 00       		.byte	0
 478 008e 00       		.byte	0
 479 008f 0B       		.uleb128 0xb
 480 0090 34       		.uleb128 0x34
 481 0091 00       		.byte	0
 482 0092 03       		.uleb128 0x3
 483 0093 08       		.uleb128 0x8
 484 0094 3A       		.uleb128 0x3a
 485 0095 0B       		.uleb128 0xb
 486 0096 3B       		.uleb128 0x3b
 487 0097 0B       		.uleb128 0xb
 488 0098 49       		.uleb128 0x49
 489 0099 13       		.uleb128 0x13
 490 009a 02       		.uleb128 0x2
 491 009b 17       		.uleb128 0x17
 492 009c 00       		.byte	0
 493 009d 00       		.byte	0
 494 009e 0C       		.uleb128 0xc
 495 009f 898201   		.uleb128 0x4109
 496 00a2 01       		.byte	0x1
 497 00a3 11       		.uleb128 0x11
 498 00a4 01       		.uleb128 0x1
 499 00a5 31       		.uleb128 0x31
 500 00a6 13       		.uleb128 0x13
 501 00a7 00       		.byte	0
 502 00a8 00       		.byte	0
 503 00a9 0D       		.uleb128 0xd
 504 00aa 8A8201   		.uleb128 0x410a
 505 00ad 00       		.byte	0
 506 00ae 02       		.uleb128 0x2
 507 00af 18       		.uleb128 0x18
 508 00b0 9142     		.uleb128 0x2111
 509 00b2 18       		.uleb128 0x18
 510 00b3 00       		.byte	0
 511 00b4 00       		.byte	0
 512 00b5 0E       		.uleb128 0xe
 513 00b6 01       		.uleb128 0x1
 514 00b7 01       		.byte	0x1
 515 00b8 49       		.uleb128 0x49
 516 00b9 13       		.uleb128 0x13
 517 00ba 01       		.uleb128 0x1
 518 00bb 13       		.uleb128 0x13
 519 00bc 00       		.byte	0
 520 00bd 00       		.byte	0
 521 00be 0F       		.uleb128 0xf
 522 00bf 21       		.uleb128 0x21
ARM GAS  C:\Users\Vitali\AppData\Local\Temp\cc2fSc7t.s 			page 15


 523 00c0 00       		.byte	0
 524 00c1 49       		.uleb128 0x49
 525 00c2 13       		.uleb128 0x13
 526 00c3 2F       		.uleb128 0x2f
 527 00c4 0B       		.uleb128 0xb
 528 00c5 00       		.byte	0
 529 00c6 00       		.byte	0
 530 00c7 10       		.uleb128 0x10
 531 00c8 34       		.uleb128 0x34
 532 00c9 00       		.byte	0
 533 00ca 03       		.uleb128 0x3
 534 00cb 0E       		.uleb128 0xe
 535 00cc 3A       		.uleb128 0x3a
 536 00cd 0B       		.uleb128 0xb
 537 00ce 3B       		.uleb128 0x3b
 538 00cf 0B       		.uleb128 0xb
 539 00d0 49       		.uleb128 0x49
 540 00d1 13       		.uleb128 0x13
 541 00d2 3F       		.uleb128 0x3f
 542 00d3 19       		.uleb128 0x19
 543 00d4 3C       		.uleb128 0x3c
 544 00d5 19       		.uleb128 0x19
 545 00d6 00       		.byte	0
 546 00d7 00       		.byte	0
 547 00d8 11       		.uleb128 0x11
 548 00d9 2E       		.uleb128 0x2e
 549 00da 00       		.byte	0
 550 00db 3F       		.uleb128 0x3f
 551 00dc 19       		.uleb128 0x19
 552 00dd 03       		.uleb128 0x3
 553 00de 0E       		.uleb128 0xe
 554 00df 3A       		.uleb128 0x3a
 555 00e0 0B       		.uleb128 0xb
 556 00e1 3B       		.uleb128 0x3b
 557 00e2 0B       		.uleb128 0xb
 558 00e3 27       		.uleb128 0x27
 559 00e4 19       		.uleb128 0x19
 560 00e5 3C       		.uleb128 0x3c
 561 00e6 19       		.uleb128 0x19
 562 00e7 00       		.byte	0
 563 00e8 00       		.byte	0
 564 00e9 12       		.uleb128 0x12
 565 00ea 2E       		.uleb128 0x2e
 566 00eb 01       		.byte	0x1
 567 00ec 3F       		.uleb128 0x3f
 568 00ed 19       		.uleb128 0x19
 569 00ee 03       		.uleb128 0x3
 570 00ef 0E       		.uleb128 0xe
 571 00f0 3A       		.uleb128 0x3a
 572 00f1 0B       		.uleb128 0xb
 573 00f2 3B       		.uleb128 0x3b
 574 00f3 0B       		.uleb128 0xb
 575 00f4 27       		.uleb128 0x27
 576 00f5 19       		.uleb128 0x19
 577 00f6 49       		.uleb128 0x49
 578 00f7 13       		.uleb128 0x13
 579 00f8 3C       		.uleb128 0x3c
ARM GAS  C:\Users\Vitali\AppData\Local\Temp\cc2fSc7t.s 			page 16


 580 00f9 19       		.uleb128 0x19
 581 00fa 01       		.uleb128 0x1
 582 00fb 13       		.uleb128 0x13
 583 00fc 00       		.byte	0
 584 00fd 00       		.byte	0
 585 00fe 13       		.uleb128 0x13
 586 00ff 05       		.uleb128 0x5
 587 0100 00       		.byte	0
 588 0101 49       		.uleb128 0x49
 589 0102 13       		.uleb128 0x13
 590 0103 00       		.byte	0
 591 0104 00       		.byte	0
 592 0105 14       		.uleb128 0x14
 593 0106 0F       		.uleb128 0xf
 594 0107 00       		.byte	0
 595 0108 0B       		.uleb128 0xb
 596 0109 0B       		.uleb128 0xb
 597 010a 49       		.uleb128 0x49
 598 010b 13       		.uleb128 0x13
 599 010c 00       		.byte	0
 600 010d 00       		.byte	0
 601 010e 15       		.uleb128 0x15
 602 010f 26       		.uleb128 0x26
 603 0110 00       		.byte	0
 604 0111 49       		.uleb128 0x49
 605 0112 13       		.uleb128 0x13
 606 0113 00       		.byte	0
 607 0114 00       		.byte	0
 608 0115 00       		.byte	0
 609              		.section	.debug_loc,"",%progbits
 610              	.Ldebug_loc0:
 611              	.LLST0:
 612 0000 00000000 		.4byte	.LVL1
 613 0004 2A000000 		.4byte	.LVL6
 614 0008 0100     		.2byte	0x1
 615 000a 50       		.byte	0x50
 616 000b 2A000000 		.4byte	.LVL6
 617 000f 3C000000 		.4byte	.LFE1
 618 0013 0400     		.2byte	0x4
 619 0015 F3       		.byte	0xf3
 620 0016 01       		.uleb128 0x1
 621 0017 50       		.byte	0x50
 622 0018 9F       		.byte	0x9f
 623 0019 00000000 		.4byte	0
 624 001d 00000000 		.4byte	0
 625              	.LLST1:
 626 0021 00000000 		.4byte	.LVL1
 627 0025 14000000 		.4byte	.LVL3
 628 0029 0100     		.2byte	0x1
 629 002b 51       		.byte	0x51
 630 002c 14000000 		.4byte	.LVL3
 631 0030 3C000000 		.4byte	.LFE1
 632 0034 0400     		.2byte	0x4
 633 0036 F3       		.byte	0xf3
 634 0037 01       		.uleb128 0x1
 635 0038 51       		.byte	0x51
 636 0039 9F       		.byte	0x9f
ARM GAS  C:\Users\Vitali\AppData\Local\Temp\cc2fSc7t.s 			page 17


 637 003a 00000000 		.4byte	0
 638 003e 00000000 		.4byte	0
 639              	.LLST3:
 640 0042 12000000 		.4byte	.LVL2
 641 0046 3A000000 		.4byte	.LVL8
 642 004a 0100     		.2byte	0x1
 643 004c 54       		.byte	0x54
 644 004d 3A000000 		.4byte	.LVL8
 645 0051 3C000000 		.4byte	.LFE1
 646 0055 0600     		.2byte	0x6
 647 0057 F3       		.byte	0xf3
 648 0058 01       		.uleb128 0x1
 649 0059 50       		.byte	0x50
 650 005a 37       		.byte	0x37
 651 005b 25       		.byte	0x25
 652 005c 9F       		.byte	0x9f
 653 005d 00000000 		.4byte	0
 654 0061 00000000 		.4byte	0
 655              	.LLST4:
 656 0065 12000000 		.4byte	.LVL2
 657 0069 14000000 		.4byte	.LVL3
 658 006d 0100     		.2byte	0x1
 659 006f 53       		.byte	0x53
 660 0070 14000000 		.4byte	.LVL3
 661 0074 3A000000 		.4byte	.LVL9
 662 0078 0100     		.2byte	0x1
 663 007a 55       		.byte	0x55
 664 007b 3A000000 		.4byte	.LVL9
 665 007f 3A000000 		.4byte	.LVL10
 666 0083 0400     		.2byte	0x4
 667 0085 76       		.byte	0x76
 668 0086 807F     		.sleb128 -128
 669 0088 9F       		.byte	0x9f
 670 0089 3A000000 		.4byte	.LVL10
 671 008d 3C000000 		.4byte	.LFE1
 672 0091 0700     		.2byte	0x7
 673 0093 F3       		.byte	0xf3
 674 0094 01       		.uleb128 0x1
 675 0095 50       		.byte	0x50
 676 0096 09       		.byte	0x9
 677 0097 80       		.byte	0x80
 678 0098 1A       		.byte	0x1a
 679 0099 9F       		.byte	0x9f
 680 009a 00000000 		.4byte	0
 681 009e 00000000 		.4byte	0
 682              	.LLST5:
 683 00a2 12000000 		.4byte	.LVL2
 684 00a6 14000000 		.4byte	.LVL3
 685 00aa 0200     		.2byte	0x2
 686 00ac 30       		.byte	0x30
 687 00ad 9F       		.byte	0x9f
 688 00ae 14000000 		.4byte	.LVL3
 689 00b2 20000000 		.4byte	.LVL4
 690 00b6 0600     		.2byte	0x6
 691 00b8 73       		.byte	0x73
 692 00b9 00       		.sleb128 0
 693 00ba 75       		.byte	0x75
ARM GAS  C:\Users\Vitali\AppData\Local\Temp\cc2fSc7t.s 			page 18


 694 00bb 00       		.sleb128 0
 695 00bc 1C       		.byte	0x1c
 696 00bd 9F       		.byte	0x9f
 697 00be 20000000 		.4byte	.LVL4
 698 00c2 22000000 		.4byte	.LVL5
 699 00c6 0800     		.2byte	0x8
 700 00c8 73       		.byte	0x73
 701 00c9 00       		.sleb128 0
 702 00ca 75       		.byte	0x75
 703 00cb 00       		.sleb128 0
 704 00cc 1C       		.byte	0x1c
 705 00cd 23       		.byte	0x23
 706 00ce 01       		.uleb128 0x1
 707 00cf 9F       		.byte	0x9f
 708 00d0 00000000 		.4byte	0
 709 00d4 00000000 		.4byte	0
 710              		.section	.debug_aranges,"",%progbits
 711 0000 24000000 		.4byte	0x24
 712 0004 0200     		.2byte	0x2
 713 0006 00000000 		.4byte	.Ldebug_info0
 714 000a 04       		.byte	0x4
 715 000b 00       		.byte	0
 716 000c 0000     		.2byte	0
 717 000e 0000     		.2byte	0
 718 0010 00000000 		.4byte	.LFB0
 719 0014 14000000 		.4byte	.LFE0-.LFB0
 720 0018 00000000 		.4byte	.LFB1
 721 001c 3C000000 		.4byte	.LFE1-.LFB1
 722 0020 00000000 		.4byte	0
 723 0024 00000000 		.4byte	0
 724              		.section	.debug_ranges,"",%progbits
 725              	.Ldebug_ranges0:
 726 0000 00000000 		.4byte	.LFB0
 727 0004 14000000 		.4byte	.LFE0
 728 0008 00000000 		.4byte	.LFB1
 729 000c 3C000000 		.4byte	.LFE1
 730 0010 00000000 		.4byte	0
 731 0014 00000000 		.4byte	0
 732              		.section	.debug_line,"",%progbits
 733              	.Ldebug_line0:
 734 0000 BE000000 		.section	.debug_str,"MS",%progbits,1
 734      02007500 
 734      00000201 
 734      FB0E0D00 
 734      01010101 
 735              	.LASF24:
 736 0000 474E5520 		.ascii	"GNU C 4.9.3 20150303 (release) [ARM/embedded-4_9-br"
 736      4320342E 
 736      392E3320 
 736      32303135 
 736      30333033 
 737 0033 616E6368 		.ascii	"anch revision 221220] -mcpu=cortex-m0 -mthumb -g -O"
 737      20726576 
 737      6973696F 
 737      6E203232 
 737      31323230 
 738 0066 73202D66 		.ascii	"s -ffunction-sections -ffat-lto-objects\000"
ARM GAS  C:\Users\Vitali\AppData\Local\Temp\cc2fSc7t.s 			page 19


 738      66756E63 
 738      74696F6E 
 738      2D736563 
 738      74696F6E 
 739              	.LASF22:
 740 008e 726F774E 		.ascii	"rowNum\000"
 740      756D00
 741              	.LASF3:
 742 0095 73686F72 		.ascii	"short unsigned int\000"
 742      7420756E 
 742      7369676E 
 742      65642069 
 742      6E7400
 743              	.LASF12:
 744 00a8 666C6F61 		.ascii	"float\000"
 744      7400
 745              	.LASF1:
 746 00ae 756E7369 		.ascii	"unsigned char\000"
 746      676E6564 
 746      20636861 
 746      7200
 747              	.LASF21:
 748 00bc 726F7744 		.ascii	"rowData\000"
 748      61746100 
 749              	.LASF5:
 750 00c4 6C6F6E67 		.ascii	"long unsigned int\000"
 750      20756E73 
 750      69676E65 
 750      6420696E 
 750      7400
 751              	.LASF9:
 752 00d6 75696E74 		.ascii	"uint8\000"
 752      3800
 753              	.LASF25:
 754 00dc 2E5C4765 		.ascii	".\\Generated_Source\\PSoC4\\Bootloadable.c\000"
 754      6E657261 
 754      7465645F 
 754      536F7572 
 754      63655C50 
 755              	.LASF16:
 756 0104 426F6F74 		.ascii	"Bootloadable_Load\000"
 756      6C6F6164 
 756      61626C65 
 756      5F4C6F61 
 756      6400
 757              	.LASF13:
 758 0116 646F7562 		.ascii	"double\000"
 758      6C6500
 759              	.LASF29:
 760 011d 43795379 		.ascii	"CySysFlashWriteRow\000"
 760      73466C61 
 760      73685772 
 760      69746552 
 760      6F7700
 761              	.LASF20:
 762 0130 666C7341 		.ascii	"flsAddr\000"
 762      64647200 
ARM GAS  C:\Users\Vitali\AppData\Local\Temp\cc2fSc7t.s 			page 20


 763              	.LASF10:
 764 0138 75696E74 		.ascii	"uint16\000"
 764      313600
 765              	.LASF11:
 766 013f 75696E74 		.ascii	"uint32\000"
 766      333200
 767              	.LASF8:
 768 0146 756E7369 		.ascii	"unsigned int\000"
 768      676E6564 
 768      20696E74 
 768      00
 769              	.LASF18:
 770 0153 61646472 		.ascii	"address\000"
 770      65737300 
 771              	.LASF7:
 772 015b 6C6F6E67 		.ascii	"long long unsigned int\000"
 772      206C6F6E 
 772      6720756E 
 772      7369676E 
 772      65642069 
 773              	.LASF19:
 774 0172 72756E54 		.ascii	"runType\000"
 774      79706500 
 775              	.LASF26:
 776 017a 433A5C55 		.ascii	"C:\\Users\\Vitali\\Documents\\PSoC Creator\\Expo_Co"
 776      73657273 
 776      5C566974 
 776      616C695C 
 776      446F6375 
 777 01a8 6E74726F 		.ascii	"ntroller_Workspace\\Expo_Controller2.cydsn\000"
 777      6C6C6572 
 777      5F576F72 
 777      6B737061 
 777      63655C45 
 778              	.LASF23:
 779 01d2 62617365 		.ascii	"baseAddr\000"
 779      41646472 
 779      00
 780              	.LASF15:
 781 01db 73697A65 		.ascii	"sizetype\000"
 781      74797065 
 781      00
 782              	.LASF6:
 783 01e4 6C6F6E67 		.ascii	"long long int\000"
 783      206C6F6E 
 783      6720696E 
 783      7400
 784              	.LASF14:
 785 01f2 63686172 		.ascii	"char\000"
 785      00
 786              	.LASF17:
 787 01f7 426F6F74 		.ascii	"Bootloadable_SetFlashByte\000"
 787      6C6F6164 
 787      61626C65 
 787      5F536574 
 787      466C6173 
 788              	.LASF2:
ARM GAS  C:\Users\Vitali\AppData\Local\Temp\cc2fSc7t.s 			page 21


 789 0211 73686F72 		.ascii	"short int\000"
 789      7420696E 
 789      7400
 790              	.LASF28:
 791 021b 4379536F 		.ascii	"CySoftwareReset\000"
 791      66747761 
 791      72655265 
 791      73657400 
 792              	.LASF4:
 793 022b 6C6F6E67 		.ascii	"long int\000"
 793      20696E74 
 793      00
 794              	.LASF0:
 795 0234 7369676E 		.ascii	"signed char\000"
 795      65642063 
 795      68617200 
 796              	.LASF27:
 797 0240 63794274 		.ascii	"cyBtldrRunType\000"
 797      6C647252 
 797      756E5479 
 797      706500
 798              		.ident	"GCC: (GNU Tools for ARM Embedded Processors) 4.9.3 20150303 (release) [ARM/embedded-4_9-br
