--------------- Build Started: 11/23/2015 17:49:18 Project: Expo_Controller2, Configuration: ARM GCC 4.9-2015-q1-update Debug ---------------
The code generation step is up to date.
arm-none-eabi-gcc.exe -mcpu=cortex-m0 -mthumb -Wno-main -I. -IGenerated_Source\PSoC4 -Wa,-alh=.\CortexM0\ARM_GCC_493\Debug/main.lst -g -D DEBUG -Wall -ffunction-sections -Os -ffat-lto-objects -c .\main.c -o .\CortexM0\ARM_GCC_493\Debug\main.o
In file included from Generated_Source\PSoC4/project.h:22:0,
                 from .\main.c:12:
.\main.c: In function 'Check_OPT':
Generated_Source\PSoC4/I2C_I2C.h:277:40: warning: statement with no effect [-Wunused-value]
 #define I2C_I2C_MSTR_ERR_LB_NAK        (0x02u)  /* Last Byte Naked: INTR_MASTER_I2C_NACK                 */
                                        ^
.\main.c:62:9: note: in expansion of macro 'I2C_I2C_MSTR_ERR_LB_NAK'
         I2C_I2C_MSTR_ERR_LB_NAK;
         ^
Generated_Source\PSoC4/I2C_I2C.h:276:40: warning: statement with no effect [-Wunused-value]
 #define I2C_I2C_MSTR_ERR_ARB_LOST      (0x01u)  /* Master lost arbitration: INTR_MASTER_I2C_ARB_LOST     */
                                        ^
.\main.c:63:9: note: in expansion of macro 'I2C_I2C_MSTR_ERR_ARB_LOST'
         I2C_I2C_MSTR_ERR_ARB_LOST;
         ^
.\main.c: In function 'Get_RealTimeString':
.\main.c:138:34: warning: iteration 9u invokes undefined behavior [-Waggressive-loop-optimizations]
   TimeString[scroll] = timeBuffer[scroll];
                                  ^
.\main.c:136:2: note: containing loop
  for(scroll = 0; scroll < 20; scroll++)
  ^
.\main.c: In function 'Get_AlarmTimeString':
.\main.c:192:35: warning: iteration 9ul invokes undefined behavior [-Waggressive-loop-optimizations]
    TimeString[scroll] = timeBuffer[scroll];
                                   ^
.\main.c:190:2: note: containing loop
  for(scroll = 0; scroll < 20; scroll++)
  ^
arm-none-eabi-gcc.exe -mcpu=cortex-m0 -mthumb -Wno-main -I. -IGenerated_Source\PSoC4 -Wa,-alh=.\CortexM0\ARM_GCC_493\Debug/OPT3001.lst -g -D DEBUG -Wall -ffunction-sections -Os -ffat-lto-objects -c .\OPT3001.c -o .\CortexM0\ARM_GCC_493\Debug\OPT3001.o
.\OPT3001.c: In function 'OPT_GetResultString':
.\OPT3001.c:220:26: warning: passing argument 2 of 'strncat' discards 'volatile' qualifier from pointer target type
         strncat(Out_Str, &Buf[Scroll],7);
                          ^
In file included from c:\program files\cypress\psoc creator\3.3\psoc creator\import\gnu\arm\4.9.3\arm-none-eabi\include\string.h:10:0,
                 from Generated_Source\PSoC4/CyLib.h:25,
                 from Generated_Source\PSoC4/I2C.h:23,
                 from Generated_Source\PSoC4/project.h:21,
                 from ./OPT3001.h:12,
                 from .\OPT3001.c:12:
c:\program files\cypress\psoc creator\3.3\psoc creator\import\gnu\arm\4.9.3\arm-none-eabi\include\string.h:34:8: note: expected 'const char *' but argument is of type 'volatile uint8 *'
 char  *_EXFUN(strncat,(char *__restrict, const char *__restrict, size_t));
        ^
.\OPT3001.c: In function 'I2C_ReadRegister':
.\OPT3001.c:38:10: warning: 'Status' may be used uninitialized in this function [-Wmaybe-uninitialized]
     while((Status !=0) && (Iter < 10))
          ^
arm-none-eabi-gcc.exe -mcpu=cortex-m0 -mthumb -Wno-main -I. -IGenerated_Source\PSoC4 -Wa,-alh=.\CortexM0\ARM_GCC_493\Debug/WS0010.lst -g -D DEBUG -Wall -ffunction-sections -Os -ffat-lto-objects -c .\WS0010.c -o .\CortexM0\ARM_GCC_493\Debug\WS0010.o
arm-none-eabi-ar.exe -rs .\CortexM0\ARM_GCC_493\Debug\Expo_Controller2.a .\CortexM0\ARM_GCC_493\Debug\cyfitter_cfg.o .\CortexM0\ARM_GCC_493\Debug\I2C.o .\CortexM0\ARM_GCC_493\Debug\I2C_I2C_INT.o .\CortexM0\ARM_GCC_493\Debug\I2C_I2C.o .\CortexM0\ARM_GCC_493\Debug\I2C_I2C_BOOT.o .\CortexM0\ARM_GCC_493\Debug\I2C_PM.o .\CortexM0\ARM_GCC_493\Debug\I2C_BOOT.o .\CortexM0\ARM_GCC_493\Debug\I2C_I2C_MASTER.o .\CortexM0\ARM_GCC_493\Debug\UART.o .\CortexM0\ARM_GCC_493\Debug\UART_SPI_UART.o .\CortexM0\ARM_GCC_493\Debug\UART_SPI_UART_INT.o .\CortexM0\ARM_GCC_493\Debug\UART_PM.o .\CortexM0\ARM_GCC_493\Debug\UART_UART.o .\CortexM0\ARM_GCC_493\Debug\UART_BOOT.o .\CortexM0\ARM_GCC_493\Debug\UART_UART_BOOT.o .\CortexM0\ARM_GCC_493\Debug\RTC.o .\CortexM0\ARM_GCC_493\Debug\I2C_SCBCLK.o .\CortexM0\ARM_GCC_493\Debug\I2C_sda.o .\CortexM0\ARM_GCC_493\Debug\I2C_scl.o .\CortexM0\ARM_GCC_493\Debug\I2C_SCB_IRQ.o .\CortexM0\ARM_GCC_493\Debug\UART_SCBCLK.o .\CortexM0\ARM_GCC_493\Debug\UART_tx.o .\CortexM0\ARM_GCC_493\Debug\UART_rx.o .\CortexM0\ARM_GCC_493\Debug\CyBootAsmGnu.o .\CortexM0\ARM_GCC_493\Debug\CyFlash.o .\CortexM0\ARM_GCC_493\Debug\CyLib.o .\CortexM0\ARM_GCC_493\Debug\cyPm.o .\CortexM0\ARM_GCC_493\Debug\cyutils.o .\CortexM0\ARM_GCC_493\Debug\CyLFClk.o .\CortexM0\ARM_GCC_493\Debug\PWM.o .\CortexM0\ARM_GCC_493\Debug\PWM_PM.o .\CortexM0\ARM_GCC_493\Debug\PWM_Contrast.o .\CortexM0\ARM_GCC_493\Debug\PWM_LCD_Led.o .\CortexM0\ARM_GCC_493\Debug\ADC.o .\CortexM0\ARM_GCC_493\Debug\ADC_PM.o .\CortexM0\ARM_GCC_493\Debug\ADC_INT.o .\CortexM0\ARM_GCC_493\Debug\ADC_12V.o .\CortexM0\ARM_GCC_493\Debug\ADC_IRQ.o .\CortexM0\ARM_GCC_493\Debug\ADC_intClock.o .\CortexM0\ARM_GCC_493\Debug\AMux.o .\CortexM0\ARM_GCC_493\Debug\ADC_3V.o .\CortexM0\ARM_GCC_493\Debug\Led_Strobe.o .\CortexM0\ARM_GCC_493\Debug\Led_BLE.o .\CortexM0\ARM_GCC_493\Debug\LCD.o .\CortexM0\ARM_GCC_493\Debug\LCD_PM.o .\CortexM0\ARM_GCC_493\Debug\LCD_LCDPort.o .\CortexM0\ARM_GCC_493\Debug\Clock.o .\CortexM0\ARM_GCC_493\Debug\Timer_RTOS_ISR.o .\CortexM0\ARM_GCC_493\Debug\Timer_RTOS.o .\CortexM0\ARM_GCC_493\Debug\Timer_RTOS_PM.o .\CortexM0\ARM_GCC_493\Debug\Bootloader_En.o .\CortexM0\ARM_GCC_493\Debug\Bootloadable.o
arm-none-eabi-ar.exe: creating .\CortexM0\ARM_GCC_493\Debug\Expo_Controller2.a
arm-none-eabi-gcc.exe -Wl,--start-group -o .\CortexM0\ARM_GCC_493\Debug\Expo_Controller2.elf .\CortexM0\ARM_GCC_493\Debug\main.o .\CortexM0\ARM_GCC_493\Debug\OPT3001.o .\CortexM0\ARM_GCC_493\Debug\WS0010.o .\CortexM0\ARM_GCC_493\Debug\TaskDispatcher.o .\CortexM0\ARM_GCC_493\Debug\bcd.o .\CortexM0\ARM_GCC_493\Debug\cymetadata.o .\CortexM0\ARM_GCC_493\Debug\Cm0Start.o .\CortexM0\ARM_GCC_493\Debug\cybootloader.o .\CortexM0\ARM_GCC_493\Debug\Expo_Controller2.a "C:\Program Files\Cypress\PSoC Creator\3.3\PSoC Creator\psoc\content\cycomponentlibrary\CyComponentLibrary.cylib\CortexM0\ARM_GCC_493\Debug\CyComponentLibrary.a" -mcpu=cortex-m0 -mthumb -g -ffunction-sections -Os -l m -L Generated_Source\PSoC4 -Wl,-Map,.\CortexM0\ARM_GCC_493\Debug/Expo_Controller2.map -T Generated_Source\PSoC4\cm0gcc.ld -specs=nano.specs -Wl,--gc-sections -Wl,--end-group
cyelftool.exe -B C:\GitHub\ExpoController\Expo_Controller_Workspace\Expo_Controller2.cydsn\CortexM0\ARM_GCC_493\Debug\Expo_Controller2.elf --flash_row_size 128 --flash_size 32768 --flash_array_size 32768
cyelftool.exe -S C:\GitHub\ExpoController\Expo_Controller_Workspace\Expo_Controller2.cydsn\CortexM0\ARM_GCC_493\Debug\Expo_Controller2.elf
Flash used: 23040 of 32768 bytes (70,3%). Bootloader: 3840 bytes. Application: 19072 bytes. Metadata: 128 bytes.
SRAM used: 2136 of 4096 bytes (52,1%). Stack: 1024 bytes. Heap: 128 bytes.
--------------- Build Succeeded: 11/23/2015 17:49:21 ---------------
