ARM GAS  C:\Users\Vitali\AppData\Local\Temp\cczbnXKE.s 			page 1


   1              		.cpu cortex-m0
   2              		.fpu softvfp
   3              		.eabi_attribute 20, 1
   4              		.eabi_attribute 21, 1
   5              		.eabi_attribute 23, 3
   6              		.eabi_attribute 24, 1
   7              		.eabi_attribute 25, 1
   8              		.eabi_attribute 26, 1
   9              		.eabi_attribute 30, 4
  10              		.eabi_attribute 34, 0
  11              		.eabi_attribute 18, 4
  12              		.code	16
  13              		.file	"LCD_PM.c"
  14              		.text
  15              	.Ltext0:
  16              		.cfi_sections	.debug_frame
  17              		.section	.text.LCD_SaveConfig,"ax",%progbits
  18              		.align	1
  19              		.global	LCD_SaveConfig
  20              		.code	16
  21              		.thumb_func
  22              		.type	LCD_SaveConfig, %function
  23              	LCD_SaveConfig:
  24              	.LFB0:
  25              		.file 1 ".\\Generated_Source\\PSoC4\\LCD_PM.c"
   1:.\Generated_Source\PSoC4/LCD_PM.c **** /*******************************************************************************
   2:.\Generated_Source\PSoC4/LCD_PM.c **** * File Name: LCD_PM.c
   3:.\Generated_Source\PSoC4/LCD_PM.c **** * Version 2.10
   4:.\Generated_Source\PSoC4/LCD_PM.c **** *
   5:.\Generated_Source\PSoC4/LCD_PM.c **** * Description:
   6:.\Generated_Source\PSoC4/LCD_PM.c **** *  This file provides the API source code for the Static Segment LCD component.
   7:.\Generated_Source\PSoC4/LCD_PM.c **** *
   8:.\Generated_Source\PSoC4/LCD_PM.c **** * Note:
   9:.\Generated_Source\PSoC4/LCD_PM.c **** *
  10:.\Generated_Source\PSoC4/LCD_PM.c **** ********************************************************************************
  11:.\Generated_Source\PSoC4/LCD_PM.c **** * Copyright 2008-2014, Cypress Semiconductor Corporation.  All rights reserved.
  12:.\Generated_Source\PSoC4/LCD_PM.c **** * You may use this file only in accordance with the license, terms, conditions,
  13:.\Generated_Source\PSoC4/LCD_PM.c **** * disclaimers, and limitations in the end user license agreement accompanying
  14:.\Generated_Source\PSoC4/LCD_PM.c **** * the software package with which this file was provided.
  15:.\Generated_Source\PSoC4/LCD_PM.c **** *******************************************************************************/
  16:.\Generated_Source\PSoC4/LCD_PM.c **** 
  17:.\Generated_Source\PSoC4/LCD_PM.c **** #include "LCD.h"
  18:.\Generated_Source\PSoC4/LCD_PM.c **** 
  19:.\Generated_Source\PSoC4/LCD_PM.c **** 
  20:.\Generated_Source\PSoC4/LCD_PM.c **** static LCD_BACKUP_STRUCT LCD_backup;
  21:.\Generated_Source\PSoC4/LCD_PM.c **** 
  22:.\Generated_Source\PSoC4/LCD_PM.c **** 
  23:.\Generated_Source\PSoC4/LCD_PM.c **** /*******************************************************************************
  24:.\Generated_Source\PSoC4/LCD_PM.c **** * Function Name: LCD_SaveConfig
  25:.\Generated_Source\PSoC4/LCD_PM.c **** ********************************************************************************
  26:.\Generated_Source\PSoC4/LCD_PM.c **** *
  27:.\Generated_Source\PSoC4/LCD_PM.c **** * Summary:
  28:.\Generated_Source\PSoC4/LCD_PM.c **** *  Does nothing, provided for consistency.
  29:.\Generated_Source\PSoC4/LCD_PM.c **** *
  30:.\Generated_Source\PSoC4/LCD_PM.c **** * Parameters:
  31:.\Generated_Source\PSoC4/LCD_PM.c **** *  None.
  32:.\Generated_Source\PSoC4/LCD_PM.c **** *
ARM GAS  C:\Users\Vitali\AppData\Local\Temp\cczbnXKE.s 			page 2


  33:.\Generated_Source\PSoC4/LCD_PM.c **** * Return:
  34:.\Generated_Source\PSoC4/LCD_PM.c **** *  None.
  35:.\Generated_Source\PSoC4/LCD_PM.c **** *
  36:.\Generated_Source\PSoC4/LCD_PM.c **** *******************************************************************************/
  37:.\Generated_Source\PSoC4/LCD_PM.c **** void LCD_SaveConfig(void) 
  38:.\Generated_Source\PSoC4/LCD_PM.c **** {
  26              		.loc 1 38 0
  27              		.cfi_startproc
  39:.\Generated_Source\PSoC4/LCD_PM.c **** }
  28              		.loc 1 39 0
  29              		@ sp needed
  30 0000 7047     		bx	lr
  31              		.cfi_endproc
  32              	.LFE0:
  33              		.size	LCD_SaveConfig, .-LCD_SaveConfig
  34              		.section	.text.LCD_RestoreConfig,"ax",%progbits
  35              		.align	1
  36              		.global	LCD_RestoreConfig
  37              		.code	16
  38              		.thumb_func
  39              		.type	LCD_RestoreConfig, %function
  40              	LCD_RestoreConfig:
  41              	.LFB1:
  40:.\Generated_Source\PSoC4/LCD_PM.c **** 
  41:.\Generated_Source\PSoC4/LCD_PM.c **** 
  42:.\Generated_Source\PSoC4/LCD_PM.c **** /*******************************************************************************
  43:.\Generated_Source\PSoC4/LCD_PM.c **** * Function Name: LCD_RestoreConfig
  44:.\Generated_Source\PSoC4/LCD_PM.c **** ********************************************************************************
  45:.\Generated_Source\PSoC4/LCD_PM.c **** *
  46:.\Generated_Source\PSoC4/LCD_PM.c **** * Summary:
  47:.\Generated_Source\PSoC4/LCD_PM.c **** *  Does nothing, provided for consistency.
  48:.\Generated_Source\PSoC4/LCD_PM.c **** *
  49:.\Generated_Source\PSoC4/LCD_PM.c **** * Parameters:
  50:.\Generated_Source\PSoC4/LCD_PM.c **** *  None.
  51:.\Generated_Source\PSoC4/LCD_PM.c **** *
  52:.\Generated_Source\PSoC4/LCD_PM.c **** * Return:
  53:.\Generated_Source\PSoC4/LCD_PM.c **** *  None.
  54:.\Generated_Source\PSoC4/LCD_PM.c **** *
  55:.\Generated_Source\PSoC4/LCD_PM.c **** *******************************************************************************/
  56:.\Generated_Source\PSoC4/LCD_PM.c **** void LCD_RestoreConfig(void) 
  57:.\Generated_Source\PSoC4/LCD_PM.c **** {
  42              		.loc 1 57 0
  43              		.cfi_startproc
  58:.\Generated_Source\PSoC4/LCD_PM.c **** }
  44              		.loc 1 58 0
  45              		@ sp needed
  46 0000 7047     		bx	lr
  47              		.cfi_endproc
  48              	.LFE1:
  49              		.size	LCD_RestoreConfig, .-LCD_RestoreConfig
  50              		.section	.text.LCD_Sleep,"ax",%progbits
  51              		.align	1
  52              		.global	LCD_Sleep
  53              		.code	16
  54              		.thumb_func
  55              		.type	LCD_Sleep, %function
  56              	LCD_Sleep:
ARM GAS  C:\Users\Vitali\AppData\Local\Temp\cczbnXKE.s 			page 3


  57              	.LFB2:
  59:.\Generated_Source\PSoC4/LCD_PM.c **** 
  60:.\Generated_Source\PSoC4/LCD_PM.c **** 
  61:.\Generated_Source\PSoC4/LCD_PM.c **** /*******************************************************************************
  62:.\Generated_Source\PSoC4/LCD_PM.c **** * Function Name: LCD_Sleep
  63:.\Generated_Source\PSoC4/LCD_PM.c **** ********************************************************************************
  64:.\Generated_Source\PSoC4/LCD_PM.c **** *
  65:.\Generated_Source\PSoC4/LCD_PM.c **** * Summary:
  66:.\Generated_Source\PSoC4/LCD_PM.c **** *  Prepares the component for entering the sleep mode.
  67:.\Generated_Source\PSoC4/LCD_PM.c **** *
  68:.\Generated_Source\PSoC4/LCD_PM.c **** * Parameters:
  69:.\Generated_Source\PSoC4/LCD_PM.c **** *  None.
  70:.\Generated_Source\PSoC4/LCD_PM.c **** *
  71:.\Generated_Source\PSoC4/LCD_PM.c **** * Return:
  72:.\Generated_Source\PSoC4/LCD_PM.c **** *  None.
  73:.\Generated_Source\PSoC4/LCD_PM.c **** *
  74:.\Generated_Source\PSoC4/LCD_PM.c **** * Reentrant:
  75:.\Generated_Source\PSoC4/LCD_PM.c **** *  No.
  76:.\Generated_Source\PSoC4/LCD_PM.c **** *
  77:.\Generated_Source\PSoC4/LCD_PM.c **** *******************************************************************************/
  78:.\Generated_Source\PSoC4/LCD_PM.c **** void LCD_Sleep(void) 
  79:.\Generated_Source\PSoC4/LCD_PM.c **** {
  58              		.loc 1 79 0
  59              		.cfi_startproc
  60 0000 08B5     		push	{r3, lr}
  61              		.cfi_def_cfa_offset 8
  62              		.cfi_offset 3, -8
  63              		.cfi_offset 14, -4
  80:.\Generated_Source\PSoC4/LCD_PM.c ****     LCD_backup.enableState = LCD_enableState;
  64              		.loc 1 80 0
  65 0002 034B     		ldr	r3, .L4
  81:.\Generated_Source\PSoC4/LCD_PM.c ****     LCD_SaveConfig();
  82:.\Generated_Source\PSoC4/LCD_PM.c ****     LCD_Stop();
  83:.\Generated_Source\PSoC4/LCD_PM.c **** }
  66              		.loc 1 83 0
  67              		@ sp needed
  80:.\Generated_Source\PSoC4/LCD_PM.c ****     LCD_backup.enableState = LCD_enableState;
  68              		.loc 1 80 0
  69 0004 1A78     		ldrb	r2, [r3]
  70 0006 034B     		ldr	r3, .L4+4
  71 0008 1A70     		strb	r2, [r3]
  82:.\Generated_Source\PSoC4/LCD_PM.c **** }
  72              		.loc 1 82 0
  73 000a FFF7FEFF 		bl	LCD_Stop
  74              	.LVL0:
  75              		.loc 1 83 0
  76 000e 08BD     		pop	{r3, pc}
  77              	.L5:
  78              		.align	2
  79              	.L4:
  80 0010 00000000 		.word	LCD_enableState
  81 0014 00000000 		.word	.LANCHOR0
  82              		.cfi_endproc
  83              	.LFE2:
  84              		.size	LCD_Sleep, .-LCD_Sleep
  85              		.section	.text.LCD_Wakeup,"ax",%progbits
  86              		.align	1
ARM GAS  C:\Users\Vitali\AppData\Local\Temp\cczbnXKE.s 			page 4


  87              		.global	LCD_Wakeup
  88              		.code	16
  89              		.thumb_func
  90              		.type	LCD_Wakeup, %function
  91              	LCD_Wakeup:
  92              	.LFB3:
  84:.\Generated_Source\PSoC4/LCD_PM.c **** 
  85:.\Generated_Source\PSoC4/LCD_PM.c **** 
  86:.\Generated_Source\PSoC4/LCD_PM.c **** /*******************************************************************************
  87:.\Generated_Source\PSoC4/LCD_PM.c **** * Function Name: LCD_Wakeup
  88:.\Generated_Source\PSoC4/LCD_PM.c **** ********************************************************************************
  89:.\Generated_Source\PSoC4/LCD_PM.c **** *
  90:.\Generated_Source\PSoC4/LCD_PM.c **** * Summary:
  91:.\Generated_Source\PSoC4/LCD_PM.c **** *  Wakes the component from sleep mode. Configures DMA and enables the component
  92:.\Generated_Source\PSoC4/LCD_PM.c **** *  for normal operation.
  93:.\Generated_Source\PSoC4/LCD_PM.c **** *
  94:.\Generated_Source\PSoC4/LCD_PM.c **** * Parameters:
  95:.\Generated_Source\PSoC4/LCD_PM.c **** *  LCD_enableState - Global variable.
  96:.\Generated_Source\PSoC4/LCD_PM.c **** *
  97:.\Generated_Source\PSoC4/LCD_PM.c **** * Return:
  98:.\Generated_Source\PSoC4/LCD_PM.c **** *  Status one of standard status for PSoC3 Component
  99:.\Generated_Source\PSoC4/LCD_PM.c **** *       CYRET_SUCCESS - Function completed successfully.
 100:.\Generated_Source\PSoC4/LCD_PM.c **** *       CYRET_LOCKED - The object was locked, already in use. Some of TDs or
 101:.\Generated_Source\PSoC4/LCD_PM.c **** *                      a channel already in use.
 102:.\Generated_Source\PSoC4/LCD_PM.c **** *
 103:.\Generated_Source\PSoC4/LCD_PM.c **** * Reentrant:
 104:.\Generated_Source\PSoC4/LCD_PM.c **** *  No.
 105:.\Generated_Source\PSoC4/LCD_PM.c **** *
 106:.\Generated_Source\PSoC4/LCD_PM.c **** *******************************************************************************/
 107:.\Generated_Source\PSoC4/LCD_PM.c **** void LCD_Wakeup(void) 
 108:.\Generated_Source\PSoC4/LCD_PM.c **** {
  93              		.loc 1 108 0
  94              		.cfi_startproc
  95 0000 08B5     		push	{r3, lr}
  96              		.cfi_def_cfa_offset 8
  97              		.cfi_offset 3, -8
  98              		.cfi_offset 14, -4
 109:.\Generated_Source\PSoC4/LCD_PM.c ****     LCD_RestoreConfig();
 110:.\Generated_Source\PSoC4/LCD_PM.c **** 
 111:.\Generated_Source\PSoC4/LCD_PM.c ****     if(LCD_backup.enableState == 1u)
  99              		.loc 1 111 0
 100 0002 034B     		ldr	r3, .L9
 101 0004 1B78     		ldrb	r3, [r3]
 102 0006 012B     		cmp	r3, #1
 103 0008 01D1     		bne	.L6
 112:.\Generated_Source\PSoC4/LCD_PM.c ****     {
 113:.\Generated_Source\PSoC4/LCD_PM.c ****         LCD_Enable();
 104              		.loc 1 113 0
 105 000a FFF7FEFF 		bl	LCD_Enable
 106              	.LVL1:
 107              	.L6:
 114:.\Generated_Source\PSoC4/LCD_PM.c ****     }
 115:.\Generated_Source\PSoC4/LCD_PM.c **** }
 108              		.loc 1 115 0
 109              		@ sp needed
 110 000e 08BD     		pop	{r3, pc}
 111              	.L10:
ARM GAS  C:\Users\Vitali\AppData\Local\Temp\cczbnXKE.s 			page 5


 112              		.align	2
 113              	.L9:
 114 0010 00000000 		.word	.LANCHOR0
 115              		.cfi_endproc
 116              	.LFE3:
 117              		.size	LCD_Wakeup, .-LCD_Wakeup
 118              		.bss
 119              		.set	.LANCHOR0,. + 0
 120              		.type	LCD_backup, %object
 121              		.size	LCD_backup, 1
 122              	LCD_backup:
 123 0000 00       		.space	1
 124              		.text
 125              	.Letext0:
 126              		.file 2 ".\\Generated_Source\\PSoC4\\cytypes.h"
 127              		.file 3 ".\\Generated_Source\\PSoC4\\LCD.h"
 128              		.section	.debug_info,"",%progbits
 129              	.Ldebug_info0:
 130 0000 3E010000 		.4byte	0x13e
 131 0004 0400     		.2byte	0x4
 132 0006 00000000 		.4byte	.Ldebug_abbrev0
 133 000a 04       		.byte	0x4
 134 000b 01       		.uleb128 0x1
 135 000c 10000000 		.4byte	.LASF20
 136 0010 01       		.byte	0x1
 137 0011 0B010000 		.4byte	.LASF21
 138 0015 63010000 		.4byte	.LASF22
 139 0019 00000000 		.4byte	.Ldebug_ranges0+0
 140 001d 00000000 		.4byte	0
 141 0021 00000000 		.4byte	.Ldebug_line0
 142 0025 02       		.uleb128 0x2
 143 0026 01       		.byte	0x1
 144 0027 06       		.byte	0x6
 145 0028 10020000 		.4byte	.LASF0
 146 002c 02       		.uleb128 0x2
 147 002d 01       		.byte	0x1
 148 002e 08       		.byte	0x8
 149 002f B7000000 		.4byte	.LASF1
 150 0033 02       		.uleb128 0x2
 151 0034 02       		.byte	0x2
 152 0035 05       		.byte	0x5
 153 0036 E0010000 		.4byte	.LASF2
 154 003a 02       		.uleb128 0x2
 155 003b 02       		.byte	0x2
 156 003c 07       		.byte	0x7
 157 003d E6000000 		.4byte	.LASF3
 158 0041 02       		.uleb128 0x2
 159 0042 04       		.byte	0x4
 160 0043 05       		.byte	0x5
 161 0044 FB010000 		.4byte	.LASF4
 162 0048 02       		.uleb128 0x2
 163 0049 04       		.byte	0x4
 164 004a 07       		.byte	0x7
 165 004b D4000000 		.4byte	.LASF5
 166 004f 02       		.uleb128 0x2
 167 0050 08       		.byte	0x8
 168 0051 05       		.byte	0x5
ARM GAS  C:\Users\Vitali\AppData\Local\Temp\cczbnXKE.s 			page 6


 169 0052 BB010000 		.4byte	.LASF6
 170 0056 02       		.uleb128 0x2
 171 0057 08       		.byte	0x8
 172 0058 07       		.byte	0x7
 173 0059 4C010000 		.4byte	.LASF7
 174 005d 03       		.uleb128 0x3
 175 005e 04       		.byte	0x4
 176 005f 05       		.byte	0x5
 177 0060 696E7400 		.ascii	"int\000"
 178 0064 02       		.uleb128 0x2
 179 0065 04       		.byte	0x4
 180 0066 07       		.byte	0x7
 181 0067 3F010000 		.4byte	.LASF8
 182 006b 04       		.uleb128 0x4
 183 006c EA010000 		.4byte	.LASF12
 184 0070 02       		.byte	0x2
 185 0071 C2       		.byte	0xc2
 186 0072 2C000000 		.4byte	0x2c
 187 0076 02       		.uleb128 0x2
 188 0077 04       		.byte	0x4
 189 0078 04       		.byte	0x4
 190 0079 B1000000 		.4byte	.LASF9
 191 007d 02       		.uleb128 0x2
 192 007e 08       		.byte	0x8
 193 007f 04       		.byte	0x4
 194 0080 F9000000 		.4byte	.LASF10
 195 0084 02       		.uleb128 0x2
 196 0085 01       		.byte	0x1
 197 0086 08       		.byte	0x8
 198 0087 C9010000 		.4byte	.LASF11
 199 008b 05       		.uleb128 0x5
 200 008c 01       		.byte	0x1
 201 008d 03       		.byte	0x3
 202 008e 2C       		.byte	0x2c
 203 008f A0000000 		.4byte	0xa0
 204 0093 06       		.uleb128 0x6
 205 0094 04020000 		.4byte	.LASF23
 206 0098 03       		.byte	0x3
 207 0099 2E       		.byte	0x2e
 208 009a 6B000000 		.4byte	0x6b
 209 009e 00       		.byte	0
 210 009f 00       		.byte	0
 211 00a0 04       		.uleb128 0x4
 212 00a1 CE010000 		.4byte	.LASF13
 213 00a5 03       		.byte	0x3
 214 00a6 2F       		.byte	0x2f
 215 00a7 8B000000 		.4byte	0x8b
 216 00ab 07       		.uleb128 0x7
 217 00ac C5000000 		.4byte	.LASF14
 218 00b0 01       		.byte	0x1
 219 00b1 25       		.byte	0x25
 220 00b2 01       		.byte	0x1
 221 00b3 07       		.uleb128 0x7
 222 00b4 2D010000 		.4byte	.LASF15
 223 00b8 01       		.byte	0x1
 224 00b9 38       		.byte	0x38
 225 00ba 01       		.byte	0x1
ARM GAS  C:\Users\Vitali\AppData\Local\Temp\cczbnXKE.s 			page 7


 226 00bb 08       		.uleb128 0x8
 227 00bc AB000000 		.4byte	0xab
 228 00c0 00000000 		.4byte	.LFB0
 229 00c4 02000000 		.4byte	.LFE0-.LFB0
 230 00c8 01       		.uleb128 0x1
 231 00c9 9C       		.byte	0x9c
 232 00ca 08       		.uleb128 0x8
 233 00cb B3000000 		.4byte	0xb3
 234 00cf 00000000 		.4byte	.LFB1
 235 00d3 02000000 		.4byte	.LFE1-.LFB1
 236 00d7 01       		.uleb128 0x1
 237 00d8 9C       		.byte	0x9c
 238 00d9 09       		.uleb128 0x9
 239 00da 9E000000 		.4byte	.LASF16
 240 00de 01       		.byte	0x1
 241 00df 4E       		.byte	0x4e
 242 00e0 00000000 		.4byte	.LFB2
 243 00e4 18000000 		.4byte	.LFE2-.LFB2
 244 00e8 01       		.uleb128 0x1
 245 00e9 9C       		.byte	0x9c
 246 00ea F8000000 		.4byte	0xf8
 247 00ee 0A       		.uleb128 0xa
 248 00ef 0E000000 		.4byte	.LVL0
 249 00f3 33010000 		.4byte	0x133
 250 00f7 00       		.byte	0
 251 00f8 09       		.uleb128 0x9
 252 00f9 1C020000 		.4byte	.LASF17
 253 00fd 01       		.byte	0x1
 254 00fe 6B       		.byte	0x6b
 255 00ff 00000000 		.4byte	.LFB3
 256 0103 14000000 		.4byte	.LFE3-.LFB3
 257 0107 01       		.uleb128 0x1
 258 0108 9C       		.byte	0x9c
 259 0109 17010000 		.4byte	0x117
 260 010d 0A       		.uleb128 0xa
 261 010e 0E000000 		.4byte	.LVL1
 262 0112 3A010000 		.4byte	0x13a
 263 0116 00       		.byte	0
 264 0117 0B       		.uleb128 0xb
 265 0118 F0010000 		.4byte	.LASF24
 266 011c 01       		.byte	0x1
 267 011d 14       		.byte	0x14
 268 011e A0000000 		.4byte	0xa0
 269 0122 05       		.uleb128 0x5
 270 0123 03       		.byte	0x3
 271 0124 00000000 		.4byte	LCD_backup
 272 0128 0C       		.uleb128 0xc
 273 0129 00000000 		.4byte	.LASF25
 274 012d 03       		.byte	0x3
 275 012e 76       		.byte	0x76
 276 012f 6B000000 		.4byte	0x6b
 277 0133 0D       		.uleb128 0xd
 278 0134 A8000000 		.4byte	.LASF18
 279 0138 03       		.byte	0x3
 280 0139 39       		.byte	0x39
 281 013a 0D       		.uleb128 0xd
 282 013b 00010000 		.4byte	.LASF19
ARM GAS  C:\Users\Vitali\AppData\Local\Temp\cczbnXKE.s 			page 8


 283 013f 03       		.byte	0x3
 284 0140 37       		.byte	0x37
 285 0141 00       		.byte	0
 286              		.section	.debug_abbrev,"",%progbits
 287              	.Ldebug_abbrev0:
 288 0000 01       		.uleb128 0x1
 289 0001 11       		.uleb128 0x11
 290 0002 01       		.byte	0x1
 291 0003 25       		.uleb128 0x25
 292 0004 0E       		.uleb128 0xe
 293 0005 13       		.uleb128 0x13
 294 0006 0B       		.uleb128 0xb
 295 0007 03       		.uleb128 0x3
 296 0008 0E       		.uleb128 0xe
 297 0009 1B       		.uleb128 0x1b
 298 000a 0E       		.uleb128 0xe
 299 000b 55       		.uleb128 0x55
 300 000c 17       		.uleb128 0x17
 301 000d 11       		.uleb128 0x11
 302 000e 01       		.uleb128 0x1
 303 000f 10       		.uleb128 0x10
 304 0010 17       		.uleb128 0x17
 305 0011 00       		.byte	0
 306 0012 00       		.byte	0
 307 0013 02       		.uleb128 0x2
 308 0014 24       		.uleb128 0x24
 309 0015 00       		.byte	0
 310 0016 0B       		.uleb128 0xb
 311 0017 0B       		.uleb128 0xb
 312 0018 3E       		.uleb128 0x3e
 313 0019 0B       		.uleb128 0xb
 314 001a 03       		.uleb128 0x3
 315 001b 0E       		.uleb128 0xe
 316 001c 00       		.byte	0
 317 001d 00       		.byte	0
 318 001e 03       		.uleb128 0x3
 319 001f 24       		.uleb128 0x24
 320 0020 00       		.byte	0
 321 0021 0B       		.uleb128 0xb
 322 0022 0B       		.uleb128 0xb
 323 0023 3E       		.uleb128 0x3e
 324 0024 0B       		.uleb128 0xb
 325 0025 03       		.uleb128 0x3
 326 0026 08       		.uleb128 0x8
 327 0027 00       		.byte	0
 328 0028 00       		.byte	0
 329 0029 04       		.uleb128 0x4
 330 002a 16       		.uleb128 0x16
 331 002b 00       		.byte	0
 332 002c 03       		.uleb128 0x3
 333 002d 0E       		.uleb128 0xe
 334 002e 3A       		.uleb128 0x3a
 335 002f 0B       		.uleb128 0xb
 336 0030 3B       		.uleb128 0x3b
 337 0031 0B       		.uleb128 0xb
 338 0032 49       		.uleb128 0x49
 339 0033 13       		.uleb128 0x13
ARM GAS  C:\Users\Vitali\AppData\Local\Temp\cczbnXKE.s 			page 9


 340 0034 00       		.byte	0
 341 0035 00       		.byte	0
 342 0036 05       		.uleb128 0x5
 343 0037 13       		.uleb128 0x13
 344 0038 01       		.byte	0x1
 345 0039 0B       		.uleb128 0xb
 346 003a 0B       		.uleb128 0xb
 347 003b 3A       		.uleb128 0x3a
 348 003c 0B       		.uleb128 0xb
 349 003d 3B       		.uleb128 0x3b
 350 003e 0B       		.uleb128 0xb
 351 003f 01       		.uleb128 0x1
 352 0040 13       		.uleb128 0x13
 353 0041 00       		.byte	0
 354 0042 00       		.byte	0
 355 0043 06       		.uleb128 0x6
 356 0044 0D       		.uleb128 0xd
 357 0045 00       		.byte	0
 358 0046 03       		.uleb128 0x3
 359 0047 0E       		.uleb128 0xe
 360 0048 3A       		.uleb128 0x3a
 361 0049 0B       		.uleb128 0xb
 362 004a 3B       		.uleb128 0x3b
 363 004b 0B       		.uleb128 0xb
 364 004c 49       		.uleb128 0x49
 365 004d 13       		.uleb128 0x13
 366 004e 38       		.uleb128 0x38
 367 004f 0B       		.uleb128 0xb
 368 0050 00       		.byte	0
 369 0051 00       		.byte	0
 370 0052 07       		.uleb128 0x7
 371 0053 2E       		.uleb128 0x2e
 372 0054 00       		.byte	0
 373 0055 3F       		.uleb128 0x3f
 374 0056 19       		.uleb128 0x19
 375 0057 03       		.uleb128 0x3
 376 0058 0E       		.uleb128 0xe
 377 0059 3A       		.uleb128 0x3a
 378 005a 0B       		.uleb128 0xb
 379 005b 3B       		.uleb128 0x3b
 380 005c 0B       		.uleb128 0xb
 381 005d 27       		.uleb128 0x27
 382 005e 19       		.uleb128 0x19
 383 005f 20       		.uleb128 0x20
 384 0060 0B       		.uleb128 0xb
 385 0061 00       		.byte	0
 386 0062 00       		.byte	0
 387 0063 08       		.uleb128 0x8
 388 0064 2E       		.uleb128 0x2e
 389 0065 00       		.byte	0
 390 0066 31       		.uleb128 0x31
 391 0067 13       		.uleb128 0x13
 392 0068 11       		.uleb128 0x11
 393 0069 01       		.uleb128 0x1
 394 006a 12       		.uleb128 0x12
 395 006b 06       		.uleb128 0x6
 396 006c 40       		.uleb128 0x40
ARM GAS  C:\Users\Vitali\AppData\Local\Temp\cczbnXKE.s 			page 10


 397 006d 18       		.uleb128 0x18
 398 006e 9742     		.uleb128 0x2117
 399 0070 19       		.uleb128 0x19
 400 0071 00       		.byte	0
 401 0072 00       		.byte	0
 402 0073 09       		.uleb128 0x9
 403 0074 2E       		.uleb128 0x2e
 404 0075 01       		.byte	0x1
 405 0076 3F       		.uleb128 0x3f
 406 0077 19       		.uleb128 0x19
 407 0078 03       		.uleb128 0x3
 408 0079 0E       		.uleb128 0xe
 409 007a 3A       		.uleb128 0x3a
 410 007b 0B       		.uleb128 0xb
 411 007c 3B       		.uleb128 0x3b
 412 007d 0B       		.uleb128 0xb
 413 007e 27       		.uleb128 0x27
 414 007f 19       		.uleb128 0x19
 415 0080 11       		.uleb128 0x11
 416 0081 01       		.uleb128 0x1
 417 0082 12       		.uleb128 0x12
 418 0083 06       		.uleb128 0x6
 419 0084 40       		.uleb128 0x40
 420 0085 18       		.uleb128 0x18
 421 0086 9742     		.uleb128 0x2117
 422 0088 19       		.uleb128 0x19
 423 0089 01       		.uleb128 0x1
 424 008a 13       		.uleb128 0x13
 425 008b 00       		.byte	0
 426 008c 00       		.byte	0
 427 008d 0A       		.uleb128 0xa
 428 008e 898201   		.uleb128 0x4109
 429 0091 00       		.byte	0
 430 0092 11       		.uleb128 0x11
 431 0093 01       		.uleb128 0x1
 432 0094 31       		.uleb128 0x31
 433 0095 13       		.uleb128 0x13
 434 0096 00       		.byte	0
 435 0097 00       		.byte	0
 436 0098 0B       		.uleb128 0xb
 437 0099 34       		.uleb128 0x34
 438 009a 00       		.byte	0
 439 009b 03       		.uleb128 0x3
 440 009c 0E       		.uleb128 0xe
 441 009d 3A       		.uleb128 0x3a
 442 009e 0B       		.uleb128 0xb
 443 009f 3B       		.uleb128 0x3b
 444 00a0 0B       		.uleb128 0xb
 445 00a1 49       		.uleb128 0x49
 446 00a2 13       		.uleb128 0x13
 447 00a3 02       		.uleb128 0x2
 448 00a4 18       		.uleb128 0x18
 449 00a5 00       		.byte	0
 450 00a6 00       		.byte	0
 451 00a7 0C       		.uleb128 0xc
 452 00a8 34       		.uleb128 0x34
 453 00a9 00       		.byte	0
ARM GAS  C:\Users\Vitali\AppData\Local\Temp\cczbnXKE.s 			page 11


 454 00aa 03       		.uleb128 0x3
 455 00ab 0E       		.uleb128 0xe
 456 00ac 3A       		.uleb128 0x3a
 457 00ad 0B       		.uleb128 0xb
 458 00ae 3B       		.uleb128 0x3b
 459 00af 0B       		.uleb128 0xb
 460 00b0 49       		.uleb128 0x49
 461 00b1 13       		.uleb128 0x13
 462 00b2 3F       		.uleb128 0x3f
 463 00b3 19       		.uleb128 0x19
 464 00b4 3C       		.uleb128 0x3c
 465 00b5 19       		.uleb128 0x19
 466 00b6 00       		.byte	0
 467 00b7 00       		.byte	0
 468 00b8 0D       		.uleb128 0xd
 469 00b9 2E       		.uleb128 0x2e
 470 00ba 00       		.byte	0
 471 00bb 3F       		.uleb128 0x3f
 472 00bc 19       		.uleb128 0x19
 473 00bd 03       		.uleb128 0x3
 474 00be 0E       		.uleb128 0xe
 475 00bf 3A       		.uleb128 0x3a
 476 00c0 0B       		.uleb128 0xb
 477 00c1 3B       		.uleb128 0x3b
 478 00c2 0B       		.uleb128 0xb
 479 00c3 27       		.uleb128 0x27
 480 00c4 19       		.uleb128 0x19
 481 00c5 3C       		.uleb128 0x3c
 482 00c6 19       		.uleb128 0x19
 483 00c7 00       		.byte	0
 484 00c8 00       		.byte	0
 485 00c9 00       		.byte	0
 486              		.section	.debug_aranges,"",%progbits
 487 0000 34000000 		.4byte	0x34
 488 0004 0200     		.2byte	0x2
 489 0006 00000000 		.4byte	.Ldebug_info0
 490 000a 04       		.byte	0x4
 491 000b 00       		.byte	0
 492 000c 0000     		.2byte	0
 493 000e 0000     		.2byte	0
 494 0010 00000000 		.4byte	.LFB0
 495 0014 02000000 		.4byte	.LFE0-.LFB0
 496 0018 00000000 		.4byte	.LFB1
 497 001c 02000000 		.4byte	.LFE1-.LFB1
 498 0020 00000000 		.4byte	.LFB2
 499 0024 18000000 		.4byte	.LFE2-.LFB2
 500 0028 00000000 		.4byte	.LFB3
 501 002c 14000000 		.4byte	.LFE3-.LFB3
 502 0030 00000000 		.4byte	0
 503 0034 00000000 		.4byte	0
 504              		.section	.debug_ranges,"",%progbits
 505              	.Ldebug_ranges0:
 506 0000 00000000 		.4byte	.LFB0
 507 0004 02000000 		.4byte	.LFE0
 508 0008 00000000 		.4byte	.LFB1
 509 000c 02000000 		.4byte	.LFE1
 510 0010 00000000 		.4byte	.LFB2
ARM GAS  C:\Users\Vitali\AppData\Local\Temp\cczbnXKE.s 			page 12


 511 0014 18000000 		.4byte	.LFE2
 512 0018 00000000 		.4byte	.LFB3
 513 001c 14000000 		.4byte	.LFE3
 514 0020 00000000 		.4byte	0
 515 0024 00000000 		.4byte	0
 516              		.section	.debug_line,"",%progbits
 517              	.Ldebug_line0:
 518 0000 9C000000 		.section	.debug_str,"MS",%progbits,1
 518      02004E00 
 518      00000201 
 518      FB0E0D00 
 518      01010101 
 519              	.LASF25:
 520 0000 4C43445F 		.ascii	"LCD_enableState\000"
 520      656E6162 
 520      6C655374 
 520      61746500 
 521              	.LASF20:
 522 0010 474E5520 		.ascii	"GNU C 4.9.3 20150303 (release) [ARM/embedded-4_9-br"
 522      4320342E 
 522      392E3320 
 522      32303135 
 522      30333033 
 523 0043 616E6368 		.ascii	"anch revision 221220] -mcpu=cortex-m0 -mthumb -g -O"
 523      20726576 
 523      6973696F 
 523      6E203232 
 523      31323230 
 524 0076 73202D66 		.ascii	"s -ffunction-sections -ffat-lto-objects\000"
 524      66756E63 
 524      74696F6E 
 524      2D736563 
 524      74696F6E 
 525              	.LASF16:
 526 009e 4C43445F 		.ascii	"LCD_Sleep\000"
 526      536C6565 
 526      7000
 527              	.LASF18:
 528 00a8 4C43445F 		.ascii	"LCD_Stop\000"
 528      53746F70 
 528      00
 529              	.LASF9:
 530 00b1 666C6F61 		.ascii	"float\000"
 530      7400
 531              	.LASF1:
 532 00b7 756E7369 		.ascii	"unsigned char\000"
 532      676E6564 
 532      20636861 
 532      7200
 533              	.LASF14:
 534 00c5 4C43445F 		.ascii	"LCD_SaveConfig\000"
 534      53617665 
 534      436F6E66 
 534      696700
 535              	.LASF5:
 536 00d4 6C6F6E67 		.ascii	"long unsigned int\000"
 536      20756E73 
ARM GAS  C:\Users\Vitali\AppData\Local\Temp\cczbnXKE.s 			page 13


 536      69676E65 
 536      6420696E 
 536      7400
 537              	.LASF3:
 538 00e6 73686F72 		.ascii	"short unsigned int\000"
 538      7420756E 
 538      7369676E 
 538      65642069 
 538      6E7400
 539              	.LASF10:
 540 00f9 646F7562 		.ascii	"double\000"
 540      6C6500
 541              	.LASF19:
 542 0100 4C43445F 		.ascii	"LCD_Enable\000"
 542      456E6162 
 542      6C6500
 543              	.LASF21:
 544 010b 2E5C4765 		.ascii	".\\Generated_Source\\PSoC4\\LCD_PM.c\000"
 544      6E657261 
 544      7465645F 
 544      536F7572 
 544      63655C50 
 545              	.LASF15:
 546 012d 4C43445F 		.ascii	"LCD_RestoreConfig\000"
 546      52657374 
 546      6F726543 
 546      6F6E6669 
 546      6700
 547              	.LASF8:
 548 013f 756E7369 		.ascii	"unsigned int\000"
 548      676E6564 
 548      20696E74 
 548      00
 549              	.LASF7:
 550 014c 6C6F6E67 		.ascii	"long long unsigned int\000"
 550      206C6F6E 
 550      6720756E 
 550      7369676E 
 550      65642069 
 551              	.LASF22:
 552 0163 433A5C55 		.ascii	"C:\\Users\\Vitali\\Documents\\PSoC Creator\\Expo_Co"
 552      73657273 
 552      5C566974 
 552      616C695C 
 552      446F6375 
 553 0191 6E74726F 		.ascii	"ntroller_Workspace\\Expo_Controller2.cydsn\000"
 553      6C6C6572 
 553      5F576F72 
 553      6B737061 
 553      63655C45 
 554              	.LASF6:
 555 01bb 6C6F6E67 		.ascii	"long long int\000"
 555      206C6F6E 
 555      6720696E 
 555      7400
 556              	.LASF11:
 557 01c9 63686172 		.ascii	"char\000"
ARM GAS  C:\Users\Vitali\AppData\Local\Temp\cczbnXKE.s 			page 14


 557      00
 558              	.LASF13:
 559 01ce 4C43445F 		.ascii	"LCD_BACKUP_STRUCT\000"
 559      4241434B 
 559      55505F53 
 559      54525543 
 559      5400
 560              	.LASF2:
 561 01e0 73686F72 		.ascii	"short int\000"
 561      7420696E 
 561      7400
 562              	.LASF12:
 563 01ea 75696E74 		.ascii	"uint8\000"
 563      3800
 564              	.LASF24:
 565 01f0 4C43445F 		.ascii	"LCD_backup\000"
 565      6261636B 
 565      757000
 566              	.LASF4:
 567 01fb 6C6F6E67 		.ascii	"long int\000"
 567      20696E74 
 567      00
 568              	.LASF23:
 569 0204 656E6162 		.ascii	"enableState\000"
 569      6C655374 
 569      61746500 
 570              	.LASF0:
 571 0210 7369676E 		.ascii	"signed char\000"
 571      65642063 
 571      68617200 
 572              	.LASF17:
 573 021c 4C43445F 		.ascii	"LCD_Wakeup\000"
 573      57616B65 
 573      757000
 574              		.ident	"GCC: (GNU Tools for ARM Embedded Processors) 4.9.3 20150303 (release) [ARM/embedded-4_9-br
