ARM GAS  C:\Users\Vitali\AppData\Local\Temp\cciWpimb.s 			page 1


   1              		.cpu cortex-m0
   2              		.fpu softvfp
   3              		.eabi_attribute 20, 1
   4              		.eabi_attribute 21, 1
   5              		.eabi_attribute 23, 3
   6              		.eabi_attribute 24, 1
   7              		.eabi_attribute 25, 1
   8              		.eabi_attribute 26, 1
   9              		.eabi_attribute 30, 4
  10              		.eabi_attribute 34, 0
  11              		.eabi_attribute 18, 4
  12              		.code	16
  13              		.file	"LCD_LCDPort.c"
  14              		.text
  15              	.Ltext0:
  16              		.cfi_sections	.debug_frame
  17              		.section	.text.LCD_LCDPort_Write,"ax",%progbits
  18              		.align	1
  19              		.global	LCD_LCDPort_Write
  20              		.code	16
  21              		.thumb_func
  22              		.type	LCD_LCDPort_Write, %function
  23              	LCD_LCDPort_Write:
  24              	.LFB0:
  25              		.file 1 ".\\Generated_Source\\PSoC4\\LCD_LCDPort.c"
   1:.\Generated_Source\PSoC4/LCD_LCDPort.c **** /*******************************************************************************
   2:.\Generated_Source\PSoC4/LCD_LCDPort.c **** * File Name: LCD_LCDPort.c  
   3:.\Generated_Source\PSoC4/LCD_LCDPort.c **** * Version 2.10
   4:.\Generated_Source\PSoC4/LCD_LCDPort.c **** *
   5:.\Generated_Source\PSoC4/LCD_LCDPort.c **** * Description:
   6:.\Generated_Source\PSoC4/LCD_LCDPort.c **** *  This file contains API to enable firmware control of a Pins component.
   7:.\Generated_Source\PSoC4/LCD_LCDPort.c **** *
   8:.\Generated_Source\PSoC4/LCD_LCDPort.c **** * Note:
   9:.\Generated_Source\PSoC4/LCD_LCDPort.c **** *
  10:.\Generated_Source\PSoC4/LCD_LCDPort.c **** ********************************************************************************
  11:.\Generated_Source\PSoC4/LCD_LCDPort.c **** * Copyright 2008-2014, Cypress Semiconductor Corporation.  All rights reserved.
  12:.\Generated_Source\PSoC4/LCD_LCDPort.c **** * You may use this file only in accordance with the license, terms, conditions, 
  13:.\Generated_Source\PSoC4/LCD_LCDPort.c **** * disclaimers, and limitations in the end user license agreement accompanying 
  14:.\Generated_Source\PSoC4/LCD_LCDPort.c **** * the software package with which this file was provided.
  15:.\Generated_Source\PSoC4/LCD_LCDPort.c **** *******************************************************************************/
  16:.\Generated_Source\PSoC4/LCD_LCDPort.c **** 
  17:.\Generated_Source\PSoC4/LCD_LCDPort.c **** #include "cytypes.h"
  18:.\Generated_Source\PSoC4/LCD_LCDPort.c **** #include "LCD_LCDPort.h"
  19:.\Generated_Source\PSoC4/LCD_LCDPort.c **** 
  20:.\Generated_Source\PSoC4/LCD_LCDPort.c **** #define SetP4PinDriveMode(shift, mode)  \
  21:.\Generated_Source\PSoC4/LCD_LCDPort.c ****     do { \
  22:.\Generated_Source\PSoC4/LCD_LCDPort.c ****         LCD_LCDPort_PC =   (LCD_LCDPort_PC & \
  23:.\Generated_Source\PSoC4/LCD_LCDPort.c ****                                 (uint32)(~(uint32)(LCD_LCDPort_DRIVE_MODE_IND_MASK << (LCD_LCDPort_
  24:.\Generated_Source\PSoC4/LCD_LCDPort.c ****                                 (uint32)((uint32)(mode) << (LCD_LCDPort_DRIVE_MODE_BITS * (shift)))
  25:.\Generated_Source\PSoC4/LCD_LCDPort.c ****     } while (0)
  26:.\Generated_Source\PSoC4/LCD_LCDPort.c **** 
  27:.\Generated_Source\PSoC4/LCD_LCDPort.c **** 
  28:.\Generated_Source\PSoC4/LCD_LCDPort.c **** /*******************************************************************************
  29:.\Generated_Source\PSoC4/LCD_LCDPort.c **** * Function Name: LCD_LCDPort_Write
  30:.\Generated_Source\PSoC4/LCD_LCDPort.c **** ********************************************************************************
  31:.\Generated_Source\PSoC4/LCD_LCDPort.c **** *
  32:.\Generated_Source\PSoC4/LCD_LCDPort.c **** * Summary:
ARM GAS  C:\Users\Vitali\AppData\Local\Temp\cciWpimb.s 			page 2


  33:.\Generated_Source\PSoC4/LCD_LCDPort.c **** *  Assign a new value to the digital port's data output register.  
  34:.\Generated_Source\PSoC4/LCD_LCDPort.c **** *
  35:.\Generated_Source\PSoC4/LCD_LCDPort.c **** * Parameters:  
  36:.\Generated_Source\PSoC4/LCD_LCDPort.c **** *  prtValue:  The value to be assigned to the Digital Port. 
  37:.\Generated_Source\PSoC4/LCD_LCDPort.c **** *
  38:.\Generated_Source\PSoC4/LCD_LCDPort.c **** * Return: 
  39:.\Generated_Source\PSoC4/LCD_LCDPort.c **** *  None 
  40:.\Generated_Source\PSoC4/LCD_LCDPort.c **** *  
  41:.\Generated_Source\PSoC4/LCD_LCDPort.c **** *******************************************************************************/
  42:.\Generated_Source\PSoC4/LCD_LCDPort.c **** void LCD_LCDPort_Write(uint8 value) 
  43:.\Generated_Source\PSoC4/LCD_LCDPort.c **** {
  26              		.loc 1 43 0
  27              		.cfi_startproc
  28              	.LVL0:
  44:.\Generated_Source\PSoC4/LCD_LCDPort.c ****     uint8 drVal = (uint8)(LCD_LCDPort_DR & (uint8)(~LCD_LCDPort_MASK));
  29              		.loc 1 44 0
  30 0000 7F23     		mov	r3, #127
  31 0002 0449     		ldr	r1, .L2
  45:.\Generated_Source\PSoC4/LCD_LCDPort.c ****     drVal = (drVal | ((uint8)(value << LCD_LCDPort_SHIFT) & LCD_LCDPort_MASK));
  46:.\Generated_Source\PSoC4/LCD_LCDPort.c ****     LCD_LCDPort_DR = (uint32)drVal;
  47:.\Generated_Source\PSoC4/LCD_LCDPort.c **** }
  32              		.loc 1 47 0
  33              		@ sp needed
  44:.\Generated_Source\PSoC4/LCD_LCDPort.c ****     uint8 drVal = (uint8)(LCD_LCDPort_DR & (uint8)(~LCD_LCDPort_MASK));
  34              		.loc 1 44 0
  35 0004 0A68     		ldr	r2, [r1]
  36 0006 9A43     		bic	r2, r3
  37 0008 D2B2     		uxtb	r2, r2
  38              	.LVL1:
  45:.\Generated_Source\PSoC4/LCD_LCDPort.c ****     drVal = (drVal | ((uint8)(value << LCD_LCDPort_SHIFT) & LCD_LCDPort_MASK));
  39              		.loc 1 45 0
  40 000a 0340     		and	r3, r0
  46:.\Generated_Source\PSoC4/LCD_LCDPort.c **** }
  41              		.loc 1 46 0
  42 000c 1343     		orr	r3, r2
  43 000e 0B60     		str	r3, [r1]
  44              		.loc 1 47 0
  45 0010 7047     		bx	lr
  46              	.L3:
  47 0012 C046     		.align	2
  48              	.L2:
  49 0014 00020440 		.word	1074004480
  50              		.cfi_endproc
  51              	.LFE0:
  52              		.size	LCD_LCDPort_Write, .-LCD_LCDPort_Write
  53              		.section	.text.LCD_LCDPort_SetDriveMode,"ax",%progbits
  54              		.align	1
  55              		.global	LCD_LCDPort_SetDriveMode
  56              		.code	16
  57              		.thumb_func
  58              		.type	LCD_LCDPort_SetDriveMode, %function
  59              	LCD_LCDPort_SetDriveMode:
  60              	.LFB1:
  48:.\Generated_Source\PSoC4/LCD_LCDPort.c **** 
  49:.\Generated_Source\PSoC4/LCD_LCDPort.c **** 
  50:.\Generated_Source\PSoC4/LCD_LCDPort.c **** /*******************************************************************************
  51:.\Generated_Source\PSoC4/LCD_LCDPort.c **** * Function Name: LCD_LCDPort_SetDriveMode
ARM GAS  C:\Users\Vitali\AppData\Local\Temp\cciWpimb.s 			page 3


  52:.\Generated_Source\PSoC4/LCD_LCDPort.c **** ********************************************************************************
  53:.\Generated_Source\PSoC4/LCD_LCDPort.c **** *
  54:.\Generated_Source\PSoC4/LCD_LCDPort.c **** * Summary:
  55:.\Generated_Source\PSoC4/LCD_LCDPort.c **** *  Change the drive mode on the pins of the port.
  56:.\Generated_Source\PSoC4/LCD_LCDPort.c **** * 
  57:.\Generated_Source\PSoC4/LCD_LCDPort.c **** * Parameters:  
  58:.\Generated_Source\PSoC4/LCD_LCDPort.c **** *  mode:  Change the pins to one of the following drive modes.
  59:.\Generated_Source\PSoC4/LCD_LCDPort.c **** *
  60:.\Generated_Source\PSoC4/LCD_LCDPort.c **** *  LCD_LCDPort_DM_STRONG     Strong Drive 
  61:.\Generated_Source\PSoC4/LCD_LCDPort.c **** *  LCD_LCDPort_DM_OD_HI      Open Drain, Drives High 
  62:.\Generated_Source\PSoC4/LCD_LCDPort.c **** *  LCD_LCDPort_DM_OD_LO      Open Drain, Drives Low 
  63:.\Generated_Source\PSoC4/LCD_LCDPort.c **** *  LCD_LCDPort_DM_RES_UP     Resistive Pull Up 
  64:.\Generated_Source\PSoC4/LCD_LCDPort.c **** *  LCD_LCDPort_DM_RES_DWN    Resistive Pull Down 
  65:.\Generated_Source\PSoC4/LCD_LCDPort.c **** *  LCD_LCDPort_DM_RES_UPDWN  Resistive Pull Up/Down 
  66:.\Generated_Source\PSoC4/LCD_LCDPort.c **** *  LCD_LCDPort_DM_DIG_HIZ    High Impedance Digital 
  67:.\Generated_Source\PSoC4/LCD_LCDPort.c **** *  LCD_LCDPort_DM_ALG_HIZ    High Impedance Analog 
  68:.\Generated_Source\PSoC4/LCD_LCDPort.c **** *
  69:.\Generated_Source\PSoC4/LCD_LCDPort.c **** * Return: 
  70:.\Generated_Source\PSoC4/LCD_LCDPort.c **** *  None
  71:.\Generated_Source\PSoC4/LCD_LCDPort.c **** *
  72:.\Generated_Source\PSoC4/LCD_LCDPort.c **** *******************************************************************************/
  73:.\Generated_Source\PSoC4/LCD_LCDPort.c **** void LCD_LCDPort_SetDriveMode(uint8 mode) 
  74:.\Generated_Source\PSoC4/LCD_LCDPort.c **** {
  61              		.loc 1 74 0
  62              		.cfi_startproc
  63              	.LVL2:
  75:.\Generated_Source\PSoC4/LCD_LCDPort.c **** 	SetP4PinDriveMode(LCD_LCDPort__0__SHIFT, mode);
  64              		.loc 1 75 0
  65 0000 0721     		mov	r1, #7
  74:.\Generated_Source\PSoC4/LCD_LCDPort.c **** 	SetP4PinDriveMode(LCD_LCDPort__0__SHIFT, mode);
  66              		.loc 1 74 0
  67 0002 10B5     		push	{r4, lr}
  68              		.cfi_def_cfa_offset 8
  69              		.cfi_offset 4, -8
  70              		.cfi_offset 14, -4
  76:.\Generated_Source\PSoC4/LCD_LCDPort.c **** 	SetP4PinDriveMode(LCD_LCDPort__1__SHIFT, mode);
  71              		.loc 1 76 0
  72 0004 3824     		mov	r4, #56
  75:.\Generated_Source\PSoC4/LCD_LCDPort.c **** 	SetP4PinDriveMode(LCD_LCDPort__0__SHIFT, mode);
  73              		.loc 1 75 0
  74 0006 144B     		ldr	r3, .L5
  77:.\Generated_Source\PSoC4/LCD_LCDPort.c **** 	SetP4PinDriveMode(LCD_LCDPort__2__SHIFT, mode);
  78:.\Generated_Source\PSoC4/LCD_LCDPort.c **** 	SetP4PinDriveMode(LCD_LCDPort__3__SHIFT, mode);
  79:.\Generated_Source\PSoC4/LCD_LCDPort.c **** 	SetP4PinDriveMode(LCD_LCDPort__4__SHIFT, mode);
  80:.\Generated_Source\PSoC4/LCD_LCDPort.c **** 	SetP4PinDriveMode(LCD_LCDPort__5__SHIFT, mode);
  81:.\Generated_Source\PSoC4/LCD_LCDPort.c **** 	SetP4PinDriveMode(LCD_LCDPort__6__SHIFT, mode);
  82:.\Generated_Source\PSoC4/LCD_LCDPort.c **** }
  75              		.loc 1 82 0
  76              		@ sp needed
  75:.\Generated_Source\PSoC4/LCD_LCDPort.c **** 	SetP4PinDriveMode(LCD_LCDPort__1__SHIFT, mode);
  77              		.loc 1 75 0
  78 0008 1A68     		ldr	r2, [r3]
  79 000a 8A43     		bic	r2, r1
  80 000c 0243     		orr	r2, r0
  81 000e 1A60     		str	r2, [r3]
  76:.\Generated_Source\PSoC4/LCD_LCDPort.c **** 	SetP4PinDriveMode(LCD_LCDPort__1__SHIFT, mode);
  82              		.loc 1 76 0
ARM GAS  C:\Users\Vitali\AppData\Local\Temp\cciWpimb.s 			page 4


  83 0010 1A68     		ldr	r2, [r3]
  84 0012 C100     		lsl	r1, r0, #3
  85 0014 A243     		bic	r2, r4
  86 0016 0A43     		orr	r2, r1
  87 0018 1A60     		str	r2, [r3]
  77:.\Generated_Source\PSoC4/LCD_LCDPort.c **** 	SetP4PinDriveMode(LCD_LCDPort__2__SHIFT, mode);
  88              		.loc 1 77 0
  89 001a 1A68     		ldr	r2, [r3]
  90 001c 0F49     		ldr	r1, .L5+4
  91 001e 8401     		lsl	r4, r0, #6
  92 0020 0A40     		and	r2, r1
  93 0022 2243     		orr	r2, r4
  94 0024 1A60     		str	r2, [r3]
  78:.\Generated_Source\PSoC4/LCD_LCDPort.c **** 	SetP4PinDriveMode(LCD_LCDPort__4__SHIFT, mode);
  95              		.loc 1 78 0
  96 0026 1A68     		ldr	r2, [r3]
  97 0028 0D49     		ldr	r1, .L5+8
  98 002a 4402     		lsl	r4, r0, #9
  99 002c 0A40     		and	r2, r1
 100 002e 2243     		orr	r2, r4
 101 0030 1A60     		str	r2, [r3]
  79:.\Generated_Source\PSoC4/LCD_LCDPort.c **** 	SetP4PinDriveMode(LCD_LCDPort__5__SHIFT, mode);
 102              		.loc 1 79 0
 103 0032 1A68     		ldr	r2, [r3]
 104 0034 0B49     		ldr	r1, .L5+12
 105 0036 0403     		lsl	r4, r0, #12
 106 0038 0A40     		and	r2, r1
 107 003a 2243     		orr	r2, r4
 108 003c 1A60     		str	r2, [r3]
  80:.\Generated_Source\PSoC4/LCD_LCDPort.c **** 	SetP4PinDriveMode(LCD_LCDPort__6__SHIFT, mode);
 109              		.loc 1 80 0
 110 003e 1A68     		ldr	r2, [r3]
 111 0040 0949     		ldr	r1, .L5+16
 112 0042 C403     		lsl	r4, r0, #15
 113 0044 0A40     		and	r2, r1
 114 0046 2243     		orr	r2, r4
 115 0048 1A60     		str	r2, [r3]
  81:.\Generated_Source\PSoC4/LCD_LCDPort.c **** }
 116              		.loc 1 81 0
 117 004a 1968     		ldr	r1, [r3]
 118 004c 074A     		ldr	r2, .L5+20
 119 004e 8004     		lsl	r0, r0, #18
 120              	.LVL3:
 121 0050 0A40     		and	r2, r1
 122 0052 1043     		orr	r0, r2
 123 0054 1860     		str	r0, [r3]
 124              		.loc 1 82 0
 125 0056 10BD     		pop	{r4, pc}
 126              	.L6:
 127              		.align	2
 128              	.L5:
 129 0058 08020440 		.word	1074004488
 130 005c 3FFEFFFF 		.word	-449
 131 0060 FFF1FFFF 		.word	-3585
 132 0064 FF8FFFFF 		.word	-28673
 133 0068 FF7FFCFF 		.word	-229377
 134 006c FFFFE3FF 		.word	-1835009
ARM GAS  C:\Users\Vitali\AppData\Local\Temp\cciWpimb.s 			page 5


 135              		.cfi_endproc
 136              	.LFE1:
 137              		.size	LCD_LCDPort_SetDriveMode, .-LCD_LCDPort_SetDriveMode
 138              		.section	.text.LCD_LCDPort_Read,"ax",%progbits
 139              		.align	1
 140              		.global	LCD_LCDPort_Read
 141              		.code	16
 142              		.thumb_func
 143              		.type	LCD_LCDPort_Read, %function
 144              	LCD_LCDPort_Read:
 145              	.LFB2:
  83:.\Generated_Source\PSoC4/LCD_LCDPort.c **** 
  84:.\Generated_Source\PSoC4/LCD_LCDPort.c **** 
  85:.\Generated_Source\PSoC4/LCD_LCDPort.c **** /*******************************************************************************
  86:.\Generated_Source\PSoC4/LCD_LCDPort.c **** * Function Name: LCD_LCDPort_Read
  87:.\Generated_Source\PSoC4/LCD_LCDPort.c **** ********************************************************************************
  88:.\Generated_Source\PSoC4/LCD_LCDPort.c **** *
  89:.\Generated_Source\PSoC4/LCD_LCDPort.c **** * Summary:
  90:.\Generated_Source\PSoC4/LCD_LCDPort.c **** *  Read the current value on the pins of the Digital Port in right justified 
  91:.\Generated_Source\PSoC4/LCD_LCDPort.c **** *  form.
  92:.\Generated_Source\PSoC4/LCD_LCDPort.c **** *
  93:.\Generated_Source\PSoC4/LCD_LCDPort.c **** * Parameters:  
  94:.\Generated_Source\PSoC4/LCD_LCDPort.c **** *  None 
  95:.\Generated_Source\PSoC4/LCD_LCDPort.c **** *
  96:.\Generated_Source\PSoC4/LCD_LCDPort.c **** * Return: 
  97:.\Generated_Source\PSoC4/LCD_LCDPort.c **** *  Returns the current value of the Digital Port as a right justified number
  98:.\Generated_Source\PSoC4/LCD_LCDPort.c **** *  
  99:.\Generated_Source\PSoC4/LCD_LCDPort.c **** * Note:
 100:.\Generated_Source\PSoC4/LCD_LCDPort.c **** *  Macro LCD_LCDPort_ReadPS calls this function. 
 101:.\Generated_Source\PSoC4/LCD_LCDPort.c **** *  
 102:.\Generated_Source\PSoC4/LCD_LCDPort.c **** *******************************************************************************/
 103:.\Generated_Source\PSoC4/LCD_LCDPort.c **** uint8 LCD_LCDPort_Read(void) 
 104:.\Generated_Source\PSoC4/LCD_LCDPort.c **** {
 146              		.loc 1 104 0
 147              		.cfi_startproc
 105:.\Generated_Source\PSoC4/LCD_LCDPort.c ****     return (uint8)((LCD_LCDPort_PS & LCD_LCDPort_MASK) >> LCD_LCDPort_SHIFT);
 148              		.loc 1 105 0
 149 0000 024B     		ldr	r3, .L8
 106:.\Generated_Source\PSoC4/LCD_LCDPort.c **** }
 150              		.loc 1 106 0
 151              		@ sp needed
 105:.\Generated_Source\PSoC4/LCD_LCDPort.c ****     return (uint8)((LCD_LCDPort_PS & LCD_LCDPort_MASK) >> LCD_LCDPort_SHIFT);
 152              		.loc 1 105 0
 153 0002 1868     		ldr	r0, [r3]
 154 0004 7F23     		mov	r3, #127
 155 0006 1840     		and	r0, r3
 156              		.loc 1 106 0
 157 0008 7047     		bx	lr
 158              	.L9:
 159 000a C046     		.align	2
 160              	.L8:
 161 000c 04020440 		.word	1074004484
 162              		.cfi_endproc
 163              	.LFE2:
 164              		.size	LCD_LCDPort_Read, .-LCD_LCDPort_Read
 165              		.section	.text.LCD_LCDPort_ReadDataReg,"ax",%progbits
 166              		.align	1
ARM GAS  C:\Users\Vitali\AppData\Local\Temp\cciWpimb.s 			page 6


 167              		.global	LCD_LCDPort_ReadDataReg
 168              		.code	16
 169              		.thumb_func
 170              		.type	LCD_LCDPort_ReadDataReg, %function
 171              	LCD_LCDPort_ReadDataReg:
 172              	.LFB3:
 107:.\Generated_Source\PSoC4/LCD_LCDPort.c **** 
 108:.\Generated_Source\PSoC4/LCD_LCDPort.c **** 
 109:.\Generated_Source\PSoC4/LCD_LCDPort.c **** /*******************************************************************************
 110:.\Generated_Source\PSoC4/LCD_LCDPort.c **** * Function Name: LCD_LCDPort_ReadDataReg
 111:.\Generated_Source\PSoC4/LCD_LCDPort.c **** ********************************************************************************
 112:.\Generated_Source\PSoC4/LCD_LCDPort.c **** *
 113:.\Generated_Source\PSoC4/LCD_LCDPort.c **** * Summary:
 114:.\Generated_Source\PSoC4/LCD_LCDPort.c **** *  Read the current value assigned to a Digital Port's data output register
 115:.\Generated_Source\PSoC4/LCD_LCDPort.c **** *
 116:.\Generated_Source\PSoC4/LCD_LCDPort.c **** * Parameters:  
 117:.\Generated_Source\PSoC4/LCD_LCDPort.c **** *  None 
 118:.\Generated_Source\PSoC4/LCD_LCDPort.c **** *
 119:.\Generated_Source\PSoC4/LCD_LCDPort.c **** * Return: 
 120:.\Generated_Source\PSoC4/LCD_LCDPort.c **** *  Returns the current value assigned to the Digital Port's data output register
 121:.\Generated_Source\PSoC4/LCD_LCDPort.c **** *  
 122:.\Generated_Source\PSoC4/LCD_LCDPort.c **** *******************************************************************************/
 123:.\Generated_Source\PSoC4/LCD_LCDPort.c **** uint8 LCD_LCDPort_ReadDataReg(void) 
 124:.\Generated_Source\PSoC4/LCD_LCDPort.c **** {
 173              		.loc 1 124 0
 174              		.cfi_startproc
 125:.\Generated_Source\PSoC4/LCD_LCDPort.c ****     return (uint8)((LCD_LCDPort_DR & LCD_LCDPort_MASK) >> LCD_LCDPort_SHIFT);
 175              		.loc 1 125 0
 176 0000 024B     		ldr	r3, .L11
 126:.\Generated_Source\PSoC4/LCD_LCDPort.c **** }
 177              		.loc 1 126 0
 178              		@ sp needed
 125:.\Generated_Source\PSoC4/LCD_LCDPort.c ****     return (uint8)((LCD_LCDPort_DR & LCD_LCDPort_MASK) >> LCD_LCDPort_SHIFT);
 179              		.loc 1 125 0
 180 0002 1868     		ldr	r0, [r3]
 181 0004 7F23     		mov	r3, #127
 182 0006 1840     		and	r0, r3
 183              		.loc 1 126 0
 184 0008 7047     		bx	lr
 185              	.L12:
 186 000a C046     		.align	2
 187              	.L11:
 188 000c 00020440 		.word	1074004480
 189              		.cfi_endproc
 190              	.LFE3:
 191              		.size	LCD_LCDPort_ReadDataReg, .-LCD_LCDPort_ReadDataReg
 192              		.section	.text.LCD_LCDPort_ClearInterrupt,"ax",%progbits
 193              		.align	1
 194              		.global	LCD_LCDPort_ClearInterrupt
 195              		.code	16
 196              		.thumb_func
 197              		.type	LCD_LCDPort_ClearInterrupt, %function
 198              	LCD_LCDPort_ClearInterrupt:
 199              	.LFB4:
 127:.\Generated_Source\PSoC4/LCD_LCDPort.c **** 
 128:.\Generated_Source\PSoC4/LCD_LCDPort.c **** 
 129:.\Generated_Source\PSoC4/LCD_LCDPort.c **** /* If Interrupts Are Enabled for this Pins component */ 
ARM GAS  C:\Users\Vitali\AppData\Local\Temp\cciWpimb.s 			page 7


 130:.\Generated_Source\PSoC4/LCD_LCDPort.c **** #if defined(LCD_LCDPort_INTSTAT) 
 131:.\Generated_Source\PSoC4/LCD_LCDPort.c **** 
 132:.\Generated_Source\PSoC4/LCD_LCDPort.c ****     /*******************************************************************************
 133:.\Generated_Source\PSoC4/LCD_LCDPort.c ****     * Function Name: LCD_LCDPort_ClearInterrupt
 134:.\Generated_Source\PSoC4/LCD_LCDPort.c ****     ********************************************************************************
 135:.\Generated_Source\PSoC4/LCD_LCDPort.c ****     *
 136:.\Generated_Source\PSoC4/LCD_LCDPort.c ****     * Summary:
 137:.\Generated_Source\PSoC4/LCD_LCDPort.c ****     *  Clears any active interrupts attached to port and returns the value of the 
 138:.\Generated_Source\PSoC4/LCD_LCDPort.c ****     *  interrupt status register.
 139:.\Generated_Source\PSoC4/LCD_LCDPort.c ****     *
 140:.\Generated_Source\PSoC4/LCD_LCDPort.c ****     * Parameters:  
 141:.\Generated_Source\PSoC4/LCD_LCDPort.c ****     *  None 
 142:.\Generated_Source\PSoC4/LCD_LCDPort.c ****     *
 143:.\Generated_Source\PSoC4/LCD_LCDPort.c ****     * Return: 
 144:.\Generated_Source\PSoC4/LCD_LCDPort.c ****     *  Returns the value of the interrupt status register
 145:.\Generated_Source\PSoC4/LCD_LCDPort.c ****     *  
 146:.\Generated_Source\PSoC4/LCD_LCDPort.c ****     *******************************************************************************/
 147:.\Generated_Source\PSoC4/LCD_LCDPort.c ****     uint8 LCD_LCDPort_ClearInterrupt(void) 
 148:.\Generated_Source\PSoC4/LCD_LCDPort.c ****     {
 200              		.loc 1 148 0
 201              		.cfi_startproc
 149:.\Generated_Source\PSoC4/LCD_LCDPort.c **** 		uint8 maskedStatus = (uint8)(LCD_LCDPort_INTSTAT & LCD_LCDPort_MASK);
 202              		.loc 1 149 0
 203 0000 7F23     		mov	r3, #127
 204 0002 024A     		ldr	r2, .L14
 150:.\Generated_Source\PSoC4/LCD_LCDPort.c **** 		LCD_LCDPort_INTSTAT = maskedStatus;
 151:.\Generated_Source\PSoC4/LCD_LCDPort.c ****         return maskedStatus >> LCD_LCDPort_SHIFT;
 152:.\Generated_Source\PSoC4/LCD_LCDPort.c ****     }
 205              		.loc 1 152 0
 206              		@ sp needed
 149:.\Generated_Source\PSoC4/LCD_LCDPort.c **** 		uint8 maskedStatus = (uint8)(LCD_LCDPort_INTSTAT & LCD_LCDPort_MASK);
 207              		.loc 1 149 0
 208 0004 1068     		ldr	r0, [r2]
 209 0006 1840     		and	r0, r3
 210              	.LVL4:
 150:.\Generated_Source\PSoC4/LCD_LCDPort.c **** 		LCD_LCDPort_INTSTAT = maskedStatus;
 211              		.loc 1 150 0
 212 0008 1060     		str	r0, [r2]
 213              		.loc 1 152 0
 214 000a 7047     		bx	lr
 215              	.L15:
 216              		.align	2
 217              	.L14:
 218 000c 10020440 		.word	1074004496
 219              		.cfi_endproc
 220              	.LFE4:
 221              		.size	LCD_LCDPort_ClearInterrupt, .-LCD_LCDPort_ClearInterrupt
 222              		.text
 223              	.Letext0:
 224              		.file 2 ".\\Generated_Source\\PSoC4\\cytypes.h"
 225              		.section	.debug_info,"",%progbits
 226              	.Ldebug_info0:
 227 0000 4E010000 		.4byte	0x14e
 228 0004 0400     		.2byte	0x4
 229 0006 00000000 		.4byte	.Ldebug_abbrev0
 230 000a 04       		.byte	0x4
 231 000b 01       		.uleb128 0x1
ARM GAS  C:\Users\Vitali\AppData\Local\Temp\cciWpimb.s 			page 8


 232 000c 06000000 		.4byte	.LASF24
 233 0010 01       		.byte	0x1
 234 0011 52010000 		.4byte	.LASF25
 235 0015 EB010000 		.4byte	.LASF26
 236 0019 00000000 		.4byte	.Ldebug_ranges0+0
 237 001d 00000000 		.4byte	0
 238 0021 00000000 		.4byte	.Ldebug_line0
 239 0025 02       		.uleb128 0x2
 240 0026 01       		.byte	0x1
 241 0027 06       		.byte	0x6
 242 0028 DF010000 		.4byte	.LASF0
 243 002c 02       		.uleb128 0x2
 244 002d 01       		.byte	0x1
 245 002e 08       		.byte	0x8
 246 002f E5000000 		.4byte	.LASF1
 247 0033 02       		.uleb128 0x2
 248 0034 02       		.byte	0x2
 249 0035 05       		.byte	0x5
 250 0036 B5010000 		.4byte	.LASF2
 251 003a 02       		.uleb128 0x2
 252 003b 02       		.byte	0x2
 253 003c 07       		.byte	0x7
 254 003d 0B010000 		.4byte	.LASF3
 255 0041 02       		.uleb128 0x2
 256 0042 04       		.byte	0x4
 257 0043 05       		.byte	0x5
 258 0044 D6010000 		.4byte	.LASF4
 259 0048 02       		.uleb128 0x2
 260 0049 04       		.byte	0x4
 261 004a 07       		.byte	0x7
 262 004b F9000000 		.4byte	.LASF5
 263 004f 02       		.uleb128 0x2
 264 0050 08       		.byte	0x8
 265 0051 05       		.byte	0x5
 266 0052 95010000 		.4byte	.LASF6
 267 0056 02       		.uleb128 0x2
 268 0057 08       		.byte	0x8
 269 0058 07       		.byte	0x7
 270 0059 79010000 		.4byte	.LASF7
 271 005d 03       		.uleb128 0x3
 272 005e 04       		.byte	0x4
 273 005f 05       		.byte	0x5
 274 0060 696E7400 		.ascii	"int\000"
 275 0064 02       		.uleb128 0x2
 276 0065 04       		.byte	0x4
 277 0066 07       		.byte	0x7
 278 0067 45010000 		.4byte	.LASF8
 279 006b 04       		.uleb128 0x4
 280 006c BF010000 		.4byte	.LASF9
 281 0070 02       		.byte	0x2
 282 0071 C2       		.byte	0xc2
 283 0072 2C000000 		.4byte	0x2c
 284 0076 04       		.uleb128 0x4
 285 0077 3E010000 		.4byte	.LASF10
 286 007b 02       		.byte	0x2
 287 007c C4       		.byte	0xc4
 288 007d 48000000 		.4byte	0x48
ARM GAS  C:\Users\Vitali\AppData\Local\Temp\cciWpimb.s 			page 9


 289 0081 02       		.uleb128 0x2
 290 0082 04       		.byte	0x4
 291 0083 04       		.byte	0x4
 292 0084 DF000000 		.4byte	.LASF11
 293 0088 02       		.uleb128 0x2
 294 0089 08       		.byte	0x8
 295 008a 04       		.byte	0x4
 296 008b 37010000 		.4byte	.LASF12
 297 008f 02       		.uleb128 0x2
 298 0090 01       		.byte	0x1
 299 0091 08       		.byte	0x8
 300 0092 B0010000 		.4byte	.LASF13
 301 0096 05       		.uleb128 0x5
 302 0097 00000000 		.4byte	.LASF14
 303 009b 02       		.byte	0x2
 304 009c 6E01     		.2byte	0x16e
 305 009e A2000000 		.4byte	0xa2
 306 00a2 06       		.uleb128 0x6
 307 00a3 76000000 		.4byte	0x76
 308 00a7 07       		.uleb128 0x7
 309 00a8 9A000000 		.4byte	.LASF15
 310 00ac 01       		.byte	0x1
 311 00ad 2A       		.byte	0x2a
 312 00ae 00000000 		.4byte	.LFB0
 313 00b2 18000000 		.4byte	.LFE0-.LFB0
 314 00b6 01       		.uleb128 0x1
 315 00b7 9C       		.byte	0x9c
 316 00b8 DF000000 		.4byte	0xdf
 317 00bc 08       		.uleb128 0x8
 318 00bd 94000000 		.4byte	.LASF17
 319 00c1 01       		.byte	0x1
 320 00c2 2A       		.byte	0x2a
 321 00c3 6B000000 		.4byte	0x6b
 322 00c7 01       		.uleb128 0x1
 323 00c8 50       		.byte	0x50
 324 00c9 09       		.uleb128 0x9
 325 00ca F3000000 		.4byte	.LASF22
 326 00ce 01       		.byte	0x1
 327 00cf 2C       		.byte	0x2c
 328 00d0 6B000000 		.4byte	0x6b
 329 00d4 09       		.uleb128 0x9
 330 00d5 70       		.byte	0x70
 331 00d6 00       		.sleb128 0
 332 00d7 08       		.byte	0x8
 333 00d8 7F       		.byte	0x7f
 334 00d9 1A       		.byte	0x1a
 335 00da 72       		.byte	0x72
 336 00db 00       		.sleb128 0
 337 00dc 21       		.byte	0x21
 338 00dd 9F       		.byte	0x9f
 339 00de 00       		.byte	0
 340 00df 07       		.uleb128 0x7
 341 00e0 1E010000 		.4byte	.LASF16
 342 00e4 01       		.byte	0x1
 343 00e5 49       		.byte	0x49
 344 00e6 00000000 		.4byte	.LFB1
 345 00ea 70000000 		.4byte	.LFE1-.LFB1
ARM GAS  C:\Users\Vitali\AppData\Local\Temp\cciWpimb.s 			page 10


 346 00ee 01       		.uleb128 0x1
 347 00ef 9C       		.byte	0x9c
 348 00f0 04010000 		.4byte	0x104
 349 00f4 0A       		.uleb128 0xa
 350 00f5 90010000 		.4byte	.LASF18
 351 00f9 01       		.byte	0x1
 352 00fa 49       		.byte	0x49
 353 00fb 6B000000 		.4byte	0x6b
 354 00ff 00000000 		.4byte	.LLST0
 355 0103 00       		.byte	0
 356 0104 0B       		.uleb128 0xb
 357 0105 C5010000 		.4byte	.LASF19
 358 0109 01       		.byte	0x1
 359 010a 67       		.byte	0x67
 360 010b 6B000000 		.4byte	0x6b
 361 010f 00000000 		.4byte	.LFB2
 362 0113 10000000 		.4byte	.LFE2-.LFB2
 363 0117 01       		.uleb128 0x1
 364 0118 9C       		.byte	0x9c
 365 0119 0B       		.uleb128 0xb
 366 011a AC000000 		.4byte	.LASF20
 367 011e 01       		.byte	0x1
 368 011f 7B       		.byte	0x7b
 369 0120 6B000000 		.4byte	0x6b
 370 0124 00000000 		.4byte	.LFB3
 371 0128 10000000 		.4byte	.LFE3-.LFB3
 372 012c 01       		.uleb128 0x1
 373 012d 9C       		.byte	0x9c
 374 012e 0C       		.uleb128 0xc
 375 012f C4000000 		.4byte	.LASF21
 376 0133 01       		.byte	0x1
 377 0134 93       		.byte	0x93
 378 0135 6B000000 		.4byte	0x6b
 379 0139 00000000 		.4byte	.LFB4
 380 013d 10000000 		.4byte	.LFE4-.LFB4
 381 0141 01       		.uleb128 0x1
 382 0142 9C       		.byte	0x9c
 383 0143 09       		.uleb128 0x9
 384 0144 A3010000 		.4byte	.LASF23
 385 0148 01       		.byte	0x1
 386 0149 95       		.byte	0x95
 387 014a 6B000000 		.4byte	0x6b
 388 014e 01       		.uleb128 0x1
 389 014f 50       		.byte	0x50
 390 0150 00       		.byte	0
 391 0151 00       		.byte	0
 392              		.section	.debug_abbrev,"",%progbits
 393              	.Ldebug_abbrev0:
 394 0000 01       		.uleb128 0x1
 395 0001 11       		.uleb128 0x11
 396 0002 01       		.byte	0x1
 397 0003 25       		.uleb128 0x25
 398 0004 0E       		.uleb128 0xe
 399 0005 13       		.uleb128 0x13
 400 0006 0B       		.uleb128 0xb
 401 0007 03       		.uleb128 0x3
 402 0008 0E       		.uleb128 0xe
ARM GAS  C:\Users\Vitali\AppData\Local\Temp\cciWpimb.s 			page 11


 403 0009 1B       		.uleb128 0x1b
 404 000a 0E       		.uleb128 0xe
 405 000b 55       		.uleb128 0x55
 406 000c 17       		.uleb128 0x17
 407 000d 11       		.uleb128 0x11
 408 000e 01       		.uleb128 0x1
 409 000f 10       		.uleb128 0x10
 410 0010 17       		.uleb128 0x17
 411 0011 00       		.byte	0
 412 0012 00       		.byte	0
 413 0013 02       		.uleb128 0x2
 414 0014 24       		.uleb128 0x24
 415 0015 00       		.byte	0
 416 0016 0B       		.uleb128 0xb
 417 0017 0B       		.uleb128 0xb
 418 0018 3E       		.uleb128 0x3e
 419 0019 0B       		.uleb128 0xb
 420 001a 03       		.uleb128 0x3
 421 001b 0E       		.uleb128 0xe
 422 001c 00       		.byte	0
 423 001d 00       		.byte	0
 424 001e 03       		.uleb128 0x3
 425 001f 24       		.uleb128 0x24
 426 0020 00       		.byte	0
 427 0021 0B       		.uleb128 0xb
 428 0022 0B       		.uleb128 0xb
 429 0023 3E       		.uleb128 0x3e
 430 0024 0B       		.uleb128 0xb
 431 0025 03       		.uleb128 0x3
 432 0026 08       		.uleb128 0x8
 433 0027 00       		.byte	0
 434 0028 00       		.byte	0
 435 0029 04       		.uleb128 0x4
 436 002a 16       		.uleb128 0x16
 437 002b 00       		.byte	0
 438 002c 03       		.uleb128 0x3
 439 002d 0E       		.uleb128 0xe
 440 002e 3A       		.uleb128 0x3a
 441 002f 0B       		.uleb128 0xb
 442 0030 3B       		.uleb128 0x3b
 443 0031 0B       		.uleb128 0xb
 444 0032 49       		.uleb128 0x49
 445 0033 13       		.uleb128 0x13
 446 0034 00       		.byte	0
 447 0035 00       		.byte	0
 448 0036 05       		.uleb128 0x5
 449 0037 16       		.uleb128 0x16
 450 0038 00       		.byte	0
 451 0039 03       		.uleb128 0x3
 452 003a 0E       		.uleb128 0xe
 453 003b 3A       		.uleb128 0x3a
 454 003c 0B       		.uleb128 0xb
 455 003d 3B       		.uleb128 0x3b
 456 003e 05       		.uleb128 0x5
 457 003f 49       		.uleb128 0x49
 458 0040 13       		.uleb128 0x13
 459 0041 00       		.byte	0
ARM GAS  C:\Users\Vitali\AppData\Local\Temp\cciWpimb.s 			page 12


 460 0042 00       		.byte	0
 461 0043 06       		.uleb128 0x6
 462 0044 35       		.uleb128 0x35
 463 0045 00       		.byte	0
 464 0046 49       		.uleb128 0x49
 465 0047 13       		.uleb128 0x13
 466 0048 00       		.byte	0
 467 0049 00       		.byte	0
 468 004a 07       		.uleb128 0x7
 469 004b 2E       		.uleb128 0x2e
 470 004c 01       		.byte	0x1
 471 004d 3F       		.uleb128 0x3f
 472 004e 19       		.uleb128 0x19
 473 004f 03       		.uleb128 0x3
 474 0050 0E       		.uleb128 0xe
 475 0051 3A       		.uleb128 0x3a
 476 0052 0B       		.uleb128 0xb
 477 0053 3B       		.uleb128 0x3b
 478 0054 0B       		.uleb128 0xb
 479 0055 27       		.uleb128 0x27
 480 0056 19       		.uleb128 0x19
 481 0057 11       		.uleb128 0x11
 482 0058 01       		.uleb128 0x1
 483 0059 12       		.uleb128 0x12
 484 005a 06       		.uleb128 0x6
 485 005b 40       		.uleb128 0x40
 486 005c 18       		.uleb128 0x18
 487 005d 9742     		.uleb128 0x2117
 488 005f 19       		.uleb128 0x19
 489 0060 01       		.uleb128 0x1
 490 0061 13       		.uleb128 0x13
 491 0062 00       		.byte	0
 492 0063 00       		.byte	0
 493 0064 08       		.uleb128 0x8
 494 0065 05       		.uleb128 0x5
 495 0066 00       		.byte	0
 496 0067 03       		.uleb128 0x3
 497 0068 0E       		.uleb128 0xe
 498 0069 3A       		.uleb128 0x3a
 499 006a 0B       		.uleb128 0xb
 500 006b 3B       		.uleb128 0x3b
 501 006c 0B       		.uleb128 0xb
 502 006d 49       		.uleb128 0x49
 503 006e 13       		.uleb128 0x13
 504 006f 02       		.uleb128 0x2
 505 0070 18       		.uleb128 0x18
 506 0071 00       		.byte	0
 507 0072 00       		.byte	0
 508 0073 09       		.uleb128 0x9
 509 0074 34       		.uleb128 0x34
 510 0075 00       		.byte	0
 511 0076 03       		.uleb128 0x3
 512 0077 0E       		.uleb128 0xe
 513 0078 3A       		.uleb128 0x3a
 514 0079 0B       		.uleb128 0xb
 515 007a 3B       		.uleb128 0x3b
 516 007b 0B       		.uleb128 0xb
ARM GAS  C:\Users\Vitali\AppData\Local\Temp\cciWpimb.s 			page 13


 517 007c 49       		.uleb128 0x49
 518 007d 13       		.uleb128 0x13
 519 007e 02       		.uleb128 0x2
 520 007f 18       		.uleb128 0x18
 521 0080 00       		.byte	0
 522 0081 00       		.byte	0
 523 0082 0A       		.uleb128 0xa
 524 0083 05       		.uleb128 0x5
 525 0084 00       		.byte	0
 526 0085 03       		.uleb128 0x3
 527 0086 0E       		.uleb128 0xe
 528 0087 3A       		.uleb128 0x3a
 529 0088 0B       		.uleb128 0xb
 530 0089 3B       		.uleb128 0x3b
 531 008a 0B       		.uleb128 0xb
 532 008b 49       		.uleb128 0x49
 533 008c 13       		.uleb128 0x13
 534 008d 02       		.uleb128 0x2
 535 008e 17       		.uleb128 0x17
 536 008f 00       		.byte	0
 537 0090 00       		.byte	0
 538 0091 0B       		.uleb128 0xb
 539 0092 2E       		.uleb128 0x2e
 540 0093 00       		.byte	0
 541 0094 3F       		.uleb128 0x3f
 542 0095 19       		.uleb128 0x19
 543 0096 03       		.uleb128 0x3
 544 0097 0E       		.uleb128 0xe
 545 0098 3A       		.uleb128 0x3a
 546 0099 0B       		.uleb128 0xb
 547 009a 3B       		.uleb128 0x3b
 548 009b 0B       		.uleb128 0xb
 549 009c 27       		.uleb128 0x27
 550 009d 19       		.uleb128 0x19
 551 009e 49       		.uleb128 0x49
 552 009f 13       		.uleb128 0x13
 553 00a0 11       		.uleb128 0x11
 554 00a1 01       		.uleb128 0x1
 555 00a2 12       		.uleb128 0x12
 556 00a3 06       		.uleb128 0x6
 557 00a4 40       		.uleb128 0x40
 558 00a5 18       		.uleb128 0x18
 559 00a6 9742     		.uleb128 0x2117
 560 00a8 19       		.uleb128 0x19
 561 00a9 00       		.byte	0
 562 00aa 00       		.byte	0
 563 00ab 0C       		.uleb128 0xc
 564 00ac 2E       		.uleb128 0x2e
 565 00ad 01       		.byte	0x1
 566 00ae 3F       		.uleb128 0x3f
 567 00af 19       		.uleb128 0x19
 568 00b0 03       		.uleb128 0x3
 569 00b1 0E       		.uleb128 0xe
 570 00b2 3A       		.uleb128 0x3a
 571 00b3 0B       		.uleb128 0xb
 572 00b4 3B       		.uleb128 0x3b
 573 00b5 0B       		.uleb128 0xb
ARM GAS  C:\Users\Vitali\AppData\Local\Temp\cciWpimb.s 			page 14


 574 00b6 27       		.uleb128 0x27
 575 00b7 19       		.uleb128 0x19
 576 00b8 49       		.uleb128 0x49
 577 00b9 13       		.uleb128 0x13
 578 00ba 11       		.uleb128 0x11
 579 00bb 01       		.uleb128 0x1
 580 00bc 12       		.uleb128 0x12
 581 00bd 06       		.uleb128 0x6
 582 00be 40       		.uleb128 0x40
 583 00bf 18       		.uleb128 0x18
 584 00c0 9742     		.uleb128 0x2117
 585 00c2 19       		.uleb128 0x19
 586 00c3 00       		.byte	0
 587 00c4 00       		.byte	0
 588 00c5 00       		.byte	0
 589              		.section	.debug_loc,"",%progbits
 590              	.Ldebug_loc0:
 591              	.LLST0:
 592 0000 00000000 		.4byte	.LVL2
 593 0004 50000000 		.4byte	.LVL3
 594 0008 0100     		.2byte	0x1
 595 000a 50       		.byte	0x50
 596 000b 50000000 		.4byte	.LVL3
 597 000f 70000000 		.4byte	.LFE1
 598 0013 0400     		.2byte	0x4
 599 0015 F3       		.byte	0xf3
 600 0016 01       		.uleb128 0x1
 601 0017 50       		.byte	0x50
 602 0018 9F       		.byte	0x9f
 603 0019 00000000 		.4byte	0
 604 001d 00000000 		.4byte	0
 605              		.section	.debug_aranges,"",%progbits
 606 0000 3C000000 		.4byte	0x3c
 607 0004 0200     		.2byte	0x2
 608 0006 00000000 		.4byte	.Ldebug_info0
 609 000a 04       		.byte	0x4
 610 000b 00       		.byte	0
 611 000c 0000     		.2byte	0
 612 000e 0000     		.2byte	0
 613 0010 00000000 		.4byte	.LFB0
 614 0014 18000000 		.4byte	.LFE0-.LFB0
 615 0018 00000000 		.4byte	.LFB1
 616 001c 70000000 		.4byte	.LFE1-.LFB1
 617 0020 00000000 		.4byte	.LFB2
 618 0024 10000000 		.4byte	.LFE2-.LFB2
 619 0028 00000000 		.4byte	.LFB3
 620 002c 10000000 		.4byte	.LFE3-.LFB3
 621 0030 00000000 		.4byte	.LFB4
 622 0034 10000000 		.4byte	.LFE4-.LFB4
 623 0038 00000000 		.4byte	0
 624 003c 00000000 		.4byte	0
 625              		.section	.debug_ranges,"",%progbits
 626              	.Ldebug_ranges0:
 627 0000 00000000 		.4byte	.LFB0
 628 0004 18000000 		.4byte	.LFE0
 629 0008 00000000 		.4byte	.LFB1
 630 000c 70000000 		.4byte	.LFE1
ARM GAS  C:\Users\Vitali\AppData\Local\Temp\cciWpimb.s 			page 15


 631 0010 00000000 		.4byte	.LFB2
 632 0014 10000000 		.4byte	.LFE2
 633 0018 00000000 		.4byte	.LFB3
 634 001c 10000000 		.4byte	.LFE3
 635 0020 00000000 		.4byte	.LFB4
 636 0024 10000000 		.4byte	.LFE4
 637 0028 00000000 		.4byte	0
 638 002c 00000000 		.4byte	0
 639              		.section	.debug_line,"",%progbits
 640              	.Ldebug_line0:
 641 0000 C1000000 		.section	.debug_str,"MS",%progbits,1
 641      02004A00 
 641      00000201 
 641      FB0E0D00 
 641      01010101 
 642              	.LASF14:
 643 0000 72656733 		.ascii	"reg32\000"
 643      3200
 644              	.LASF24:
 645 0006 474E5520 		.ascii	"GNU C 4.9.3 20150303 (release) [ARM/embedded-4_9-br"
 645      4320342E 
 645      392E3320 
 645      32303135 
 645      30333033 
 646 0039 616E6368 		.ascii	"anch revision 221220] -mcpu=cortex-m0 -mthumb -g -O"
 646      20726576 
 646      6973696F 
 646      6E203232 
 646      31323230 
 647 006c 73202D66 		.ascii	"s -ffunction-sections -ffat-lto-objects\000"
 647      66756E63 
 647      74696F6E 
 647      2D736563 
 647      74696F6E 
 648              	.LASF17:
 649 0094 76616C75 		.ascii	"value\000"
 649      6500
 650              	.LASF15:
 651 009a 4C43445F 		.ascii	"LCD_LCDPort_Write\000"
 651      4C434450 
 651      6F72745F 
 651      57726974 
 651      6500
 652              	.LASF20:
 653 00ac 4C43445F 		.ascii	"LCD_LCDPort_ReadDataReg\000"
 653      4C434450 
 653      6F72745F 
 653      52656164 
 653      44617461 
 654              	.LASF21:
 655 00c4 4C43445F 		.ascii	"LCD_LCDPort_ClearInterrupt\000"
 655      4C434450 
 655      6F72745F 
 655      436C6561 
 655      72496E74 
 656              	.LASF11:
 657 00df 666C6F61 		.ascii	"float\000"
ARM GAS  C:\Users\Vitali\AppData\Local\Temp\cciWpimb.s 			page 16


 657      7400
 658              	.LASF1:
 659 00e5 756E7369 		.ascii	"unsigned char\000"
 659      676E6564 
 659      20636861 
 659      7200
 660              	.LASF22:
 661 00f3 64725661 		.ascii	"drVal\000"
 661      6C00
 662              	.LASF5:
 663 00f9 6C6F6E67 		.ascii	"long unsigned int\000"
 663      20756E73 
 663      69676E65 
 663      6420696E 
 663      7400
 664              	.LASF3:
 665 010b 73686F72 		.ascii	"short unsigned int\000"
 665      7420756E 
 665      7369676E 
 665      65642069 
 665      6E7400
 666              	.LASF16:
 667 011e 4C43445F 		.ascii	"LCD_LCDPort_SetDriveMode\000"
 667      4C434450 
 667      6F72745F 
 667      53657444 
 667      72697665 
 668              	.LASF12:
 669 0137 646F7562 		.ascii	"double\000"
 669      6C6500
 670              	.LASF10:
 671 013e 75696E74 		.ascii	"uint32\000"
 671      333200
 672              	.LASF8:
 673 0145 756E7369 		.ascii	"unsigned int\000"
 673      676E6564 
 673      20696E74 
 673      00
 674              	.LASF25:
 675 0152 2E5C4765 		.ascii	".\\Generated_Source\\PSoC4\\LCD_LCDPort.c\000"
 675      6E657261 
 675      7465645F 
 675      536F7572 
 675      63655C50 
 676              	.LASF7:
 677 0179 6C6F6E67 		.ascii	"long long unsigned int\000"
 677      206C6F6E 
 677      6720756E 
 677      7369676E 
 677      65642069 
 678              	.LASF18:
 679 0190 6D6F6465 		.ascii	"mode\000"
 679      00
 680              	.LASF6:
 681 0195 6C6F6E67 		.ascii	"long long int\000"
 681      206C6F6E 
 681      6720696E 
ARM GAS  C:\Users\Vitali\AppData\Local\Temp\cciWpimb.s 			page 17


 681      7400
 682              	.LASF23:
 683 01a3 6D61736B 		.ascii	"maskedStatus\000"
 683      65645374 
 683      61747573 
 683      00
 684              	.LASF13:
 685 01b0 63686172 		.ascii	"char\000"
 685      00
 686              	.LASF2:
 687 01b5 73686F72 		.ascii	"short int\000"
 687      7420696E 
 687      7400
 688              	.LASF9:
 689 01bf 75696E74 		.ascii	"uint8\000"
 689      3800
 690              	.LASF19:
 691 01c5 4C43445F 		.ascii	"LCD_LCDPort_Read\000"
 691      4C434450 
 691      6F72745F 
 691      52656164 
 691      00
 692              	.LASF4:
 693 01d6 6C6F6E67 		.ascii	"long int\000"
 693      20696E74 
 693      00
 694              	.LASF0:
 695 01df 7369676E 		.ascii	"signed char\000"
 695      65642063 
 695      68617200 
 696              	.LASF26:
 697 01eb 443A5C47 		.ascii	"D:\\GitHub\\ExpoController\\Expo_Controller_Workspa"
 697      69744875 
 697      625C4578 
 697      706F436F 
 697      6E74726F 
 698 021b 63655C45 		.ascii	"ce\\Expo_Controller2.cydsn\000"
 698      78706F5F 
 698      436F6E74 
 698      726F6C6C 
 698      6572322E 
 699              		.ident	"GCC: (GNU Tools for ARM Embedded Processors) 4.9.3 20150303 (release) [ARM/embedded-4_9-br
