ARM GAS  C:\Users\Vitali\AppData\Local\Temp\cc8we9Mn.s 			page 1


   1              		.cpu cortex-m0
   2              		.fpu softvfp
   3              		.eabi_attribute 20, 1
   4              		.eabi_attribute 21, 1
   5              		.eabi_attribute 23, 3
   6              		.eabi_attribute 24, 1
   7              		.eabi_attribute 25, 1
   8              		.eabi_attribute 26, 1
   9              		.eabi_attribute 30, 1
  10              		.eabi_attribute 34, 0
  11              		.eabi_attribute 18, 4
  12              		.code	16
  13              		.file	"SysClock.c"
  14              		.text
  15              	.Ltext0:
  16              		.cfi_sections	.debug_frame
  17              		.section	.text.System_Timer_ISR,"ax",%progbits
  18              		.align	2
  19              		.global	System_Timer_ISR
  20              		.code	16
  21              		.thumb_func
  22              		.type	System_Timer_ISR, %function
  23              	System_Timer_ISR:
  24              	.LFB62:
  25              		.file 1 ".\\SysClock.c"
   1:.\SysClock.c  **** /* ========================================
   2:.\SysClock.c  ****  *
   3:.\SysClock.c  ****  * Copyright YOUR COMPANY, THE YEAR
   4:.\SysClock.c  ****  * All Rights Reserved
   5:.\SysClock.c  ****  * UNPUBLISHED, LICENSED SOFTWARE.
   6:.\SysClock.c  ****  *
   7:.\SysClock.c  ****  * CONFIDENTIAL AND PROPRIETARY INFORMATION
   8:.\SysClock.c  ****  * WHICH IS THE PROPERTY OF your company.
   9:.\SysClock.c  ****  *
  10:.\SysClock.c  ****  * ========================================
  11:.\SysClock.c  **** */
  12:.\SysClock.c  **** #include "SysClock.h"
  13:.\SysClock.c  **** 
  14:.\SysClock.c  **** void System_Timer_Start()
  15:.\SysClock.c  **** {
  16:.\SysClock.c  ****     Timer_Start();
  17:.\SysClock.c  ****     Timer_Interrupt_StartEx(System_Timer_ISR);
  18:.\SysClock.c  ****     volatile uint8_t Scroll = 0;
  19:.\SysClock.c  ****     for(Scroll = 0; Scroll < MAX_Number_Of_Sys_Timer; Scroll++)
  20:.\SysClock.c  ****     {
  21:.\SysClock.c  ****         System_Timer[Scroll].Number = 255;
  22:.\SysClock.c  ****         System_Timer[Scroll].Time = 0;
  23:.\SysClock.c  ****         System_Timer_Flag[Scroll].Flag = 0;
  24:.\SysClock.c  ****     }
  25:.\SysClock.c  **** }
  26:.\SysClock.c  **** void System_Timer_Add(uint8 New_Number, uint32 New_Time)
  27:.\SysClock.c  **** {
  28:.\SysClock.c  ****     CyGlobalIntDisable;
  29:.\SysClock.c  ****     volatile uint8 i;
  30:.\SysClock.c  ****     for(i = 0; i < MAX_Number_Of_Sys_Timer; i++)
  31:.\SysClock.c  ****     {
  32:.\SysClock.c  ****         if(System_Timer[i].Number == New_Number)
ARM GAS  C:\Users\Vitali\AppData\Local\Temp\cc8we9Mn.s 			page 2


  33:.\SysClock.c  ****         {
  34:.\SysClock.c  ****             System_Timer[i].Time = New_Time;
  35:.\SysClock.c  ****             System_Timer_Flag[New_Number].Flag = 0;
  36:.\SysClock.c  ****             CyGlobalIntEnable;
  37:.\SysClock.c  ****             return;
  38:.\SysClock.c  ****         }
  39:.\SysClock.c  ****     }
  40:.\SysClock.c  ****     for(i = 0; i < MAX_Number_Of_Sys_Timer; i++)
  41:.\SysClock.c  ****     {
  42:.\SysClock.c  ****         if(System_Timer[i].Number == 255)
  43:.\SysClock.c  ****         {
  44:.\SysClock.c  ****             System_Timer[i].Number = New_Number;
  45:.\SysClock.c  ****             System_Timer[i].Time = New_Time;
  46:.\SysClock.c  ****             System_Timer_Flag[New_Number].Flag = 0;
  47:.\SysClock.c  ****             CyGlobalIntEnable;
  48:.\SysClock.c  ****             return;
  49:.\SysClock.c  ****         }
  50:.\SysClock.c  ****     }
  51:.\SysClock.c  ****     CyGlobalIntEnable;
  52:.\SysClock.c  ****  }
  53:.\SysClock.c  **** 
  54:.\SysClock.c  **** void System_Timer_Remove(uint8 Number)
  55:.\SysClock.c  **** {
  56:.\SysClock.c  ****     CyGlobalIntDisable;
  57:.\SysClock.c  ****     volatile uint8 i;
  58:.\SysClock.c  ****     for(i = 0; i < 10; i++)
  59:.\SysClock.c  ****     {
  60:.\SysClock.c  ****         if(System_Timer[i].Number == Number)
  61:.\SysClock.c  ****         {
  62:.\SysClock.c  ****             System_Timer[i].Number = 255;
  63:.\SysClock.c  ****             System_Timer_Flag[Number].Flag = 0;
  64:.\SysClock.c  ****             CyGlobalIntEnable;
  65:.\SysClock.c  ****             break;
  66:.\SysClock.c  ****         }
  67:.\SysClock.c  ****     }
  68:.\SysClock.c  ****     CyGlobalIntEnable;
  69:.\SysClock.c  **** }
  70:.\SysClock.c  **** 
  71:.\SysClock.c  **** CY_ISR(System_Timer_ISR)
  72:.\SysClock.c  **** {
  26              		.loc 1 72 0
  27              		.cfi_startproc
  28 0000 10B5     		push	{r4, lr}
  29              		.cfi_def_cfa_offset 8
  30              		.cfi_offset 4, -8
  31              		.cfi_offset 14, -4
  32 0002 82B0     		sub	sp, sp, #8
  33              		.cfi_def_cfa_offset 16
  73:.\SysClock.c  ****     CyGlobalIntDisable;
  34              		.loc 1 73 0
  35              	@ 73 ".\SysClock.c" 1
  36 0004 72B6     		CPSID   i
  37              	@ 0 "" 2
  74:.\SysClock.c  ****     volatile uint8 i;
  75:.\SysClock.c  ****     for(i = 0; i < MAX_Number_Of_Sys_Timer; i++)
  38              		.loc 1 75 0
  39              		.code	16
ARM GAS  C:\Users\Vitali\AppData\Local\Temp\cc8we9Mn.s 			page 3


  40 0006 0022     		mov	r2, #0
  41 0008 6B46     		mov	r3, sp
  42 000a DA71     		strb	r2, [r3, #7]
  43 000c 2DE0     		b	.L2
  44              	.L5:
  76:.\SysClock.c  ****     {
  77:.\SysClock.c  ****         if(System_Timer[i].Number == 255) continue;
  45              		.loc 1 77 0
  46 000e 6B46     		mov	r3, sp
  47 0010 0733     		add	r3, r3, #7
  48 0012 1B78     		ldrb	r3, [r3]
  49 0014 DB00     		lsl	r3, r3, #3
  50 0016 194A     		ldr	r2, .L6
  51 0018 9B5C     		ldrb	r3, [r3, r2]
  52 001a DBB2     		uxtb	r3, r3
  53 001c FF2B     		cmp	r3, #255
  54 001e 1ED0     		beq	.L3
  78:.\SysClock.c  ****         if(System_Timer[i].Time != 0)
  55              		.loc 1 78 0
  56 0020 6B46     		mov	r3, sp
  57 0022 0733     		add	r3, r3, #7
  58 0024 1B78     		ldrb	r3, [r3]
  59 0026 DB00     		lsl	r3, r3, #3
  60 0028 D318     		add	r3, r2, r3
  61 002a 5B68     		ldr	r3, [r3, #4]
  62 002c 002B     		cmp	r3, #0
  63 002e 08D0     		beq	.L4
  79:.\SysClock.c  ****         {
  80:.\SysClock.c  ****             System_Timer[i].Time--;
  64              		.loc 1 80 0
  65 0030 6B46     		mov	r3, sp
  66 0032 0733     		add	r3, r3, #7
  67 0034 1B78     		ldrb	r3, [r3]
  68 0036 DB00     		lsl	r3, r3, #3
  69 0038 D318     		add	r3, r2, r3
  70 003a 5A68     		ldr	r2, [r3, #4]
  71 003c 013A     		sub	r2, r2, #1
  72 003e 5A60     		str	r2, [r3, #4]
  73 0040 0DE0     		b	.L3
  74              	.L4:
  81:.\SysClock.c  ****         }
  82:.\SysClock.c  ****         else
  83:.\SysClock.c  ****         {
  84:.\SysClock.c  ****             System_Timer_Flag[System_Timer[i].Number].Flag = 1;
  75              		.loc 1 84 0
  76 0042 6B46     		mov	r3, sp
  77 0044 D91D     		add	r1, r3, #7
  78 0046 DB79     		ldrb	r3, [r3, #7]
  79 0048 0C4A     		ldr	r2, .L6
  80 004a DB00     		lsl	r3, r3, #3
  81 004c 9B5C     		ldrb	r3, [r3, r2]
  82 004e DBB2     		uxtb	r3, r3
  83 0050 0124     		mov	r4, #1
  84 0052 0B48     		ldr	r0, .L6+4
  85 0054 C454     		strb	r4, [r0, r3]
  85:.\SysClock.c  ****             System_Timer[i].Number = 255;
  86              		.loc 1 85 0
ARM GAS  C:\Users\Vitali\AppData\Local\Temp\cc8we9Mn.s 			page 4


  87 0056 0B78     		ldrb	r3, [r1]
  88 0058 DB00     		lsl	r3, r3, #3
  89 005a FF21     		mov	r1, #255
  90 005c 9954     		strb	r1, [r3, r2]
  91              	.L3:
  75:.\SysClock.c  ****     {
  92              		.loc 1 75 0 discriminator 2
  93 005e 6B46     		mov	r3, sp
  94 0060 DA1D     		add	r2, r3, #7
  95 0062 DB79     		ldrb	r3, [r3, #7]
  96 0064 0133     		add	r3, r3, #1
  97 0066 DBB2     		uxtb	r3, r3
  98 0068 1370     		strb	r3, [r2]
  99              	.L2:
  75:.\SysClock.c  ****     {
 100              		.loc 1 75 0 is_stmt 0 discriminator 1
 101 006a 6B46     		mov	r3, sp
 102 006c 0733     		add	r3, r3, #7
 103 006e 1B78     		ldrb	r3, [r3]
 104 0070 DBB2     		uxtb	r3, r3
 105 0072 042B     		cmp	r3, #4
 106 0074 CBD9     		bls	.L5
  86:.\SysClock.c  ****         }
  87:.\SysClock.c  ****     }
  88:.\SysClock.c  ****     CyGlobalIntEnable;
 107              		.loc 1 88 0 is_stmt 1
 108              	@ 88 ".\SysClock.c" 1
 109 0076 62B6     		CPSIE   i
 110              	@ 0 "" 2
  89:.\SysClock.c  **** }
 111              		.loc 1 89 0
 112              		.code	16
 113 0078 02B0     		add	sp, sp, #8
 114              		@ sp needed
 115 007a 10BD     		pop	{r4, pc}
 116              	.L7:
 117              		.align	2
 118              	.L6:
 119 007c 00000000 		.word	System_Timer
 120 0080 00000000 		.word	System_Timer_Flag
 121              		.cfi_endproc
 122              	.LFE62:
 123              		.size	System_Timer_ISR, .-System_Timer_ISR
 124              		.section	.text.System_Timer_Start,"ax",%progbits
 125              		.align	2
 126              		.global	System_Timer_Start
 127              		.code	16
 128              		.thumb_func
 129              		.type	System_Timer_Start, %function
 130              	System_Timer_Start:
 131              	.LFB59:
  15:.\SysClock.c  ****     Timer_Start();
 132              		.loc 1 15 0
 133              		.cfi_startproc
 134 0000 00B5     		push	{lr}
 135              		.cfi_def_cfa_offset 4
 136              		.cfi_offset 14, -4
ARM GAS  C:\Users\Vitali\AppData\Local\Temp\cc8we9Mn.s 			page 5


 137 0002 83B0     		sub	sp, sp, #12
 138              		.cfi_def_cfa_offset 16
  16:.\SysClock.c  ****     Timer_Interrupt_StartEx(System_Timer_ISR);
 139              		.loc 1 16 0
 140 0004 FFF7FEFF 		bl	Timer_Start
 141              	.LVL0:
  17:.\SysClock.c  ****     volatile uint8_t Scroll = 0;
 142              		.loc 1 17 0
 143 0008 1148     		ldr	r0, .L11
 144 000a FFF7FEFF 		bl	Timer_Interrupt_StartEx
 145              	.LVL1:
  18:.\SysClock.c  ****     for(Scroll = 0; Scroll < MAX_Number_Of_Sys_Timer; Scroll++)
 146              		.loc 1 18 0
 147 000e 6B46     		mov	r3, sp
 148 0010 0022     		mov	r2, #0
 149 0012 DA71     		strb	r2, [r3, #7]
  19:.\SysClock.c  ****     {
 150              		.loc 1 19 0
 151 0014 DA71     		strb	r2, [r3, #7]
 152 0016 12E0     		b	.L9
 153              	.L10:
  21:.\SysClock.c  ****         System_Timer[Scroll].Time = 0;
 154              		.loc 1 21 0 discriminator 3
 155 0018 6B46     		mov	r3, sp
 156 001a D979     		ldrb	r1, [r3, #7]
 157 001c 0D48     		ldr	r0, .L11+4
 158 001e C900     		lsl	r1, r1, #3
 159 0020 FF22     		mov	r2, #255
 160 0022 0A54     		strb	r2, [r1, r0]
  22:.\SysClock.c  ****         System_Timer_Flag[Scroll].Flag = 0;
 161              		.loc 1 22 0 discriminator 3
 162 0024 DA79     		ldrb	r2, [r3, #7]
 163 0026 D200     		lsl	r2, r2, #3
 164 0028 8218     		add	r2, r0, r2
 165 002a 0021     		mov	r1, #0
 166 002c 5160     		str	r1, [r2, #4]
  23:.\SysClock.c  ****     }
 167              		.loc 1 23 0 discriminator 3
 168 002e DA79     		ldrb	r2, [r3, #7]
 169 0030 D2B2     		uxtb	r2, r2
 170 0032 0948     		ldr	r0, .L11+8
 171 0034 8154     		strb	r1, [r0, r2]
  19:.\SysClock.c  ****     {
 172              		.loc 1 19 0 discriminator 3
 173 0036 DA79     		ldrb	r2, [r3, #7]
 174 0038 0132     		add	r2, r2, #1
 175 003a D2B2     		uxtb	r2, r2
 176 003c DA71     		strb	r2, [r3, #7]
 177              	.L9:
  19:.\SysClock.c  ****     {
 178              		.loc 1 19 0 is_stmt 0 discriminator 1
 179 003e 6B46     		mov	r3, sp
 180 0040 0733     		add	r3, r3, #7
 181 0042 1B78     		ldrb	r3, [r3]
 182 0044 DBB2     		uxtb	r3, r3
 183 0046 042B     		cmp	r3, #4
 184 0048 E6D9     		bls	.L10
ARM GAS  C:\Users\Vitali\AppData\Local\Temp\cc8we9Mn.s 			page 6


  25:.\SysClock.c  **** void System_Timer_Add(uint8 New_Number, uint32 New_Time)
 185              		.loc 1 25 0 is_stmt 1
 186 004a 03B0     		add	sp, sp, #12
 187              		@ sp needed
 188 004c 00BD     		pop	{pc}
 189              	.L12:
 190 004e C046     		.align	2
 191              	.L11:
 192 0050 00000000 		.word	System_Timer_ISR
 193 0054 00000000 		.word	System_Timer
 194 0058 00000000 		.word	System_Timer_Flag
 195              		.cfi_endproc
 196              	.LFE59:
 197              		.size	System_Timer_Start, .-System_Timer_Start
 198              		.section	.text.System_Timer_Add,"ax",%progbits
 199              		.align	2
 200              		.global	System_Timer_Add
 201              		.code	16
 202              		.thumb_func
 203              		.type	System_Timer_Add, %function
 204              	System_Timer_Add:
 205              	.LFB60:
  27:.\SysClock.c  ****     CyGlobalIntDisable;
 206              		.loc 1 27 0
 207              		.cfi_startproc
 208              	.LVL2:
 209 0000 10B5     		push	{r4, lr}
 210              		.cfi_def_cfa_offset 8
 211              		.cfi_offset 4, -8
 212              		.cfi_offset 14, -4
 213 0002 82B0     		sub	sp, sp, #8
 214              		.cfi_def_cfa_offset 16
  28:.\SysClock.c  ****     volatile uint8 i;
 215              		.loc 1 28 0
 216              	@ 28 ".\SysClock.c" 1
 217 0004 72B6     		CPSID   i
 218              	@ 0 "" 2
  30:.\SysClock.c  ****     {
 219              		.loc 1 30 0
 220              		.code	16
 221 0006 0022     		mov	r2, #0
 222 0008 6B46     		mov	r3, sp
 223 000a DA71     		strb	r2, [r3, #7]
 224 000c 19E0     		b	.L14
 225              	.L17:
  32:.\SysClock.c  ****         {
 226              		.loc 1 32 0
 227 000e 6B46     		mov	r3, sp
 228 0010 0733     		add	r3, r3, #7
 229 0012 1B78     		ldrb	r3, [r3]
 230 0014 DB00     		lsl	r3, r3, #3
 231 0016 234A     		ldr	r2, .L21
 232 0018 9B5C     		ldrb	r3, [r3, r2]
 233 001a DBB2     		uxtb	r3, r3
 234 001c 8342     		cmp	r3, r0
 235 001e 0AD1     		bne	.L15
  34:.\SysClock.c  ****             System_Timer_Flag[New_Number].Flag = 0;
ARM GAS  C:\Users\Vitali\AppData\Local\Temp\cc8we9Mn.s 			page 7


 236              		.loc 1 34 0
 237 0020 6B46     		mov	r3, sp
 238 0022 0733     		add	r3, r3, #7
 239 0024 1B78     		ldrb	r3, [r3]
 240 0026 DB00     		lsl	r3, r3, #3
 241 0028 D318     		add	r3, r2, r3
 242 002a 5960     		str	r1, [r3, #4]
  35:.\SysClock.c  ****             CyGlobalIntEnable;
 243              		.loc 1 35 0
 244 002c 0022     		mov	r2, #0
 245 002e 1E4B     		ldr	r3, .L21+4
 246 0030 1A54     		strb	r2, [r3, r0]
  36:.\SysClock.c  ****             return;
 247              		.loc 1 36 0
 248              	@ 36 ".\SysClock.c" 1
 249 0032 62B6     		CPSIE   i
 250              	@ 0 "" 2
  37:.\SysClock.c  ****         }
 251              		.loc 1 37 0
 252              		.code	16
 253 0034 34E0     		b	.L13
 254              	.L15:
  30:.\SysClock.c  ****     {
 255              		.loc 1 30 0 discriminator 2
 256 0036 6B46     		mov	r3, sp
 257 0038 DA1D     		add	r2, r3, #7
 258 003a DB79     		ldrb	r3, [r3, #7]
 259 003c 0133     		add	r3, r3, #1
 260 003e DBB2     		uxtb	r3, r3
 261 0040 1370     		strb	r3, [r2]
 262              	.L14:
  30:.\SysClock.c  ****     {
 263              		.loc 1 30 0 is_stmt 0 discriminator 1
 264 0042 6B46     		mov	r3, sp
 265 0044 0733     		add	r3, r3, #7
 266 0046 1B78     		ldrb	r3, [r3]
 267 0048 DBB2     		uxtb	r3, r3
 268 004a 042B     		cmp	r3, #4
 269 004c DFD9     		bls	.L17
  40:.\SysClock.c  ****     {
 270              		.loc 1 40 0 is_stmt 1
 271 004e 0022     		mov	r2, #0
 272 0050 6B46     		mov	r3, sp
 273 0052 DA71     		strb	r2, [r3, #7]
 274 0054 1DE0     		b	.L18
 275              	.L20:
  42:.\SysClock.c  ****         {
 276              		.loc 1 42 0
 277 0056 6B46     		mov	r3, sp
 278 0058 0733     		add	r3, r3, #7
 279 005a 1B78     		ldrb	r3, [r3]
 280 005c DB00     		lsl	r3, r3, #3
 281 005e 114A     		ldr	r2, .L21
 282 0060 9B5C     		ldrb	r3, [r3, r2]
 283 0062 DBB2     		uxtb	r3, r3
 284 0064 FF2B     		cmp	r3, #255
 285 0066 0ED1     		bne	.L19
ARM GAS  C:\Users\Vitali\AppData\Local\Temp\cc8we9Mn.s 			page 8


  44:.\SysClock.c  ****             System_Timer[i].Time = New_Time;
 286              		.loc 1 44 0
 287 0068 6B46     		mov	r3, sp
 288 006a DA79     		ldrb	r2, [r3, #7]
 289 006c 0733     		add	r3, r3, #7
 290 006e 0D4C     		ldr	r4, .L21
 291 0070 D200     		lsl	r2, r2, #3
 292 0072 1055     		strb	r0, [r2, r4]
  45:.\SysClock.c  ****             System_Timer_Flag[New_Number].Flag = 0;
 293              		.loc 1 45 0
 294 0074 1B78     		ldrb	r3, [r3]
 295 0076 DB00     		lsl	r3, r3, #3
 296 0078 E318     		add	r3, r4, r3
 297 007a 5960     		str	r1, [r3, #4]
  46:.\SysClock.c  ****             CyGlobalIntEnable;
 298              		.loc 1 46 0
 299 007c 0022     		mov	r2, #0
 300 007e 0A4B     		ldr	r3, .L21+4
 301 0080 1A54     		strb	r2, [r3, r0]
  47:.\SysClock.c  ****             return;
 302              		.loc 1 47 0
 303              	@ 47 ".\SysClock.c" 1
 304 0082 62B6     		CPSIE   i
 305              	@ 0 "" 2
  48:.\SysClock.c  ****         }
 306              		.loc 1 48 0
 307              		.code	16
 308 0084 0CE0     		b	.L13
 309              	.L19:
  40:.\SysClock.c  ****     {
 310              		.loc 1 40 0 discriminator 2
 311 0086 6B46     		mov	r3, sp
 312 0088 DA1D     		add	r2, r3, #7
 313 008a DB79     		ldrb	r3, [r3, #7]
 314 008c 0133     		add	r3, r3, #1
 315 008e DBB2     		uxtb	r3, r3
 316 0090 1370     		strb	r3, [r2]
 317              	.L18:
  40:.\SysClock.c  ****     {
 318              		.loc 1 40 0 is_stmt 0 discriminator 1
 319 0092 6B46     		mov	r3, sp
 320 0094 0733     		add	r3, r3, #7
 321 0096 1B78     		ldrb	r3, [r3]
 322 0098 DBB2     		uxtb	r3, r3
 323 009a 042B     		cmp	r3, #4
 324 009c DBD9     		bls	.L20
  51:.\SysClock.c  ****  }
 325              		.loc 1 51 0 is_stmt 1
 326              	@ 51 ".\SysClock.c" 1
 327 009e 62B6     		CPSIE   i
 328              	@ 0 "" 2
 329              		.code	16
 330              	.L13:
  52:.\SysClock.c  **** 
 331              		.loc 1 52 0
 332 00a0 02B0     		add	sp, sp, #8
 333              		@ sp needed
ARM GAS  C:\Users\Vitali\AppData\Local\Temp\cc8we9Mn.s 			page 9


 334 00a2 10BD     		pop	{r4, pc}
 335              	.L22:
 336              		.align	2
 337              	.L21:
 338 00a4 00000000 		.word	System_Timer
 339 00a8 00000000 		.word	System_Timer_Flag
 340              		.cfi_endproc
 341              	.LFE60:
 342              		.size	System_Timer_Add, .-System_Timer_Add
 343              		.section	.text.System_Timer_Remove,"ax",%progbits
 344              		.align	2
 345              		.global	System_Timer_Remove
 346              		.code	16
 347              		.thumb_func
 348              		.type	System_Timer_Remove, %function
 349              	System_Timer_Remove:
 350              	.LFB61:
  55:.\SysClock.c  ****     CyGlobalIntDisable;
 351              		.loc 1 55 0
 352              		.cfi_startproc
 353              	.LVL3:
 354 0000 82B0     		sub	sp, sp, #8
 355              		.cfi_def_cfa_offset 8
  56:.\SysClock.c  ****     volatile uint8 i;
 356              		.loc 1 56 0
 357              	@ 56 ".\SysClock.c" 1
 358 0002 72B6     		CPSID   i
 359              	@ 0 "" 2
  58:.\SysClock.c  ****     {
 360              		.loc 1 58 0
 361              		.code	16
 362 0004 0022     		mov	r2, #0
 363 0006 6B46     		mov	r3, sp
 364 0008 DA71     		strb	r2, [r3, #7]
 365 000a 19E0     		b	.L24
 366              	.L27:
  60:.\SysClock.c  ****         {
 367              		.loc 1 60 0
 368 000c 6B46     		mov	r3, sp
 369 000e 0733     		add	r3, r3, #7
 370 0010 1B78     		ldrb	r3, [r3]
 371 0012 DB00     		lsl	r3, r3, #3
 372 0014 0F4A     		ldr	r2, .L28
 373 0016 9B5C     		ldrb	r3, [r3, r2]
 374 0018 DBB2     		uxtb	r3, r3
 375 001a 8342     		cmp	r3, r0
 376 001c 0AD1     		bne	.L25
  62:.\SysClock.c  ****             System_Timer_Flag[Number].Flag = 0;
 377              		.loc 1 62 0
 378 001e 6B46     		mov	r3, sp
 379 0020 0733     		add	r3, r3, #7
 380 0022 1B78     		ldrb	r3, [r3]
 381 0024 DB00     		lsl	r3, r3, #3
 382 0026 FF21     		mov	r1, #255
 383 0028 9954     		strb	r1, [r3, r2]
  63:.\SysClock.c  ****             CyGlobalIntEnable;
 384              		.loc 1 63 0
ARM GAS  C:\Users\Vitali\AppData\Local\Temp\cc8we9Mn.s 			page 10


 385 002a 0022     		mov	r2, #0
 386 002c 0A4B     		ldr	r3, .L28+4
 387 002e 1A54     		strb	r2, [r3, r0]
  64:.\SysClock.c  ****             break;
 388              		.loc 1 64 0
 389              	@ 64 ".\SysClock.c" 1
 390 0030 62B6     		CPSIE   i
 391              	@ 0 "" 2
  65:.\SysClock.c  ****         }
 392              		.loc 1 65 0
 393              		.code	16
 394 0032 0BE0     		b	.L26
 395              	.L25:
  58:.\SysClock.c  ****     {
 396              		.loc 1 58 0 discriminator 2
 397 0034 6B46     		mov	r3, sp
 398 0036 DA1D     		add	r2, r3, #7
 399 0038 DB79     		ldrb	r3, [r3, #7]
 400 003a 0133     		add	r3, r3, #1
 401 003c DBB2     		uxtb	r3, r3
 402 003e 1370     		strb	r3, [r2]
 403              	.L24:
  58:.\SysClock.c  ****     {
 404              		.loc 1 58 0 is_stmt 0 discriminator 1
 405 0040 6B46     		mov	r3, sp
 406 0042 0733     		add	r3, r3, #7
 407 0044 1B78     		ldrb	r3, [r3]
 408 0046 DBB2     		uxtb	r3, r3
 409 0048 092B     		cmp	r3, #9
 410 004a DFD9     		bls	.L27
 411              	.L26:
  68:.\SysClock.c  **** }
 412              		.loc 1 68 0 is_stmt 1
 413              	@ 68 ".\SysClock.c" 1
 414 004c 62B6     		CPSIE   i
 415              	@ 0 "" 2
  69:.\SysClock.c  **** 
 416              		.loc 1 69 0
 417              		.code	16
 418 004e 02B0     		add	sp, sp, #8
 419              		@ sp needed
 420 0050 7047     		bx	lr
 421              	.L29:
 422 0052 C046     		.align	2
 423              	.L28:
 424 0054 00000000 		.word	System_Timer
 425 0058 00000000 		.word	System_Timer_Flag
 426              		.cfi_endproc
 427              	.LFE61:
 428              		.size	System_Timer_Remove, .-System_Timer_Remove
 429              		.comm	System_Timer,40,4
 430              		.comm	System_Timer_Flag,5,4
 431              		.text
 432              	.Letext0:
 433              		.file 2 "c:\\program files (x86)\\cypress\\psoc creator\\3.3\\psoc creator\\import\\gnu\\arm\\4.9.
 434              		.file 3 "c:\\program files (x86)\\cypress\\psoc creator\\3.3\\psoc creator\\import\\gnu\\arm\\4.9.
 435              		.file 4 "Generated_Source\\PSoC4/cytypes.h"
ARM GAS  C:\Users\Vitali\AppData\Local\Temp\cc8we9Mn.s 			page 11


 436              		.file 5 ".\\SysClock.h"
 437              		.section	.debug_info,"",%progbits
 438              	.Ldebug_info0:
 439 0000 4E020000 		.4byte	0x24e
 440 0004 0400     		.2byte	0x4
 441 0006 00000000 		.4byte	.Ldebug_abbrev0
 442 000a 04       		.byte	0x4
 443 000b 01       		.uleb128 0x1
 444 000c AA010000 		.4byte	.LASF30
 445 0010 01       		.byte	0x1
 446 0011 2E000000 		.4byte	.LASF31
 447 0015 31010000 		.4byte	.LASF32
 448 0019 00000000 		.4byte	.Ldebug_ranges0+0
 449 001d 00000000 		.4byte	0
 450 0021 00000000 		.4byte	.Ldebug_line0
 451 0025 02       		.uleb128 0x2
 452 0026 01       		.byte	0x1
 453 0027 06       		.byte	0x6
 454 0028 58020000 		.4byte	.LASF0
 455 002c 03       		.uleb128 0x3
 456 002d 1D000000 		.4byte	.LASF9
 457 0031 02       		.byte	0x2
 458 0032 1D       		.byte	0x1d
 459 0033 37000000 		.4byte	0x37
 460 0037 02       		.uleb128 0x2
 461 0038 01       		.byte	0x1
 462 0039 08       		.byte	0x8
 463 003a 88000000 		.4byte	.LASF1
 464 003e 02       		.uleb128 0x2
 465 003f 02       		.byte	0x2
 466 0040 05       		.byte	0x5
 467 0041 38020000 		.4byte	.LASF2
 468 0045 02       		.uleb128 0x2
 469 0046 02       		.byte	0x2
 470 0047 07       		.byte	0x7
 471 0048 3B000000 		.4byte	.LASF3
 472 004c 02       		.uleb128 0x2
 473 004d 04       		.byte	0x4
 474 004e 05       		.byte	0x5
 475 004f 4F020000 		.4byte	.LASF4
 476 0053 02       		.uleb128 0x2
 477 0054 04       		.byte	0x4
 478 0055 07       		.byte	0x7
 479 0056 96000000 		.4byte	.LASF5
 480 005a 02       		.uleb128 0x2
 481 005b 08       		.byte	0x8
 482 005c 05       		.byte	0x5
 483 005d 92010000 		.4byte	.LASF6
 484 0061 02       		.uleb128 0x2
 485 0062 08       		.byte	0x8
 486 0063 07       		.byte	0x7
 487 0064 12010000 		.4byte	.LASF7
 488 0068 04       		.uleb128 0x4
 489 0069 04       		.byte	0x4
 490 006a 05       		.byte	0x5
 491 006b 696E7400 		.ascii	"int\000"
 492 006f 02       		.uleb128 0x2
ARM GAS  C:\Users\Vitali\AppData\Local\Temp\cc8we9Mn.s 			page 12


 493 0070 04       		.byte	0x4
 494 0071 07       		.byte	0x7
 495 0072 FE000000 		.4byte	.LASF8
 496 0076 03       		.uleb128 0x3
 497 0077 29010000 		.4byte	.LASF10
 498 007b 03       		.byte	0x3
 499 007c 15       		.byte	0x15
 500 007d 2C000000 		.4byte	0x2c
 501 0081 03       		.uleb128 0x3
 502 0082 A8000000 		.4byte	.LASF11
 503 0086 04       		.byte	0x4
 504 0087 C2       		.byte	0xc2
 505 0088 37000000 		.4byte	0x37
 506 008c 03       		.uleb128 0x3
 507 008d DA000000 		.4byte	.LASF12
 508 0091 04       		.byte	0x4
 509 0092 C4       		.byte	0xc4
 510 0093 53000000 		.4byte	0x53
 511 0097 02       		.uleb128 0x2
 512 0098 04       		.byte	0x4
 513 0099 04       		.byte	0x4
 514 009a 6A000000 		.4byte	.LASF13
 515 009e 02       		.uleb128 0x2
 516 009f 08       		.byte	0x8
 517 00a0 04       		.byte	0x4
 518 00a1 C1000000 		.4byte	.LASF14
 519 00a5 02       		.uleb128 0x2
 520 00a6 01       		.byte	0x1
 521 00a7 08       		.byte	0x8
 522 00a8 A5010000 		.4byte	.LASF15
 523 00ac 05       		.uleb128 0x5
 524 00ad 81000000 		.4byte	0x81
 525 00b1 05       		.uleb128 0x5
 526 00b2 8C000000 		.4byte	0x8c
 527 00b6 02       		.uleb128 0x2
 528 00b7 04       		.byte	0x4
 529 00b8 07       		.byte	0x7
 530 00b9 89010000 		.4byte	.LASF16
 531 00bd 06       		.uleb128 0x6
 532 00be 08       		.byte	0x8
 533 00bf 05       		.byte	0x5
 534 00c0 1B       		.byte	0x1b
 535 00c1 DE000000 		.4byte	0xde
 536 00c5 07       		.uleb128 0x7
 537 00c6 0B010000 		.4byte	.LASF17
 538 00ca 05       		.byte	0x5
 539 00cb 1D       		.byte	0x1d
 540 00cc AC000000 		.4byte	0xac
 541 00d0 00       		.byte	0
 542 00d1 07       		.uleb128 0x7
 543 00d2 64020000 		.4byte	.LASF18
 544 00d6 05       		.byte	0x5
 545 00d7 1E       		.byte	0x1e
 546 00d8 B1000000 		.4byte	0xb1
 547 00dc 04       		.byte	0x4
 548 00dd 00       		.byte	0
 549 00de 08       		.uleb128 0x8
ARM GAS  C:\Users\Vitali\AppData\Local\Temp\cc8we9Mn.s 			page 13


 550 00df BD000000 		.4byte	0xbd
 551 00e3 EE000000 		.4byte	0xee
 552 00e7 09       		.uleb128 0x9
 553 00e8 B6000000 		.4byte	0xb6
 554 00ec 04       		.byte	0x4
 555 00ed 00       		.byte	0
 556 00ee 06       		.uleb128 0x6
 557 00ef 01       		.byte	0x1
 558 00f0 05       		.byte	0x5
 559 00f1 20       		.byte	0x20
 560 00f2 03010000 		.4byte	0x103
 561 00f6 07       		.uleb128 0x7
 562 00f7 A0010000 		.4byte	.LASF19
 563 00fb 05       		.byte	0x5
 564 00fc 22       		.byte	0x22
 565 00fd 81000000 		.4byte	0x81
 566 0101 00       		.byte	0
 567 0102 00       		.byte	0
 568 0103 08       		.uleb128 0x8
 569 0104 EE000000 		.4byte	0xee
 570 0108 13010000 		.4byte	0x113
 571 010c 09       		.uleb128 0x9
 572 010d B6000000 		.4byte	0xb6
 573 0111 04       		.byte	0x4
 574 0112 00       		.byte	0
 575 0113 0A       		.uleb128 0xa
 576 0114 59000000 		.4byte	.LASF23
 577 0118 01       		.byte	0x1
 578 0119 47       		.byte	0x47
 579 011a 00000000 		.4byte	.LFB62
 580 011e 84000000 		.4byte	.LFE62-.LFB62
 581 0122 01       		.uleb128 0x1
 582 0123 9C       		.byte	0x9c
 583 0124 35010000 		.4byte	0x135
 584 0128 0B       		.uleb128 0xb
 585 0129 6900     		.ascii	"i\000"
 586 012b 01       		.byte	0x1
 587 012c 4A       		.byte	0x4a
 588 012d AC000000 		.4byte	0xac
 589 0131 02       		.uleb128 0x2
 590 0132 91       		.byte	0x91
 591 0133 77       		.sleb128 -9
 592 0134 00       		.byte	0
 593 0135 0C       		.uleb128 0xc
 594 0136 AE000000 		.4byte	.LASF33
 595 013a 01       		.byte	0x1
 596 013b 0E       		.byte	0xe
 597 013c 00000000 		.4byte	.LFB59
 598 0140 5C000000 		.4byte	.LFE59-.LFB59
 599 0144 01       		.uleb128 0x1
 600 0145 9C       		.byte	0x9c
 601 0146 97010000 		.4byte	0x197
 602 014a 0D       		.uleb128 0xd
 603 014b E1000000 		.4byte	.LASF20
 604 014f 01       		.byte	0x1
 605 0150 10       		.byte	0x10
 606 0151 68000000 		.4byte	0x68
ARM GAS  C:\Users\Vitali\AppData\Local\Temp\cc8we9Mn.s 			page 14


 607 0155 5B010000 		.4byte	0x15b
 608 0159 0E       		.uleb128 0xe
 609 015a 00       		.byte	0
 610 015b 0D       		.uleb128 0xd
 611 015c 70000000 		.4byte	.LASF21
 612 0160 01       		.byte	0x1
 613 0161 11       		.byte	0x11
 614 0162 68000000 		.4byte	0x68
 615 0166 6C010000 		.4byte	0x16c
 616 016a 0E       		.uleb128 0xe
 617 016b 00       		.byte	0
 618 016c 0F       		.uleb128 0xf
 619 016d 27000000 		.4byte	.LASF22
 620 0171 01       		.byte	0x1
 621 0172 12       		.byte	0x12
 622 0173 97010000 		.4byte	0x197
 623 0177 02       		.uleb128 0x2
 624 0178 91       		.byte	0x91
 625 0179 77       		.sleb128 -9
 626 017a 10       		.uleb128 0x10
 627 017b 08000000 		.4byte	.LVL0
 628 017f 33020000 		.4byte	0x233
 629 0183 11       		.uleb128 0x11
 630 0184 0E000000 		.4byte	.LVL1
 631 0188 44020000 		.4byte	0x244
 632 018c 12       		.uleb128 0x12
 633 018d 01       		.uleb128 0x1
 634 018e 50       		.byte	0x50
 635 018f 05       		.uleb128 0x5
 636 0190 03       		.byte	0x3
 637 0191 00000000 		.4byte	System_Timer_ISR
 638 0195 00       		.byte	0
 639 0196 00       		.byte	0
 640 0197 05       		.uleb128 0x5
 641 0198 76000000 		.4byte	0x76
 642 019c 0A       		.uleb128 0xa
 643 019d ED000000 		.4byte	.LASF24
 644 01a1 01       		.byte	0x1
 645 01a2 1A       		.byte	0x1a
 646 01a3 00000000 		.4byte	.LFB60
 647 01a7 AC000000 		.4byte	.LFE60-.LFB60
 648 01ab 01       		.uleb128 0x1
 649 01ac 9C       		.byte	0x9c
 650 01ad D8010000 		.4byte	0x1d8
 651 01b1 13       		.uleb128 0x13
 652 01b2 4E000000 		.4byte	.LASF25
 653 01b6 01       		.byte	0x1
 654 01b7 1A       		.byte	0x1a
 655 01b8 81000000 		.4byte	0x81
 656 01bc 01       		.uleb128 0x1
 657 01bd 50       		.byte	0x50
 658 01be 13       		.uleb128 0x13
 659 01bf 14000000 		.4byte	.LASF26
 660 01c3 01       		.byte	0x1
 661 01c4 1A       		.byte	0x1a
 662 01c5 8C000000 		.4byte	0x8c
 663 01c9 01       		.uleb128 0x1
ARM GAS  C:\Users\Vitali\AppData\Local\Temp\cc8we9Mn.s 			page 15


 664 01ca 51       		.byte	0x51
 665 01cb 0B       		.uleb128 0xb
 666 01cc 6900     		.ascii	"i\000"
 667 01ce 01       		.byte	0x1
 668 01cf 1D       		.byte	0x1d
 669 01d0 AC000000 		.4byte	0xac
 670 01d4 02       		.uleb128 0x2
 671 01d5 91       		.byte	0x91
 672 01d6 77       		.sleb128 -9
 673 01d7 00       		.byte	0
 674 01d8 0A       		.uleb128 0xa
 675 01d9 00000000 		.4byte	.LASF27
 676 01dd 01       		.byte	0x1
 677 01de 36       		.byte	0x36
 678 01df 00000000 		.4byte	.LFB61
 679 01e3 5C000000 		.4byte	.LFE61-.LFB61
 680 01e7 01       		.uleb128 0x1
 681 01e8 9C       		.byte	0x9c
 682 01e9 07020000 		.4byte	0x207
 683 01ed 13       		.uleb128 0x13
 684 01ee 0B010000 		.4byte	.LASF17
 685 01f2 01       		.byte	0x1
 686 01f3 36       		.byte	0x36
 687 01f4 81000000 		.4byte	0x81
 688 01f8 01       		.uleb128 0x1
 689 01f9 50       		.byte	0x50
 690 01fa 0B       		.uleb128 0xb
 691 01fb 6900     		.ascii	"i\000"
 692 01fd 01       		.byte	0x1
 693 01fe 39       		.byte	0x39
 694 01ff AC000000 		.4byte	0xac
 695 0203 02       		.uleb128 0x2
 696 0204 91       		.byte	0x91
 697 0205 7F       		.sleb128 -1
 698 0206 00       		.byte	0
 699 0207 14       		.uleb128 0x14
 700 0208 C8000000 		.4byte	.LASF28
 701 020c 05       		.byte	0x5
 702 020d 25       		.byte	0x25
 703 020e 18020000 		.4byte	0x218
 704 0212 05       		.uleb128 0x5
 705 0213 03       		.byte	0x3
 706 0214 00000000 		.4byte	System_Timer_Flag
 707 0218 05       		.uleb128 0x5
 708 0219 03010000 		.4byte	0x103
 709 021d 14       		.uleb128 0x14
 710 021e 42020000 		.4byte	.LASF29
 711 0222 05       		.byte	0x5
 712 0223 26       		.byte	0x26
 713 0224 2E020000 		.4byte	0x22e
 714 0228 05       		.uleb128 0x5
 715 0229 03       		.byte	0x3
 716 022a 00000000 		.4byte	System_Timer
 717 022e 05       		.uleb128 0x5
 718 022f DE000000 		.4byte	0xde
 719 0233 0D       		.uleb128 0xd
 720 0234 E1000000 		.4byte	.LASF20
ARM GAS  C:\Users\Vitali\AppData\Local\Temp\cc8we9Mn.s 			page 16


 721 0238 01       		.byte	0x1
 722 0239 10       		.byte	0x10
 723 023a 68000000 		.4byte	0x68
 724 023e 44020000 		.4byte	0x244
 725 0242 0E       		.uleb128 0xe
 726 0243 00       		.byte	0
 727 0244 15       		.uleb128 0x15
 728 0245 70000000 		.4byte	.LASF21
 729 0249 01       		.byte	0x1
 730 024a 11       		.byte	0x11
 731 024b 68000000 		.4byte	0x68
 732 024f 0E       		.uleb128 0xe
 733 0250 00       		.byte	0
 734 0251 00       		.byte	0
 735              		.section	.debug_abbrev,"",%progbits
 736              	.Ldebug_abbrev0:
 737 0000 01       		.uleb128 0x1
 738 0001 11       		.uleb128 0x11
 739 0002 01       		.byte	0x1
 740 0003 25       		.uleb128 0x25
 741 0004 0E       		.uleb128 0xe
 742 0005 13       		.uleb128 0x13
 743 0006 0B       		.uleb128 0xb
 744 0007 03       		.uleb128 0x3
 745 0008 0E       		.uleb128 0xe
 746 0009 1B       		.uleb128 0x1b
 747 000a 0E       		.uleb128 0xe
 748 000b 55       		.uleb128 0x55
 749 000c 17       		.uleb128 0x17
 750 000d 11       		.uleb128 0x11
 751 000e 01       		.uleb128 0x1
 752 000f 10       		.uleb128 0x10
 753 0010 17       		.uleb128 0x17
 754 0011 00       		.byte	0
 755 0012 00       		.byte	0
 756 0013 02       		.uleb128 0x2
 757 0014 24       		.uleb128 0x24
 758 0015 00       		.byte	0
 759 0016 0B       		.uleb128 0xb
 760 0017 0B       		.uleb128 0xb
 761 0018 3E       		.uleb128 0x3e
 762 0019 0B       		.uleb128 0xb
 763 001a 03       		.uleb128 0x3
 764 001b 0E       		.uleb128 0xe
 765 001c 00       		.byte	0
 766 001d 00       		.byte	0
 767 001e 03       		.uleb128 0x3
 768 001f 16       		.uleb128 0x16
 769 0020 00       		.byte	0
 770 0021 03       		.uleb128 0x3
 771 0022 0E       		.uleb128 0xe
 772 0023 3A       		.uleb128 0x3a
 773 0024 0B       		.uleb128 0xb
 774 0025 3B       		.uleb128 0x3b
 775 0026 0B       		.uleb128 0xb
 776 0027 49       		.uleb128 0x49
 777 0028 13       		.uleb128 0x13
ARM GAS  C:\Users\Vitali\AppData\Local\Temp\cc8we9Mn.s 			page 17


 778 0029 00       		.byte	0
 779 002a 00       		.byte	0
 780 002b 04       		.uleb128 0x4
 781 002c 24       		.uleb128 0x24
 782 002d 00       		.byte	0
 783 002e 0B       		.uleb128 0xb
 784 002f 0B       		.uleb128 0xb
 785 0030 3E       		.uleb128 0x3e
 786 0031 0B       		.uleb128 0xb
 787 0032 03       		.uleb128 0x3
 788 0033 08       		.uleb128 0x8
 789 0034 00       		.byte	0
 790 0035 00       		.byte	0
 791 0036 05       		.uleb128 0x5
 792 0037 35       		.uleb128 0x35
 793 0038 00       		.byte	0
 794 0039 49       		.uleb128 0x49
 795 003a 13       		.uleb128 0x13
 796 003b 00       		.byte	0
 797 003c 00       		.byte	0
 798 003d 06       		.uleb128 0x6
 799 003e 13       		.uleb128 0x13
 800 003f 01       		.byte	0x1
 801 0040 0B       		.uleb128 0xb
 802 0041 0B       		.uleb128 0xb
 803 0042 3A       		.uleb128 0x3a
 804 0043 0B       		.uleb128 0xb
 805 0044 3B       		.uleb128 0x3b
 806 0045 0B       		.uleb128 0xb
 807 0046 01       		.uleb128 0x1
 808 0047 13       		.uleb128 0x13
 809 0048 00       		.byte	0
 810 0049 00       		.byte	0
 811 004a 07       		.uleb128 0x7
 812 004b 0D       		.uleb128 0xd
 813 004c 00       		.byte	0
 814 004d 03       		.uleb128 0x3
 815 004e 0E       		.uleb128 0xe
 816 004f 3A       		.uleb128 0x3a
 817 0050 0B       		.uleb128 0xb
 818 0051 3B       		.uleb128 0x3b
 819 0052 0B       		.uleb128 0xb
 820 0053 49       		.uleb128 0x49
 821 0054 13       		.uleb128 0x13
 822 0055 38       		.uleb128 0x38
 823 0056 0B       		.uleb128 0xb
 824 0057 00       		.byte	0
 825 0058 00       		.byte	0
 826 0059 08       		.uleb128 0x8
 827 005a 01       		.uleb128 0x1
 828 005b 01       		.byte	0x1
 829 005c 49       		.uleb128 0x49
 830 005d 13       		.uleb128 0x13
 831 005e 01       		.uleb128 0x1
 832 005f 13       		.uleb128 0x13
 833 0060 00       		.byte	0
 834 0061 00       		.byte	0
ARM GAS  C:\Users\Vitali\AppData\Local\Temp\cc8we9Mn.s 			page 18


 835 0062 09       		.uleb128 0x9
 836 0063 21       		.uleb128 0x21
 837 0064 00       		.byte	0
 838 0065 49       		.uleb128 0x49
 839 0066 13       		.uleb128 0x13
 840 0067 2F       		.uleb128 0x2f
 841 0068 0B       		.uleb128 0xb
 842 0069 00       		.byte	0
 843 006a 00       		.byte	0
 844 006b 0A       		.uleb128 0xa
 845 006c 2E       		.uleb128 0x2e
 846 006d 01       		.byte	0x1
 847 006e 3F       		.uleb128 0x3f
 848 006f 19       		.uleb128 0x19
 849 0070 03       		.uleb128 0x3
 850 0071 0E       		.uleb128 0xe
 851 0072 3A       		.uleb128 0x3a
 852 0073 0B       		.uleb128 0xb
 853 0074 3B       		.uleb128 0x3b
 854 0075 0B       		.uleb128 0xb
 855 0076 27       		.uleb128 0x27
 856 0077 19       		.uleb128 0x19
 857 0078 11       		.uleb128 0x11
 858 0079 01       		.uleb128 0x1
 859 007a 12       		.uleb128 0x12
 860 007b 06       		.uleb128 0x6
 861 007c 40       		.uleb128 0x40
 862 007d 18       		.uleb128 0x18
 863 007e 9742     		.uleb128 0x2117
 864 0080 19       		.uleb128 0x19
 865 0081 01       		.uleb128 0x1
 866 0082 13       		.uleb128 0x13
 867 0083 00       		.byte	0
 868 0084 00       		.byte	0
 869 0085 0B       		.uleb128 0xb
 870 0086 34       		.uleb128 0x34
 871 0087 00       		.byte	0
 872 0088 03       		.uleb128 0x3
 873 0089 08       		.uleb128 0x8
 874 008a 3A       		.uleb128 0x3a
 875 008b 0B       		.uleb128 0xb
 876 008c 3B       		.uleb128 0x3b
 877 008d 0B       		.uleb128 0xb
 878 008e 49       		.uleb128 0x49
 879 008f 13       		.uleb128 0x13
 880 0090 02       		.uleb128 0x2
 881 0091 18       		.uleb128 0x18
 882 0092 00       		.byte	0
 883 0093 00       		.byte	0
 884 0094 0C       		.uleb128 0xc
 885 0095 2E       		.uleb128 0x2e
 886 0096 01       		.byte	0x1
 887 0097 3F       		.uleb128 0x3f
 888 0098 19       		.uleb128 0x19
 889 0099 03       		.uleb128 0x3
 890 009a 0E       		.uleb128 0xe
 891 009b 3A       		.uleb128 0x3a
ARM GAS  C:\Users\Vitali\AppData\Local\Temp\cc8we9Mn.s 			page 19


 892 009c 0B       		.uleb128 0xb
 893 009d 3B       		.uleb128 0x3b
 894 009e 0B       		.uleb128 0xb
 895 009f 11       		.uleb128 0x11
 896 00a0 01       		.uleb128 0x1
 897 00a1 12       		.uleb128 0x12
 898 00a2 06       		.uleb128 0x6
 899 00a3 40       		.uleb128 0x40
 900 00a4 18       		.uleb128 0x18
 901 00a5 9742     		.uleb128 0x2117
 902 00a7 19       		.uleb128 0x19
 903 00a8 01       		.uleb128 0x1
 904 00a9 13       		.uleb128 0x13
 905 00aa 00       		.byte	0
 906 00ab 00       		.byte	0
 907 00ac 0D       		.uleb128 0xd
 908 00ad 2E       		.uleb128 0x2e
 909 00ae 01       		.byte	0x1
 910 00af 3F       		.uleb128 0x3f
 911 00b0 19       		.uleb128 0x19
 912 00b1 03       		.uleb128 0x3
 913 00b2 0E       		.uleb128 0xe
 914 00b3 3A       		.uleb128 0x3a
 915 00b4 0B       		.uleb128 0xb
 916 00b5 3B       		.uleb128 0x3b
 917 00b6 0B       		.uleb128 0xb
 918 00b7 49       		.uleb128 0x49
 919 00b8 13       		.uleb128 0x13
 920 00b9 3C       		.uleb128 0x3c
 921 00ba 19       		.uleb128 0x19
 922 00bb 01       		.uleb128 0x1
 923 00bc 13       		.uleb128 0x13
 924 00bd 00       		.byte	0
 925 00be 00       		.byte	0
 926 00bf 0E       		.uleb128 0xe
 927 00c0 18       		.uleb128 0x18
 928 00c1 00       		.byte	0
 929 00c2 00       		.byte	0
 930 00c3 00       		.byte	0
 931 00c4 0F       		.uleb128 0xf
 932 00c5 34       		.uleb128 0x34
 933 00c6 00       		.byte	0
 934 00c7 03       		.uleb128 0x3
 935 00c8 0E       		.uleb128 0xe
 936 00c9 3A       		.uleb128 0x3a
 937 00ca 0B       		.uleb128 0xb
 938 00cb 3B       		.uleb128 0x3b
 939 00cc 0B       		.uleb128 0xb
 940 00cd 49       		.uleb128 0x49
 941 00ce 13       		.uleb128 0x13
 942 00cf 02       		.uleb128 0x2
 943 00d0 18       		.uleb128 0x18
 944 00d1 00       		.byte	0
 945 00d2 00       		.byte	0
 946 00d3 10       		.uleb128 0x10
 947 00d4 898201   		.uleb128 0x4109
 948 00d7 00       		.byte	0
ARM GAS  C:\Users\Vitali\AppData\Local\Temp\cc8we9Mn.s 			page 20


 949 00d8 11       		.uleb128 0x11
 950 00d9 01       		.uleb128 0x1
 951 00da 31       		.uleb128 0x31
 952 00db 13       		.uleb128 0x13
 953 00dc 00       		.byte	0
 954 00dd 00       		.byte	0
 955 00de 11       		.uleb128 0x11
 956 00df 898201   		.uleb128 0x4109
 957 00e2 01       		.byte	0x1
 958 00e3 11       		.uleb128 0x11
 959 00e4 01       		.uleb128 0x1
 960 00e5 31       		.uleb128 0x31
 961 00e6 13       		.uleb128 0x13
 962 00e7 00       		.byte	0
 963 00e8 00       		.byte	0
 964 00e9 12       		.uleb128 0x12
 965 00ea 8A8201   		.uleb128 0x410a
 966 00ed 00       		.byte	0
 967 00ee 02       		.uleb128 0x2
 968 00ef 18       		.uleb128 0x18
 969 00f0 9142     		.uleb128 0x2111
 970 00f2 18       		.uleb128 0x18
 971 00f3 00       		.byte	0
 972 00f4 00       		.byte	0
 973 00f5 13       		.uleb128 0x13
 974 00f6 05       		.uleb128 0x5
 975 00f7 00       		.byte	0
 976 00f8 03       		.uleb128 0x3
 977 00f9 0E       		.uleb128 0xe
 978 00fa 3A       		.uleb128 0x3a
 979 00fb 0B       		.uleb128 0xb
 980 00fc 3B       		.uleb128 0x3b
 981 00fd 0B       		.uleb128 0xb
 982 00fe 49       		.uleb128 0x49
 983 00ff 13       		.uleb128 0x13
 984 0100 02       		.uleb128 0x2
 985 0101 18       		.uleb128 0x18
 986 0102 00       		.byte	0
 987 0103 00       		.byte	0
 988 0104 14       		.uleb128 0x14
 989 0105 34       		.uleb128 0x34
 990 0106 00       		.byte	0
 991 0107 03       		.uleb128 0x3
 992 0108 0E       		.uleb128 0xe
 993 0109 3A       		.uleb128 0x3a
 994 010a 0B       		.uleb128 0xb
 995 010b 3B       		.uleb128 0x3b
 996 010c 0B       		.uleb128 0xb
 997 010d 49       		.uleb128 0x49
 998 010e 13       		.uleb128 0x13
 999 010f 3F       		.uleb128 0x3f
 1000 0110 19       		.uleb128 0x19
 1001 0111 02       		.uleb128 0x2
 1002 0112 18       		.uleb128 0x18
 1003 0113 00       		.byte	0
 1004 0114 00       		.byte	0
 1005 0115 15       		.uleb128 0x15
ARM GAS  C:\Users\Vitali\AppData\Local\Temp\cc8we9Mn.s 			page 21


 1006 0116 2E       		.uleb128 0x2e
 1007 0117 01       		.byte	0x1
 1008 0118 3F       		.uleb128 0x3f
 1009 0119 19       		.uleb128 0x19
 1010 011a 03       		.uleb128 0x3
 1011 011b 0E       		.uleb128 0xe
 1012 011c 3A       		.uleb128 0x3a
 1013 011d 0B       		.uleb128 0xb
 1014 011e 3B       		.uleb128 0x3b
 1015 011f 0B       		.uleb128 0xb
 1016 0120 49       		.uleb128 0x49
 1017 0121 13       		.uleb128 0x13
 1018 0122 3C       		.uleb128 0x3c
 1019 0123 19       		.uleb128 0x19
 1020 0124 00       		.byte	0
 1021 0125 00       		.byte	0
 1022 0126 00       		.byte	0
 1023              		.section	.debug_aranges,"",%progbits
 1024 0000 34000000 		.4byte	0x34
 1025 0004 0200     		.2byte	0x2
 1026 0006 00000000 		.4byte	.Ldebug_info0
 1027 000a 04       		.byte	0x4
 1028 000b 00       		.byte	0
 1029 000c 0000     		.2byte	0
 1030 000e 0000     		.2byte	0
 1031 0010 00000000 		.4byte	.LFB62
 1032 0014 84000000 		.4byte	.LFE62-.LFB62
 1033 0018 00000000 		.4byte	.LFB59
 1034 001c 5C000000 		.4byte	.LFE59-.LFB59
 1035 0020 00000000 		.4byte	.LFB60
 1036 0024 AC000000 		.4byte	.LFE60-.LFB60
 1037 0028 00000000 		.4byte	.LFB61
 1038 002c 5C000000 		.4byte	.LFE61-.LFB61
 1039 0030 00000000 		.4byte	0
 1040 0034 00000000 		.4byte	0
 1041              		.section	.debug_ranges,"",%progbits
 1042              	.Ldebug_ranges0:
 1043 0000 00000000 		.4byte	.LFB62
 1044 0004 84000000 		.4byte	.LFE62
 1045 0008 00000000 		.4byte	.LFB59
 1046 000c 5C000000 		.4byte	.LFE59
 1047 0010 00000000 		.4byte	.LFB60
 1048 0014 AC000000 		.4byte	.LFE60
 1049 0018 00000000 		.4byte	.LFB61
 1050 001c 5C000000 		.4byte	.LFE61
 1051 0020 00000000 		.4byte	0
 1052 0024 00000000 		.4byte	0
 1053              		.section	.debug_line,"",%progbits
 1054              	.Ldebug_line0:
 1055 0000 14020000 		.section	.debug_str,"MS",%progbits,1
 1055      02004F01 
 1055      00000201 
 1055      FB0E0D00 
 1055      01010101 
 1056              	.LASF27:
 1057 0000 53797374 		.ascii	"System_Timer_Remove\000"
 1057      656D5F54 
ARM GAS  C:\Users\Vitali\AppData\Local\Temp\cc8we9Mn.s 			page 22


 1057      696D6572 
 1057      5F52656D 
 1057      6F766500 
 1058              	.LASF26:
 1059 0014 4E65775F 		.ascii	"New_Time\000"
 1059      54696D65 
 1059      00
 1060              	.LASF9:
 1061 001d 5F5F7569 		.ascii	"__uint8_t\000"
 1061      6E74385F 
 1061      7400
 1062              	.LASF22:
 1063 0027 5363726F 		.ascii	"Scroll\000"
 1063      6C6C00
 1064              	.LASF31:
 1065 002e 2E5C5379 		.ascii	".\\SysClock.c\000"
 1065      73436C6F 
 1065      636B2E63 
 1065      00
 1066              	.LASF3:
 1067 003b 73686F72 		.ascii	"short unsigned int\000"
 1067      7420756E 
 1067      7369676E 
 1067      65642069 
 1067      6E7400
 1068              	.LASF25:
 1069 004e 4E65775F 		.ascii	"New_Number\000"
 1069      4E756D62 
 1069      657200
 1070              	.LASF23:
 1071 0059 53797374 		.ascii	"System_Timer_ISR\000"
 1071      656D5F54 
 1071      696D6572 
 1071      5F495352 
 1071      00
 1072              	.LASF13:
 1073 006a 666C6F61 		.ascii	"float\000"
 1073      7400
 1074              	.LASF21:
 1075 0070 54696D65 		.ascii	"Timer_Interrupt_StartEx\000"
 1075      725F496E 
 1075      74657272 
 1075      7570745F 
 1075      53746172 
 1076              	.LASF1:
 1077 0088 756E7369 		.ascii	"unsigned char\000"
 1077      676E6564 
 1077      20636861 
 1077      7200
 1078              	.LASF5:
 1079 0096 6C6F6E67 		.ascii	"long unsigned int\000"
 1079      20756E73 
 1079      69676E65 
 1079      6420696E 
 1079      7400
 1080              	.LASF11:
 1081 00a8 75696E74 		.ascii	"uint8\000"
ARM GAS  C:\Users\Vitali\AppData\Local\Temp\cc8we9Mn.s 			page 23


 1081      3800
 1082              	.LASF33:
 1083 00ae 53797374 		.ascii	"System_Timer_Start\000"
 1083      656D5F54 
 1083      696D6572 
 1083      5F537461 
 1083      727400
 1084              	.LASF14:
 1085 00c1 646F7562 		.ascii	"double\000"
 1085      6C6500
 1086              	.LASF28:
 1087 00c8 53797374 		.ascii	"System_Timer_Flag\000"
 1087      656D5F54 
 1087      696D6572 
 1087      5F466C61 
 1087      6700
 1088              	.LASF12:
 1089 00da 75696E74 		.ascii	"uint32\000"
 1089      333200
 1090              	.LASF20:
 1091 00e1 54696D65 		.ascii	"Timer_Start\000"
 1091      725F5374 
 1091      61727400 
 1092              	.LASF24:
 1093 00ed 53797374 		.ascii	"System_Timer_Add\000"
 1093      656D5F54 
 1093      696D6572 
 1093      5F416464 
 1093      00
 1094              	.LASF8:
 1095 00fe 756E7369 		.ascii	"unsigned int\000"
 1095      676E6564 
 1095      20696E74 
 1095      00
 1096              	.LASF17:
 1097 010b 4E756D62 		.ascii	"Number\000"
 1097      657200
 1098              	.LASF7:
 1099 0112 6C6F6E67 		.ascii	"long long unsigned int\000"
 1099      206C6F6E 
 1099      6720756E 
 1099      7369676E 
 1099      65642069 
 1100              	.LASF10:
 1101 0129 75696E74 		.ascii	"uint8_t\000"
 1101      385F7400 
 1102              	.LASF32:
 1103 0131 433A5C55 		.ascii	"C:\\Users\\Vitali\\Documents\\PSoC Creator\\Expo_Co"
 1103      73657273 
 1103      5C566974 
 1103      616C695C 
 1103      446F6375 
 1104 015f 6E74726F 		.ascii	"ntroller_Workspace\\Expo_Controller2.cydsn\000"
 1104      6C6C6572 
 1104      5F576F72 
 1104      6B737061 
 1104      63655C45 
ARM GAS  C:\Users\Vitali\AppData\Local\Temp\cc8we9Mn.s 			page 24


 1105              	.LASF16:
 1106 0189 73697A65 		.ascii	"sizetype\000"
 1106      74797065 
 1106      00
 1107              	.LASF6:
 1108 0192 6C6F6E67 		.ascii	"long long int\000"
 1108      206C6F6E 
 1108      6720696E 
 1108      7400
 1109              	.LASF19:
 1110 01a0 466C6167 		.ascii	"Flag\000"
 1110      00
 1111              	.LASF15:
 1112 01a5 63686172 		.ascii	"char\000"
 1112      00
 1113              	.LASF30:
 1114 01aa 474E5520 		.ascii	"GNU C 4.9.3 20150303 (release) [ARM/embedded-4_9-br"
 1114      4320342E 
 1114      392E3320 
 1114      32303135 
 1114      30333033 
 1115 01dd 616E6368 		.ascii	"anch revision 221220] -mcpu=cortex-m0 -mthumb -g -O"
 1115      20726576 
 1115      6973696F 
 1115      6E203232 
 1115      31323230 
 1116 0210 67202D66 		.ascii	"g -ffunction-sections -ffat-lto-objects\000"
 1116      66756E63 
 1116      74696F6E 
 1116      2D736563 
 1116      74696F6E 
 1117              	.LASF2:
 1118 0238 73686F72 		.ascii	"short int\000"
 1118      7420696E 
 1118      7400
 1119              	.LASF29:
 1120 0242 53797374 		.ascii	"System_Timer\000"
 1120      656D5F54 
 1120      696D6572 
 1120      00
 1121              	.LASF4:
 1122 024f 6C6F6E67 		.ascii	"long int\000"
 1122      20696E74 
 1122      00
 1123              	.LASF0:
 1124 0258 7369676E 		.ascii	"signed char\000"
 1124      65642063 
 1124      68617200 
 1125              	.LASF18:
 1126 0264 54696D65 		.ascii	"Time\000"
 1126      00
 1127              		.ident	"GCC: (GNU Tools for ARM Embedded Processors) 4.9.3 20150303 (release) [ARM/embedded-4_9-br
