ARM GAS  C:\Users\Vitali\AppData\Local\Temp\cc82nV58.s 			page 1


   1              		.cpu cortex-m0
   2              		.fpu softvfp
   3              		.eabi_attribute 20, 1
   4              		.eabi_attribute 21, 1
   5              		.eabi_attribute 23, 3
   6              		.eabi_attribute 24, 1
   7              		.eabi_attribute 25, 1
   8              		.eabi_attribute 26, 1
   9              		.eabi_attribute 30, 4
  10              		.eabi_attribute 34, 0
  11              		.eabi_attribute 18, 4
  12              		.code	16
  13              		.file	"WS0010.c"
  14              		.text
  15              	.Ltext0:
  16              		.cfi_sections	.debug_frame
  17              		.section	.text.Enable_Frame_DDR,"ax",%progbits
  18              		.align	1
  19              		.global	Enable_Frame_DDR
  20              		.code	16
  21              		.thumb_func
  22              		.type	Enable_Frame_DDR, %function
  23              	Enable_Frame_DDR:
  24              	.LFB59:
  25              		.file 1 ".\\WS0010.c"
   1:.\WS0010.c    **** /* ========================================
   2:.\WS0010.c    ****  *
   3:.\WS0010.c    ****  * Copyright YOUR COMPANY, THE YEAR
   4:.\WS0010.c    ****  * All Rights Reserved
   5:.\WS0010.c    ****  * UNPUBLISHED, LICENSED SOFTWARE.
   6:.\WS0010.c    ****  *
   7:.\WS0010.c    ****  * CONFIDENTIAL AND PROPRIETARY INFORMATION
   8:.\WS0010.c    ****  * WHICH IS THE PROPERTY OF your company.
   9:.\WS0010.c    ****  *
  10:.\WS0010.c    ****  * ========================================
  11:.\WS0010.c    **** */
  12:.\WS0010.c    **** #include "WS0010.h"
  13:.\WS0010.c    **** 
  14:.\WS0010.c    ****     void inline Enable_Frame_DDR()
  15:.\WS0010.c    ****     {
  26              		.loc 1 15 0
  27              		.cfi_startproc
  28              	.LVL0:
  29 0000 0021     		mov	r1, #0
  30 0002 10B5     		push	{r4, lr}
  31              		.cfi_def_cfa_offset 8
  32              		.cfi_offset 4, -8
  33              		.cfi_offset 14, -4
  34              	.LVL1:
  35              	.L2:
  36              		.loc 1 15 0
  37 0004 0022     		mov	r2, #0
  38              	.LVL2:
  39              	.L3:
  16:.\WS0010.c    ****         uint8 Line, Col;
  17:.\WS0010.c    ****     
  18:.\WS0010.c    ****         for(Line = 0; Line < LCD_Line; Line++)
ARM GAS  C:\Users\Vitali\AppData\Local\Temp\cc82nV58.s 			page 2


  19:.\WS0010.c    ****         {
  20:.\WS0010.c    ****             for(Col = 0; Col < LCD_Column; Col++)
  21:.\WS0010.c    ****             {
  22:.\WS0010.c    ****                 FrameDDR[Line][Col] = 0x20;
  40              		.loc 1 22 0 discriminator 3
  41 0006 1423     		mov	r3, #20
  42 0008 2024     		mov	r4, #32
  43 000a 4B43     		mul	r3, r1
  44 000c 0648     		ldr	r0, .L6
  45 000e 9B18     		add	r3, r3, r2
  46 0010 0132     		add	r2, r2, #1
  47              	.LVL3:
  48 0012 1C54     		strb	r4, [r3, r0]
  20:.\WS0010.c    ****             {
  49              		.loc 1 20 0 discriminator 3
  50 0014 142A     		cmp	r2, #20
  51 0016 F6D1     		bne	.L3
  52              	.LVL4:
  53 0018 0131     		add	r1, r1, #1
  54              	.LVL5:
  18:.\WS0010.c    ****         {
  55              		.loc 1 18 0 discriminator 2
  56 001a 0429     		cmp	r1, #4
  57 001c F2D1     		bne	.L2
  23:.\WS0010.c    ****             }
  24:.\WS0010.c    ****         }
  25:.\WS0010.c    ****         Frame_Tail = 0;
  58              		.loc 1 25 0
  59 001e 0022     		mov	r2, #0
  60 0020 024B     		ldr	r3, .L6+4
  26:.\WS0010.c    ****     }
  61              		.loc 1 26 0
  62              		@ sp needed
  25:.\WS0010.c    ****     }
  63              		.loc 1 25 0
  64 0022 1A70     		strb	r2, [r3]
  65              		.loc 1 26 0
  66 0024 10BD     		pop	{r4, pc}
  67              	.L7:
  68 0026 C046     		.align	2
  69              	.L6:
  70 0028 00000000 		.word	FrameDDR
  71 002c 00000000 		.word	Frame_Tail
  72              		.cfi_endproc
  73              	.LFE59:
  74              		.size	Enable_Frame_DDR, .-Enable_Frame_DDR
  75              		.section	.text.LCD_WS0010Start,"ax",%progbits
  76              		.align	1
  77              		.global	LCD_WS0010Start
  78              		.code	16
  79              		.thumb_func
  80              		.type	LCD_WS0010Start, %function
  81              	LCD_WS0010Start:
  82              	.LFB60:
  27:.\WS0010.c    ****     
  28:.\WS0010.c    ****     void inline LCD_WS0010Start()
  29:.\WS0010.c    ****     {
ARM GAS  C:\Users\Vitali\AppData\Local\Temp\cc82nV58.s 			page 3


  83              		.loc 1 29 0
  84              		.cfi_startproc
  85 0000 08B5     		push	{r3, lr}
  86              		.cfi_def_cfa_offset 8
  87              		.cfi_offset 3, -8
  88              		.cfi_offset 14, -4
  30:.\WS0010.c    ****       
  31:.\WS0010.c    ****         LCD_WriteControl(0x00);//
  89              		.loc 1 31 0
  90 0002 0020     		mov	r0, #0
  91 0004 FFF7FEFF 		bl	LCD_WriteControl
  92              	.LVL6:
  32:.\WS0010.c    ****         LCD_WriteControl(0x00);
  93              		.loc 1 32 0
  94 0008 0020     		mov	r0, #0
  95 000a FFF7FEFF 		bl	LCD_WriteControl
  96              	.LVL7:
  33:.\WS0010.c    ****         LCD_WriteControl(0x02);
  97              		.loc 1 33 0
  98 000e 0220     		mov	r0, #2
  99 0010 FFF7FEFF 		bl	LCD_WriteControl
 100              	.LVL8:
  34:.\WS0010.c    ****         LCD_WriteControl(0x2A);
 101              		.loc 1 34 0
 102 0014 2A20     		mov	r0, #42
 103 0016 FFF7FEFF 		bl	LCD_WriteControl
 104              	.LVL9:
  35:.\WS0010.c    ****         LCD_WriteControl(0x08);
 105              		.loc 1 35 0
 106 001a 0820     		mov	r0, #8
 107 001c FFF7FEFF 		bl	LCD_WriteControl
 108              	.LVL10:
  36:.\WS0010.c    ****         LCD_WriteControl(0x01);
 109              		.loc 1 36 0
 110 0020 0120     		mov	r0, #1
 111 0022 FFF7FEFF 		bl	LCD_WriteControl
 112              	.LVL11:
  37:.\WS0010.c    ****         LCD_WriteControl(0x02);
 113              		.loc 1 37 0
 114 0026 0220     		mov	r0, #2
 115 0028 FFF7FEFF 		bl	LCD_WriteControl
 116              	.LVL12:
  38:.\WS0010.c    ****         LCD_WriteControl(0x06);
 117              		.loc 1 38 0
 118 002c 0620     		mov	r0, #6
 119 002e FFF7FEFF 		bl	LCD_WriteControl
 120              	.LVL13:
  39:.\WS0010.c    ****         
  40:.\WS0010.c    ****         Enable_Frame_DDR();
 121              		.loc 1 40 0
 122 0032 FFF7FEFF 		bl	Enable_Frame_DDR
 123              	.LVL14:
  41:.\WS0010.c    ****         LCD_WriteControl(0x0C);
 124              		.loc 1 41 0
 125 0036 0C20     		mov	r0, #12
 126 0038 FFF7FEFF 		bl	LCD_WriteControl
 127              	.LVL15:
ARM GAS  C:\Users\Vitali\AppData\Local\Temp\cc82nV58.s 			page 4


  42:.\WS0010.c    ****     }
 128              		.loc 1 42 0
 129              		@ sp needed
 130 003c 08BD     		pop	{r3, pc}
 131              		.cfi_endproc
 132              	.LFE60:
 133              		.size	LCD_WS0010Start, .-LCD_WS0010Start
 134              		.section	.text.Add_To_DDR,"ax",%progbits
 135              		.align	1
 136              		.global	Add_To_DDR
 137              		.code	16
 138              		.thumb_func
 139              		.type	Add_To_DDR, %function
 140              	Add_To_DDR:
 141              	.LFB61:
  43:.\WS0010.c    ****     
  44:.\WS0010.c    ****     void Add_To_DDR(char8 *string)
  45:.\WS0010.c    ****     {
 142              		.loc 1 45 0
 143              		.cfi_startproc
 144              	.LVL16:
 145 0000 F0B5     		push	{r4, r5, r6, r7, lr}
 146              		.cfi_def_cfa_offset 20
 147              		.cfi_offset 4, -20
 148              		.cfi_offset 5, -16
 149              		.cfi_offset 6, -12
 150              		.cfi_offset 7, -8
 151              		.cfi_offset 14, -4
  46:.\WS0010.c    ****         uint8 TailBuf = Frame_Tail;
 152              		.loc 1 46 0
 153 0002 224B     		ldr	r3, .L22
  47:.\WS0010.c    ****         uint8 index = 1;
  48:.\WS0010.c    ****         uint8 Col = 0;
  49:.\WS0010.c    ****         uint8 Line;
  50:.\WS0010.c    ****         char8 current = *string;
 154              		.loc 1 50 0
 155 0004 0178     		ldrb	r1, [r0]
  46:.\WS0010.c    ****         uint8 TailBuf = Frame_Tail;
 156              		.loc 1 46 0
 157 0006 1D78     		ldrb	r5, [r3]
  51:.\WS0010.c    ****         if(TailBuf == 4)
 158              		.loc 1 51 0
 159 0008 0022     		mov	r2, #0
  46:.\WS0010.c    ****         uint8 TailBuf = Frame_Tail;
 160              		.loc 1 46 0
 161 000a EDB2     		uxtb	r5, r5
 162              	.LVL17:
 163              		.loc 1 51 0
 164 000c 042D     		cmp	r5, #4
 165 000e 2BD1     		bne	.L11
 166 0010 0023     		mov	r3, #0
 167              	.LVL18:
 168              	.L10:
  52:.\WS0010.c    ****         {
  53:.\WS0010.c    ****             for(Col = 0; Col < LCD_Column; Col++)
  54:.\WS0010.c    ****             {
  55:.\WS0010.c    ****                 FrameDDR[0][Col] = (char8) ' ';
ARM GAS  C:\Users\Vitali\AppData\Local\Temp\cc82nV58.s 			page 5


 169              		.loc 1 55 0 discriminator 3
 170 0012 2024     		mov	r4, #32
 171 0014 1E4A     		ldr	r2, .L22+4
 172 0016 D454     		strb	r4, [r2, r3]
 173              	.LVL19:
 174 0018 0133     		add	r3, r3, #1
 175              	.LVL20:
  53:.\WS0010.c    ****             {
 176              		.loc 1 53 0 discriminator 3
 177 001a 142B     		cmp	r3, #20
 178 001c F9D1     		bne	.L10
 179 001e 0125     		mov	r5, #1
 180              	.LVL21:
 181              	.L12:
 182 0020 0024     		mov	r4, #0
 183              	.LVL22:
 184              	.L13:
  56:.\WS0010.c    ****             }
  57:.\WS0010.c    ****             for(Line = 1; Line< LCD_Line; Line++)
  58:.\WS0010.c    ****             {
  59:.\WS0010.c    ****                 for(Col = 0; Col < LCD_Column; Col++)
  60:.\WS0010.c    ****                 {
  61:.\WS0010.c    ****                     FrameDDR[Line - 1][Col] = FrameDDR[Line][Col]; 
 185              		.loc 1 61 0 discriminator 3
 186 0022 1423     		mov	r3, #20
 187 0024 1E1C     		mov	r6, r3
 188 0026 6E43     		mul	r6, r5
 189 0028 6F1E     		sub	r7, r5, #1
 190 002a 7B43     		mul	r3, r7
 191 002c 3619     		add	r6, r6, r4
 192 002e 965D     		ldrb	r6, [r2, r6]
 193 0030 1B19     		add	r3, r3, r4
 194 0032 F6B2     		uxtb	r6, r6
 195 0034 0134     		add	r4, r4, #1
 196              	.LVL23:
 197 0036 D654     		strb	r6, [r2, r3]
  59:.\WS0010.c    ****                 {
 198              		.loc 1 59 0 discriminator 3
 199 0038 142C     		cmp	r4, #20
 200 003a F2D1     		bne	.L13
 201              	.LVL24:
 202 003c 0135     		add	r5, r5, #1
 203              	.LVL25:
  57:.\WS0010.c    ****             {
 204              		.loc 1 57 0 discriminator 2
 205 003e 042D     		cmp	r5, #4
 206 0040 EED1     		bne	.L12
 207 0042 0023     		mov	r3, #0
 208              	.LVL26:
 209              	.L14:
  62:.\WS0010.c    ****                 }
  63:.\WS0010.c    ****             }
  64:.\WS0010.c    ****             for(Col = 0; Col < LCD_Column; Col++)
  65:.\WS0010.c    ****             {
  66:.\WS0010.c    ****                 FrameDDR[3][Col] = (char8) ' ';
 210              		.loc 1 66 0 discriminator 3
 211 0044 2025     		mov	r5, #32
ARM GAS  C:\Users\Vitali\AppData\Local\Temp\cc82nV58.s 			page 6


 212 0046 D418     		add	r4, r2, r3
 213 0048 3C34     		add	r4, r4, #60
 214 004a 0133     		add	r3, r3, #1
 215              	.LVL27:
 216 004c 2570     		strb	r5, [r4]
  64:.\WS0010.c    ****             {
 217              		.loc 1 64 0 discriminator 3
 218 004e 142B     		cmp	r3, #20
 219 0050 F8D1     		bne	.L14
  64:.\WS0010.c    ****             {
 220              		.loc 1 64 0 is_stmt 0
 221 0052 0023     		mov	r3, #0
 222              	.LVL28:
 223              	.L15:
 224 0054 5C1C     		add	r4, r3, #1
 225 0056 E4B2     		uxtb	r4, r4
 226              	.LVL29:
  67:.\WS0010.c    ****             }
  68:.\WS0010.c    ****             Col = 0;
  69:.\WS0010.c    ****             while((char8) '\0' != current)
 227              		.loc 1 69 0 is_stmt 1
 228 0058 0029     		cmp	r1, #0
 229 005a 15D0     		beq	.L9
  70:.\WS0010.c    ****                 {
  71:.\WS0010.c    ****                     FrameDDR[3][Col] = current;
 230              		.loc 1 71 0
 231 005c D318     		add	r3, r2, r3
 232 005e 3C33     		add	r3, r3, #60
 233 0060 1970     		strb	r1, [r3]
  72:.\WS0010.c    ****                     current = string[index];
 234              		.loc 1 72 0
 235 0062 015D     		ldrb	r1, [r0, r4]
 236              	.LVL30:
  73:.\WS0010.c    ****                     index++;
  74:.\WS0010.c    ****                     Col++;
 237              		.loc 1 74 0
 238 0064 231C     		mov	r3, r4
 239 0066 F5E7     		b	.L15
 240              	.LVL31:
 241              	.L11:
 242 0068 541C     		add	r4, r2, #1
 243 006a E4B2     		uxtb	r4, r4
 244              	.LVL32:
  75:.\WS0010.c    ****                 }
  76:.\WS0010.c    ****         }
  77:.\WS0010.c    ****         else
  78:.\WS0010.c    ****         {
  79:.\WS0010.c    ****             while((char8) '\0' != current)
 245              		.loc 1 79 0
 246 006c 0029     		cmp	r1, #0
 247 006e 07D0     		beq	.L21
  80:.\WS0010.c    ****                 {
  81:.\WS0010.c    ****                     FrameDDR[TailBuf][Col] = current;
 248              		.loc 1 81 0
 249 0070 1426     		mov	r6, #20
 250 0072 6E43     		mul	r6, r5
 251 0074 B218     		add	r2, r6, r2
ARM GAS  C:\Users\Vitali\AppData\Local\Temp\cc82nV58.s 			page 7


 252 0076 064E     		ldr	r6, .L22+4
 253 0078 9155     		strb	r1, [r2, r6]
  82:.\WS0010.c    ****                     current = string[index];
 254              		.loc 1 82 0
 255 007a 015D     		ldrb	r1, [r0, r4]
 256              	.LVL33:
  83:.\WS0010.c    ****                     index++;
  84:.\WS0010.c    ****                     Col++;
 257              		.loc 1 84 0
 258 007c 221C     		mov	r2, r4
 259 007e F3E7     		b	.L11
 260              	.LVL34:
 261              	.L21:
  85:.\WS0010.c    ****                 }
  86:.\WS0010.c    ****                 Frame_Tail++;
 262              		.loc 1 86 0
 263 0080 1A78     		ldrb	r2, [r3]
 264 0082 0132     		add	r2, r2, #1
 265 0084 D2B2     		uxtb	r2, r2
 266 0086 1A70     		strb	r2, [r3]
 267              	.LVL35:
 268              	.L9:
  87:.\WS0010.c    ****         }
  88:.\WS0010.c    ****     }
 269              		.loc 1 88 0
 270              		@ sp needed
 271              	.LVL36:
 272 0088 F0BD     		pop	{r4, r5, r6, r7, pc}
 273              	.L23:
 274 008a C046     		.align	2
 275              	.L22:
 276 008c 00000000 		.word	Frame_Tail
 277 0090 00000000 		.word	FrameDDR
 278              		.cfi_endproc
 279              	.LFE61:
 280              		.size	Add_To_DDR, .-Add_To_DDR
 281              		.section	.text.Print_DDR,"ax",%progbits
 282              		.align	1
 283              		.global	Print_DDR
 284              		.code	16
 285              		.thumb_func
 286              		.type	Print_DDR, %function
 287              	Print_DDR:
 288              	.LFB62:
  89:.\WS0010.c    ****     
  90:.\WS0010.c    ****     void Print_DDR()
  91:.\WS0010.c    ****     {
 289              		.loc 1 91 0
 290              		.cfi_startproc
 291              	.LVL37:
 292 0000 38B5     		push	{r3, r4, r5, lr}
 293              		.cfi_def_cfa_offset 16
 294              		.cfi_offset 3, -16
 295              		.cfi_offset 4, -12
 296              		.cfi_offset 5, -8
 297              		.cfi_offset 14, -4
 298              		.loc 1 91 0
ARM GAS  C:\Users\Vitali\AppData\Local\Temp\cc82nV58.s 			page 8


 299 0002 0024     		mov	r4, #0
 300              	.LVL38:
 301              	.L26:
  92:.\WS0010.c    ****         uint8 Line, Col;
  93:.\WS0010.c    ****     
  94:.\WS0010.c    ****         for(Line = 0; Line < LCD_Line; Line++)
  95:.\WS0010.c    ****         {
  96:.\WS0010.c    ****             LCD_Position(Line,0);
 302              		.loc 1 96 0
 303 0004 E0B2     		uxtb	r0, r4
 304 0006 0021     		mov	r1, #0
 305 0008 FFF7FEFF 		bl	LCD_Position
 306              	.LVL39:
 307 000c 0025     		mov	r5, #0
 308              	.LVL40:
 309              	.L25:
  97:.\WS0010.c    ****             for(Col = 0; Col < LCD_Column; Col++)
  98:.\WS0010.c    ****             {
  99:.\WS0010.c    ****                 LCD_PutChar(FrameDDR[Line][Col]);
 310              		.loc 1 99 0 discriminator 3
 311 000e 1423     		mov	r3, #20
 312 0010 6343     		mul	r3, r4
 313 0012 064A     		ldr	r2, .L27
 314 0014 5B19     		add	r3, r3, r5
 315 0016 985C     		ldrb	r0, [r3, r2]
 316 0018 0135     		add	r5, r5, #1
 317              	.LVL41:
 318 001a C0B2     		uxtb	r0, r0
 319 001c FFF7FEFF 		bl	LCD_PutChar
 320              	.LVL42:
  97:.\WS0010.c    ****             for(Col = 0; Col < LCD_Column; Col++)
 321              		.loc 1 97 0 discriminator 3
 322 0020 142D     		cmp	r5, #20
 323 0022 F4D1     		bne	.L25
 324              	.LVL43:
 325 0024 0134     		add	r4, r4, #1
 326              	.LVL44:
  94:.\WS0010.c    ****         {
 327              		.loc 1 94 0 discriminator 2
 328 0026 042C     		cmp	r4, #4
 329 0028 ECD1     		bne	.L26
 100:.\WS0010.c    ****             }
 101:.\WS0010.c    ****         }
 102:.\WS0010.c    ****     }
 330              		.loc 1 102 0
 331              		@ sp needed
 332 002a 38BD     		pop	{r3, r4, r5, pc}
 333              	.L28:
 334              		.align	2
 335              	.L27:
 336 002c 00000000 		.word	FrameDDR
 337              		.cfi_endproc
 338              	.LFE62:
 339              		.size	Print_DDR, .-Print_DDR
 340              		.comm	Frame_Tail,1,1
 341              		.comm	FrameDDR,80,1
 342              		.text
ARM GAS  C:\Users\Vitali\AppData\Local\Temp\cc82nV58.s 			page 9


 343              	.Letext0:
 344              		.file 2 "Generated_Source\\PSoC4/cytypes.h"
 345              		.file 3 ".\\WS0010.h"
 346              		.file 4 "Generated_Source\\PSoC4/LCD.h"
 347              		.section	.debug_info,"",%progbits
 348              	.Ldebug_info0:
 349 0000 D3020000 		.4byte	0x2d3
 350 0004 0400     		.2byte	0x4
 351 0006 00000000 		.4byte	.Ldebug_abbrev0
 352 000a 04       		.byte	0x4
 353 000b 01       		.uleb128 0x1
 354 000c 00000000 		.4byte	.LASF26
 355 0010 01       		.byte	0x1
 356 0011 60010000 		.4byte	.LASF27
 357 0015 6B010000 		.4byte	.LASF28
 358 0019 00000000 		.4byte	.Ldebug_ranges0+0
 359 001d 00000000 		.4byte	0
 360 0021 00000000 		.4byte	.Ldebug_line0
 361 0025 02       		.uleb128 0x2
 362 0026 01       		.byte	0x1
 363 0027 06       		.byte	0x6
 364 0028 1B020000 		.4byte	.LASF0
 365 002c 02       		.uleb128 0x2
 366 002d 01       		.byte	0x1
 367 002e 08       		.byte	0x8
 368 002f F1000000 		.4byte	.LASF1
 369 0033 02       		.uleb128 0x2
 370 0034 02       		.byte	0x2
 371 0035 05       		.byte	0x5
 372 0036 F1010000 		.4byte	.LASF2
 373 003a 02       		.uleb128 0x2
 374 003b 02       		.byte	0x2
 375 003c 07       		.byte	0x7
 376 003d 9F000000 		.4byte	.LASF3
 377 0041 02       		.uleb128 0x2
 378 0042 04       		.byte	0x4
 379 0043 05       		.byte	0x5
 380 0044 12020000 		.4byte	.LASF4
 381 0048 02       		.uleb128 0x2
 382 0049 04       		.byte	0x4
 383 004a 07       		.byte	0x7
 384 004b 05010000 		.4byte	.LASF5
 385 004f 02       		.uleb128 0x2
 386 0050 08       		.byte	0x8
 387 0051 05       		.byte	0x5
 388 0052 D8010000 		.4byte	.LASF6
 389 0056 02       		.uleb128 0x2
 390 0057 08       		.byte	0x8
 391 0058 07       		.byte	0x7
 392 0059 3C010000 		.4byte	.LASF7
 393 005d 03       		.uleb128 0x3
 394 005e 04       		.byte	0x4
 395 005f 05       		.byte	0x5
 396 0060 696E7400 		.ascii	"int\000"
 397 0064 02       		.uleb128 0x2
 398 0065 04       		.byte	0x4
 399 0066 07       		.byte	0x7
ARM GAS  C:\Users\Vitali\AppData\Local\Temp\cc82nV58.s 			page 10


 400 0067 2F010000 		.4byte	.LASF8
 401 006b 04       		.uleb128 0x4
 402 006c 17010000 		.4byte	.LASF11
 403 0070 02       		.byte	0x2
 404 0071 C2       		.byte	0xc2
 405 0072 2C000000 		.4byte	0x2c
 406 0076 02       		.uleb128 0x2
 407 0077 04       		.byte	0x4
 408 0078 04       		.byte	0x4
 409 0079 EB000000 		.4byte	.LASF9
 410 007d 02       		.uleb128 0x2
 411 007e 08       		.byte	0x8
 412 007f 04       		.byte	0x4
 413 0080 1D010000 		.4byte	.LASF10
 414 0084 04       		.uleb128 0x4
 415 0085 FF000000 		.4byte	.LASF12
 416 0089 02       		.byte	0x2
 417 008a D3       		.byte	0xd3
 418 008b 8F000000 		.4byte	0x8f
 419 008f 02       		.uleb128 0x2
 420 0090 01       		.byte	0x1
 421 0091 08       		.byte	0x8
 422 0092 E6010000 		.4byte	.LASF13
 423 0096 05       		.uleb128 0x5
 424 0097 6B000000 		.4byte	0x6b
 425 009b 02       		.uleb128 0x2
 426 009c 04       		.byte	0x4
 427 009d 07       		.byte	0x7
 428 009e CF010000 		.4byte	.LASF14
 429 00a2 06       		.uleb128 0x6
 430 00a3 B2000000 		.4byte	.LASF16
 431 00a7 01       		.byte	0x1
 432 00a8 0E       		.byte	0xe
 433 00a9 00000000 		.4byte	.LFB59
 434 00ad 30000000 		.4byte	.LFE59-.LFB59
 435 00b1 01       		.uleb128 0x1
 436 00b2 9C       		.byte	0x9c
 437 00b3 D6000000 		.4byte	0xd6
 438 00b7 07       		.uleb128 0x7
 439 00b8 FB010000 		.4byte	.LASF15
 440 00bc 01       		.byte	0x1
 441 00bd 10       		.byte	0x10
 442 00be 6B000000 		.4byte	0x6b
 443 00c2 00000000 		.4byte	.LLST0
 444 00c6 08       		.uleb128 0x8
 445 00c7 436F6C00 		.ascii	"Col\000"
 446 00cb 01       		.byte	0x1
 447 00cc 10       		.byte	0x10
 448 00cd 6B000000 		.4byte	0x6b
 449 00d1 2C000000 		.4byte	.LLST1
 450 00d5 00       		.byte	0
 451 00d6 06       		.uleb128 0x6
 452 00d7 DB000000 		.4byte	.LASF17
 453 00db 01       		.byte	0x1
 454 00dc 1C       		.byte	0x1c
 455 00dd 00000000 		.4byte	.LFB60
 456 00e1 3E000000 		.4byte	.LFE60-.LFB60
ARM GAS  C:\Users\Vitali\AppData\Local\Temp\cc82nV58.s 			page 11


 457 00e5 01       		.uleb128 0x1
 458 00e6 9C       		.byte	0x9c
 459 00e7 9D010000 		.4byte	0x19d
 460 00eb 09       		.uleb128 0x9
 461 00ec 08000000 		.4byte	.LVL6
 462 00f0 A2020000 		.4byte	0x2a2
 463 00f4 FE000000 		.4byte	0xfe
 464 00f8 0A       		.uleb128 0xa
 465 00f9 01       		.uleb128 0x1
 466 00fa 50       		.byte	0x50
 467 00fb 01       		.uleb128 0x1
 468 00fc 30       		.byte	0x30
 469 00fd 00       		.byte	0
 470 00fe 09       		.uleb128 0x9
 471 00ff 0E000000 		.4byte	.LVL7
 472 0103 A2020000 		.4byte	0x2a2
 473 0107 11010000 		.4byte	0x111
 474 010b 0A       		.uleb128 0xa
 475 010c 01       		.uleb128 0x1
 476 010d 50       		.byte	0x50
 477 010e 01       		.uleb128 0x1
 478 010f 30       		.byte	0x30
 479 0110 00       		.byte	0
 480 0111 09       		.uleb128 0x9
 481 0112 14000000 		.4byte	.LVL8
 482 0116 A2020000 		.4byte	0x2a2
 483 011a 24010000 		.4byte	0x124
 484 011e 0A       		.uleb128 0xa
 485 011f 01       		.uleb128 0x1
 486 0120 50       		.byte	0x50
 487 0121 01       		.uleb128 0x1
 488 0122 32       		.byte	0x32
 489 0123 00       		.byte	0
 490 0124 09       		.uleb128 0x9
 491 0125 1A000000 		.4byte	.LVL9
 492 0129 A2020000 		.4byte	0x2a2
 493 012d 38010000 		.4byte	0x138
 494 0131 0A       		.uleb128 0xa
 495 0132 01       		.uleb128 0x1
 496 0133 50       		.byte	0x50
 497 0134 02       		.uleb128 0x2
 498 0135 08       		.byte	0x8
 499 0136 2A       		.byte	0x2a
 500 0137 00       		.byte	0
 501 0138 09       		.uleb128 0x9
 502 0139 20000000 		.4byte	.LVL10
 503 013d A2020000 		.4byte	0x2a2
 504 0141 4B010000 		.4byte	0x14b
 505 0145 0A       		.uleb128 0xa
 506 0146 01       		.uleb128 0x1
 507 0147 50       		.byte	0x50
 508 0148 01       		.uleb128 0x1
 509 0149 38       		.byte	0x38
 510 014a 00       		.byte	0
 511 014b 09       		.uleb128 0x9
 512 014c 26000000 		.4byte	.LVL11
 513 0150 A2020000 		.4byte	0x2a2
ARM GAS  C:\Users\Vitali\AppData\Local\Temp\cc82nV58.s 			page 12


 514 0154 5E010000 		.4byte	0x15e
 515 0158 0A       		.uleb128 0xa
 516 0159 01       		.uleb128 0x1
 517 015a 50       		.byte	0x50
 518 015b 01       		.uleb128 0x1
 519 015c 31       		.byte	0x31
 520 015d 00       		.byte	0
 521 015e 09       		.uleb128 0x9
 522 015f 2C000000 		.4byte	.LVL12
 523 0163 A2020000 		.4byte	0x2a2
 524 0167 71010000 		.4byte	0x171
 525 016b 0A       		.uleb128 0xa
 526 016c 01       		.uleb128 0x1
 527 016d 50       		.byte	0x50
 528 016e 01       		.uleb128 0x1
 529 016f 32       		.byte	0x32
 530 0170 00       		.byte	0
 531 0171 09       		.uleb128 0x9
 532 0172 32000000 		.4byte	.LVL13
 533 0176 A2020000 		.4byte	0x2a2
 534 017a 84010000 		.4byte	0x184
 535 017e 0A       		.uleb128 0xa
 536 017f 01       		.uleb128 0x1
 537 0180 50       		.byte	0x50
 538 0181 01       		.uleb128 0x1
 539 0182 36       		.byte	0x36
 540 0183 00       		.byte	0
 541 0184 0B       		.uleb128 0xb
 542 0185 36000000 		.4byte	.LVL14
 543 0189 A2000000 		.4byte	0xa2
 544 018d 0C       		.uleb128 0xc
 545 018e 3C000000 		.4byte	.LVL15
 546 0192 A2020000 		.4byte	0x2a2
 547 0196 0A       		.uleb128 0xa
 548 0197 01       		.uleb128 0x1
 549 0198 50       		.byte	0x50
 550 0199 01       		.uleb128 0x1
 551 019a 3C       		.byte	0x3c
 552 019b 00       		.byte	0
 553 019c 00       		.byte	0
 554 019d 0D       		.uleb128 0xd
 555 019e 24010000 		.4byte	.LASF29
 556 01a2 01       		.byte	0x1
 557 01a3 2C       		.byte	0x2c
 558 01a4 00000000 		.4byte	.LFB61
 559 01a8 94000000 		.4byte	.LFE61-.LFB61
 560 01ac 01       		.uleb128 0x1
 561 01ad 9C       		.byte	0x9c
 562 01ae 09020000 		.4byte	0x209
 563 01b2 0E       		.uleb128 0xe
 564 01b3 D4000000 		.4byte	.LASF30
 565 01b7 01       		.byte	0x1
 566 01b8 2C       		.byte	0x2c
 567 01b9 09020000 		.4byte	0x209
 568 01bd 01       		.uleb128 0x1
 569 01be 50       		.byte	0x50
 570 01bf 07       		.uleb128 0x7
ARM GAS  C:\Users\Vitali\AppData\Local\Temp\cc82nV58.s 			page 13


 571 01c0 CC000000 		.4byte	.LASF18
 572 01c4 01       		.byte	0x1
 573 01c5 2E       		.byte	0x2e
 574 01c6 6B000000 		.4byte	0x6b
 575 01ca 4B000000 		.4byte	.LLST2
 576 01ce 07       		.uleb128 0x7
 577 01cf EB010000 		.4byte	.LASF19
 578 01d3 01       		.byte	0x1
 579 01d4 2F       		.byte	0x2f
 580 01d5 6B000000 		.4byte	0x6b
 581 01d9 69000000 		.4byte	.LLST3
 582 01dd 08       		.uleb128 0x8
 583 01de 436F6C00 		.ascii	"Col\000"
 584 01e2 01       		.byte	0x1
 585 01e3 30       		.byte	0x30
 586 01e4 6B000000 		.4byte	0x6b
 587 01e8 B8000000 		.4byte	.LLST4
 588 01ec 07       		.uleb128 0x7
 589 01ed FB010000 		.4byte	.LASF15
 590 01f1 01       		.byte	0x1
 591 01f2 31       		.byte	0x31
 592 01f3 6B000000 		.4byte	0x6b
 593 01f7 1C010000 		.4byte	.LLST5
 594 01fb 0F       		.uleb128 0xf
 595 01fc 00020000 		.4byte	.LASF20
 596 0200 01       		.byte	0x1
 597 0201 32       		.byte	0x32
 598 0202 84000000 		.4byte	0x84
 599 0206 01       		.uleb128 0x1
 600 0207 51       		.byte	0x51
 601 0208 00       		.byte	0
 602 0209 10       		.uleb128 0x10
 603 020a 04       		.byte	0x4
 604 020b 84000000 		.4byte	0x84
 605 020f 06       		.uleb128 0x6
 606 0210 08020000 		.4byte	.LASF21
 607 0214 01       		.byte	0x1
 608 0215 5A       		.byte	0x5a
 609 0216 00000000 		.4byte	.LFB62
 610 021a 30000000 		.4byte	.LFE62-.LFB62
 611 021e 01       		.uleb128 0x1
 612 021f 9C       		.byte	0x9c
 613 0220 65020000 		.4byte	0x265
 614 0224 07       		.uleb128 0x7
 615 0225 FB010000 		.4byte	.LASF15
 616 0229 01       		.byte	0x1
 617 022a 5C       		.byte	0x5c
 618 022b 6B000000 		.4byte	0x6b
 619 022f 56010000 		.4byte	.LLST6
 620 0233 08       		.uleb128 0x8
 621 0234 436F6C00 		.ascii	"Col\000"
 622 0238 01       		.byte	0x1
 623 0239 5C       		.byte	0x5c
 624 023a 6B000000 		.4byte	0x6b
 625 023e 82010000 		.4byte	.LLST7
 626 0242 09       		.uleb128 0x9
 627 0243 0C000000 		.4byte	.LVL39
ARM GAS  C:\Users\Vitali\AppData\Local\Temp\cc82nV58.s 			page 14


 628 0247 B3020000 		.4byte	0x2b3
 629 024b 5B020000 		.4byte	0x25b
 630 024f 0A       		.uleb128 0xa
 631 0250 01       		.uleb128 0x1
 632 0251 51       		.byte	0x51
 633 0252 01       		.uleb128 0x1
 634 0253 30       		.byte	0x30
 635 0254 0A       		.uleb128 0xa
 636 0255 01       		.uleb128 0x1
 637 0256 50       		.byte	0x50
 638 0257 02       		.uleb128 0x2
 639 0258 74       		.byte	0x74
 640 0259 00       		.sleb128 0
 641 025a 00       		.byte	0
 642 025b 0B       		.uleb128 0xb
 643 025c 20000000 		.4byte	.LVL42
 644 0260 C9020000 		.4byte	0x2c9
 645 0264 00       		.byte	0
 646 0265 11       		.uleb128 0x11
 647 0266 84000000 		.4byte	0x84
 648 026a 7B020000 		.4byte	0x27b
 649 026e 12       		.uleb128 0x12
 650 026f 9B000000 		.4byte	0x9b
 651 0273 03       		.byte	0x3
 652 0274 12       		.uleb128 0x12
 653 0275 9B000000 		.4byte	0x9b
 654 0279 13       		.byte	0x13
 655 027a 00       		.byte	0
 656 027b 13       		.uleb128 0x13
 657 027c C3000000 		.4byte	.LASF22
 658 0280 03       		.byte	0x3
 659 0281 0F       		.byte	0xf
 660 0282 8C020000 		.4byte	0x28c
 661 0286 05       		.uleb128 0x5
 662 0287 03       		.byte	0x3
 663 0288 00000000 		.4byte	FrameDDR
 664 028c 05       		.uleb128 0x5
 665 028d 65020000 		.4byte	0x265
 666 0291 13       		.uleb128 0x13
 667 0292 27020000 		.4byte	.LASF23
 668 0296 03       		.byte	0x3
 669 0297 10       		.byte	0x10
 670 0298 96000000 		.4byte	0x96
 671 029c 05       		.uleb128 0x5
 672 029d 03       		.byte	0x3
 673 029e 00000000 		.4byte	Frame_Tail
 674 02a2 14       		.uleb128 0x14
 675 02a3 8E000000 		.4byte	.LASF24
 676 02a7 04       		.byte	0x4
 677 02a8 3A       		.byte	0x3a
 678 02a9 B3020000 		.4byte	0x2b3
 679 02ad 15       		.uleb128 0x15
 680 02ae 6B000000 		.4byte	0x6b
 681 02b2 00       		.byte	0
 682 02b3 14       		.uleb128 0x14
 683 02b4 53010000 		.4byte	.LASF25
 684 02b8 04       		.byte	0x4
ARM GAS  C:\Users\Vitali\AppData\Local\Temp\cc82nV58.s 			page 15


 685 02b9 3D       		.byte	0x3d
 686 02ba C9020000 		.4byte	0x2c9
 687 02be 15       		.uleb128 0x15
 688 02bf 6B000000 		.4byte	0x6b
 689 02c3 15       		.uleb128 0x15
 690 02c4 6B000000 		.4byte	0x6b
 691 02c8 00       		.byte	0
 692 02c9 16       		.uleb128 0x16
 693 02ca C3010000 		.4byte	.LASF31
 694 02ce 04       		.byte	0x4
 695 02cf 3E       		.byte	0x3e
 696 02d0 15       		.uleb128 0x15
 697 02d1 84000000 		.4byte	0x84
 698 02d5 00       		.byte	0
 699 02d6 00       		.byte	0
 700              		.section	.debug_abbrev,"",%progbits
 701              	.Ldebug_abbrev0:
 702 0000 01       		.uleb128 0x1
 703 0001 11       		.uleb128 0x11
 704 0002 01       		.byte	0x1
 705 0003 25       		.uleb128 0x25
 706 0004 0E       		.uleb128 0xe
 707 0005 13       		.uleb128 0x13
 708 0006 0B       		.uleb128 0xb
 709 0007 03       		.uleb128 0x3
 710 0008 0E       		.uleb128 0xe
 711 0009 1B       		.uleb128 0x1b
 712 000a 0E       		.uleb128 0xe
 713 000b 55       		.uleb128 0x55
 714 000c 17       		.uleb128 0x17
 715 000d 11       		.uleb128 0x11
 716 000e 01       		.uleb128 0x1
 717 000f 10       		.uleb128 0x10
 718 0010 17       		.uleb128 0x17
 719 0011 00       		.byte	0
 720 0012 00       		.byte	0
 721 0013 02       		.uleb128 0x2
 722 0014 24       		.uleb128 0x24
 723 0015 00       		.byte	0
 724 0016 0B       		.uleb128 0xb
 725 0017 0B       		.uleb128 0xb
 726 0018 3E       		.uleb128 0x3e
 727 0019 0B       		.uleb128 0xb
 728 001a 03       		.uleb128 0x3
 729 001b 0E       		.uleb128 0xe
 730 001c 00       		.byte	0
 731 001d 00       		.byte	0
 732 001e 03       		.uleb128 0x3
 733 001f 24       		.uleb128 0x24
 734 0020 00       		.byte	0
 735 0021 0B       		.uleb128 0xb
 736 0022 0B       		.uleb128 0xb
 737 0023 3E       		.uleb128 0x3e
 738 0024 0B       		.uleb128 0xb
 739 0025 03       		.uleb128 0x3
 740 0026 08       		.uleb128 0x8
 741 0027 00       		.byte	0
ARM GAS  C:\Users\Vitali\AppData\Local\Temp\cc82nV58.s 			page 16


 742 0028 00       		.byte	0
 743 0029 04       		.uleb128 0x4
 744 002a 16       		.uleb128 0x16
 745 002b 00       		.byte	0
 746 002c 03       		.uleb128 0x3
 747 002d 0E       		.uleb128 0xe
 748 002e 3A       		.uleb128 0x3a
 749 002f 0B       		.uleb128 0xb
 750 0030 3B       		.uleb128 0x3b
 751 0031 0B       		.uleb128 0xb
 752 0032 49       		.uleb128 0x49
 753 0033 13       		.uleb128 0x13
 754 0034 00       		.byte	0
 755 0035 00       		.byte	0
 756 0036 05       		.uleb128 0x5
 757 0037 35       		.uleb128 0x35
 758 0038 00       		.byte	0
 759 0039 49       		.uleb128 0x49
 760 003a 13       		.uleb128 0x13
 761 003b 00       		.byte	0
 762 003c 00       		.byte	0
 763 003d 06       		.uleb128 0x6
 764 003e 2E       		.uleb128 0x2e
 765 003f 01       		.byte	0x1
 766 0040 3F       		.uleb128 0x3f
 767 0041 19       		.uleb128 0x19
 768 0042 03       		.uleb128 0x3
 769 0043 0E       		.uleb128 0xe
 770 0044 3A       		.uleb128 0x3a
 771 0045 0B       		.uleb128 0xb
 772 0046 3B       		.uleb128 0x3b
 773 0047 0B       		.uleb128 0xb
 774 0048 11       		.uleb128 0x11
 775 0049 01       		.uleb128 0x1
 776 004a 12       		.uleb128 0x12
 777 004b 06       		.uleb128 0x6
 778 004c 40       		.uleb128 0x40
 779 004d 18       		.uleb128 0x18
 780 004e 9742     		.uleb128 0x2117
 781 0050 19       		.uleb128 0x19
 782 0051 01       		.uleb128 0x1
 783 0052 13       		.uleb128 0x13
 784 0053 00       		.byte	0
 785 0054 00       		.byte	0
 786 0055 07       		.uleb128 0x7
 787 0056 34       		.uleb128 0x34
 788 0057 00       		.byte	0
 789 0058 03       		.uleb128 0x3
 790 0059 0E       		.uleb128 0xe
 791 005a 3A       		.uleb128 0x3a
 792 005b 0B       		.uleb128 0xb
 793 005c 3B       		.uleb128 0x3b
 794 005d 0B       		.uleb128 0xb
 795 005e 49       		.uleb128 0x49
 796 005f 13       		.uleb128 0x13
 797 0060 02       		.uleb128 0x2
 798 0061 17       		.uleb128 0x17
ARM GAS  C:\Users\Vitali\AppData\Local\Temp\cc82nV58.s 			page 17


 799 0062 00       		.byte	0
 800 0063 00       		.byte	0
 801 0064 08       		.uleb128 0x8
 802 0065 34       		.uleb128 0x34
 803 0066 00       		.byte	0
 804 0067 03       		.uleb128 0x3
 805 0068 08       		.uleb128 0x8
 806 0069 3A       		.uleb128 0x3a
 807 006a 0B       		.uleb128 0xb
 808 006b 3B       		.uleb128 0x3b
 809 006c 0B       		.uleb128 0xb
 810 006d 49       		.uleb128 0x49
 811 006e 13       		.uleb128 0x13
 812 006f 02       		.uleb128 0x2
 813 0070 17       		.uleb128 0x17
 814 0071 00       		.byte	0
 815 0072 00       		.byte	0
 816 0073 09       		.uleb128 0x9
 817 0074 898201   		.uleb128 0x4109
 818 0077 01       		.byte	0x1
 819 0078 11       		.uleb128 0x11
 820 0079 01       		.uleb128 0x1
 821 007a 31       		.uleb128 0x31
 822 007b 13       		.uleb128 0x13
 823 007c 01       		.uleb128 0x1
 824 007d 13       		.uleb128 0x13
 825 007e 00       		.byte	0
 826 007f 00       		.byte	0
 827 0080 0A       		.uleb128 0xa
 828 0081 8A8201   		.uleb128 0x410a
 829 0084 00       		.byte	0
 830 0085 02       		.uleb128 0x2
 831 0086 18       		.uleb128 0x18
 832 0087 9142     		.uleb128 0x2111
 833 0089 18       		.uleb128 0x18
 834 008a 00       		.byte	0
 835 008b 00       		.byte	0
 836 008c 0B       		.uleb128 0xb
 837 008d 898201   		.uleb128 0x4109
 838 0090 00       		.byte	0
 839 0091 11       		.uleb128 0x11
 840 0092 01       		.uleb128 0x1
 841 0093 31       		.uleb128 0x31
 842 0094 13       		.uleb128 0x13
 843 0095 00       		.byte	0
 844 0096 00       		.byte	0
 845 0097 0C       		.uleb128 0xc
 846 0098 898201   		.uleb128 0x4109
 847 009b 01       		.byte	0x1
 848 009c 11       		.uleb128 0x11
 849 009d 01       		.uleb128 0x1
 850 009e 31       		.uleb128 0x31
 851 009f 13       		.uleb128 0x13
 852 00a0 00       		.byte	0
 853 00a1 00       		.byte	0
 854 00a2 0D       		.uleb128 0xd
 855 00a3 2E       		.uleb128 0x2e
ARM GAS  C:\Users\Vitali\AppData\Local\Temp\cc82nV58.s 			page 18


 856 00a4 01       		.byte	0x1
 857 00a5 3F       		.uleb128 0x3f
 858 00a6 19       		.uleb128 0x19
 859 00a7 03       		.uleb128 0x3
 860 00a8 0E       		.uleb128 0xe
 861 00a9 3A       		.uleb128 0x3a
 862 00aa 0B       		.uleb128 0xb
 863 00ab 3B       		.uleb128 0x3b
 864 00ac 0B       		.uleb128 0xb
 865 00ad 27       		.uleb128 0x27
 866 00ae 19       		.uleb128 0x19
 867 00af 11       		.uleb128 0x11
 868 00b0 01       		.uleb128 0x1
 869 00b1 12       		.uleb128 0x12
 870 00b2 06       		.uleb128 0x6
 871 00b3 40       		.uleb128 0x40
 872 00b4 18       		.uleb128 0x18
 873 00b5 9742     		.uleb128 0x2117
 874 00b7 19       		.uleb128 0x19
 875 00b8 01       		.uleb128 0x1
 876 00b9 13       		.uleb128 0x13
 877 00ba 00       		.byte	0
 878 00bb 00       		.byte	0
 879 00bc 0E       		.uleb128 0xe
 880 00bd 05       		.uleb128 0x5
 881 00be 00       		.byte	0
 882 00bf 03       		.uleb128 0x3
 883 00c0 0E       		.uleb128 0xe
 884 00c1 3A       		.uleb128 0x3a
 885 00c2 0B       		.uleb128 0xb
 886 00c3 3B       		.uleb128 0x3b
 887 00c4 0B       		.uleb128 0xb
 888 00c5 49       		.uleb128 0x49
 889 00c6 13       		.uleb128 0x13
 890 00c7 02       		.uleb128 0x2
 891 00c8 18       		.uleb128 0x18
 892 00c9 00       		.byte	0
 893 00ca 00       		.byte	0
 894 00cb 0F       		.uleb128 0xf
 895 00cc 34       		.uleb128 0x34
 896 00cd 00       		.byte	0
 897 00ce 03       		.uleb128 0x3
 898 00cf 0E       		.uleb128 0xe
 899 00d0 3A       		.uleb128 0x3a
 900 00d1 0B       		.uleb128 0xb
 901 00d2 3B       		.uleb128 0x3b
 902 00d3 0B       		.uleb128 0xb
 903 00d4 49       		.uleb128 0x49
 904 00d5 13       		.uleb128 0x13
 905 00d6 02       		.uleb128 0x2
 906 00d7 18       		.uleb128 0x18
 907 00d8 00       		.byte	0
 908 00d9 00       		.byte	0
 909 00da 10       		.uleb128 0x10
 910 00db 0F       		.uleb128 0xf
 911 00dc 00       		.byte	0
 912 00dd 0B       		.uleb128 0xb
ARM GAS  C:\Users\Vitali\AppData\Local\Temp\cc82nV58.s 			page 19


 913 00de 0B       		.uleb128 0xb
 914 00df 49       		.uleb128 0x49
 915 00e0 13       		.uleb128 0x13
 916 00e1 00       		.byte	0
 917 00e2 00       		.byte	0
 918 00e3 11       		.uleb128 0x11
 919 00e4 01       		.uleb128 0x1
 920 00e5 01       		.byte	0x1
 921 00e6 49       		.uleb128 0x49
 922 00e7 13       		.uleb128 0x13
 923 00e8 01       		.uleb128 0x1
 924 00e9 13       		.uleb128 0x13
 925 00ea 00       		.byte	0
 926 00eb 00       		.byte	0
 927 00ec 12       		.uleb128 0x12
 928 00ed 21       		.uleb128 0x21
 929 00ee 00       		.byte	0
 930 00ef 49       		.uleb128 0x49
 931 00f0 13       		.uleb128 0x13
 932 00f1 2F       		.uleb128 0x2f
 933 00f2 0B       		.uleb128 0xb
 934 00f3 00       		.byte	0
 935 00f4 00       		.byte	0
 936 00f5 13       		.uleb128 0x13
 937 00f6 34       		.uleb128 0x34
 938 00f7 00       		.byte	0
 939 00f8 03       		.uleb128 0x3
 940 00f9 0E       		.uleb128 0xe
 941 00fa 3A       		.uleb128 0x3a
 942 00fb 0B       		.uleb128 0xb
 943 00fc 3B       		.uleb128 0x3b
 944 00fd 0B       		.uleb128 0xb
 945 00fe 49       		.uleb128 0x49
 946 00ff 13       		.uleb128 0x13
 947 0100 3F       		.uleb128 0x3f
 948 0101 19       		.uleb128 0x19
 949 0102 02       		.uleb128 0x2
 950 0103 18       		.uleb128 0x18
 951 0104 00       		.byte	0
 952 0105 00       		.byte	0
 953 0106 14       		.uleb128 0x14
 954 0107 2E       		.uleb128 0x2e
 955 0108 01       		.byte	0x1
 956 0109 3F       		.uleb128 0x3f
 957 010a 19       		.uleb128 0x19
 958 010b 03       		.uleb128 0x3
 959 010c 0E       		.uleb128 0xe
 960 010d 3A       		.uleb128 0x3a
 961 010e 0B       		.uleb128 0xb
 962 010f 3B       		.uleb128 0x3b
 963 0110 0B       		.uleb128 0xb
 964 0111 27       		.uleb128 0x27
 965 0112 19       		.uleb128 0x19
 966 0113 3C       		.uleb128 0x3c
 967 0114 19       		.uleb128 0x19
 968 0115 01       		.uleb128 0x1
 969 0116 13       		.uleb128 0x13
ARM GAS  C:\Users\Vitali\AppData\Local\Temp\cc82nV58.s 			page 20


 970 0117 00       		.byte	0
 971 0118 00       		.byte	0
 972 0119 15       		.uleb128 0x15
 973 011a 05       		.uleb128 0x5
 974 011b 00       		.byte	0
 975 011c 49       		.uleb128 0x49
 976 011d 13       		.uleb128 0x13
 977 011e 00       		.byte	0
 978 011f 00       		.byte	0
 979 0120 16       		.uleb128 0x16
 980 0121 2E       		.uleb128 0x2e
 981 0122 01       		.byte	0x1
 982 0123 3F       		.uleb128 0x3f
 983 0124 19       		.uleb128 0x19
 984 0125 03       		.uleb128 0x3
 985 0126 0E       		.uleb128 0xe
 986 0127 3A       		.uleb128 0x3a
 987 0128 0B       		.uleb128 0xb
 988 0129 3B       		.uleb128 0x3b
 989 012a 0B       		.uleb128 0xb
 990 012b 27       		.uleb128 0x27
 991 012c 19       		.uleb128 0x19
 992 012d 3C       		.uleb128 0x3c
 993 012e 19       		.uleb128 0x19
 994 012f 00       		.byte	0
 995 0130 00       		.byte	0
 996 0131 00       		.byte	0
 997              		.section	.debug_loc,"",%progbits
 998              	.Ldebug_loc0:
 999              	.LLST0:
 1000 0000 00000000 		.4byte	.LVL0
 1001 0004 04000000 		.4byte	.LVL1
 1002 0008 0200     		.2byte	0x2
 1003 000a 30       		.byte	0x30
 1004 000b 9F       		.byte	0x9f
 1005 000c 04000000 		.4byte	.LVL1
 1006 0010 18000000 		.4byte	.LVL4
 1007 0014 0100     		.2byte	0x1
 1008 0016 51       		.byte	0x51
 1009 0017 18000000 		.4byte	.LVL4
 1010 001b 1A000000 		.4byte	.LVL5
 1011 001f 0300     		.2byte	0x3
 1012 0021 71       		.byte	0x71
 1013 0022 01       		.sleb128 1
 1014 0023 9F       		.byte	0x9f
 1015 0024 00000000 		.4byte	0
 1016 0028 00000000 		.4byte	0
 1017              	.LLST1:
 1018 002c 04000000 		.4byte	.LVL1
 1019 0030 06000000 		.4byte	.LVL2
 1020 0034 0200     		.2byte	0x2
 1021 0036 30       		.byte	0x30
 1022 0037 9F       		.byte	0x9f
 1023 0038 06000000 		.4byte	.LVL2
 1024 003c 12000000 		.4byte	.LVL3
 1025 0040 0100     		.2byte	0x1
 1026 0042 52       		.byte	0x52
ARM GAS  C:\Users\Vitali\AppData\Local\Temp\cc82nV58.s 			page 21


 1027 0043 00000000 		.4byte	0
 1028 0047 00000000 		.4byte	0
 1029              	.LLST2:
 1030 004b 0C000000 		.4byte	.LVL17
 1031 004f 20000000 		.4byte	.LVL21
 1032 0053 0100     		.2byte	0x1
 1033 0055 55       		.byte	0x55
 1034 0056 68000000 		.4byte	.LVL31
 1035 005a 88000000 		.4byte	.LVL35
 1036 005e 0100     		.2byte	0x1
 1037 0060 55       		.byte	0x55
 1038 0061 00000000 		.4byte	0
 1039 0065 00000000 		.4byte	0
 1040              	.LLST3:
 1041 0069 0C000000 		.4byte	.LVL17
 1042 006d 54000000 		.4byte	.LVL28
 1043 0071 0200     		.2byte	0x2
 1044 0073 31       		.byte	0x31
 1045 0074 9F       		.byte	0x9f
 1046 0075 58000000 		.4byte	.LVL29
 1047 0079 64000000 		.4byte	.LVL30
 1048 007d 0100     		.2byte	0x1
 1049 007f 54       		.byte	0x54
 1050 0080 64000000 		.4byte	.LVL30
 1051 0084 68000000 		.4byte	.LVL31
 1052 0088 0300     		.2byte	0x3
 1053 008a 74       		.byte	0x74
 1054 008b 02       		.sleb128 2
 1055 008c 9F       		.byte	0x9f
 1056 008d 6C000000 		.4byte	.LVL32
 1057 0091 7C000000 		.4byte	.LVL33
 1058 0095 0100     		.2byte	0x1
 1059 0097 54       		.byte	0x54
 1060 0098 7C000000 		.4byte	.LVL33
 1061 009c 80000000 		.4byte	.LVL34
 1062 00a0 0300     		.2byte	0x3
 1063 00a2 74       		.byte	0x74
 1064 00a3 02       		.sleb128 2
 1065 00a4 9F       		.byte	0x9f
 1066 00a5 80000000 		.4byte	.LVL34
 1067 00a9 88000000 		.4byte	.LVL36
 1068 00ad 0100     		.2byte	0x1
 1069 00af 54       		.byte	0x54
 1070 00b0 00000000 		.4byte	0
 1071 00b4 00000000 		.4byte	0
 1072              	.LLST4:
 1073 00b8 0C000000 		.4byte	.LVL17
 1074 00bc 12000000 		.4byte	.LVL18
 1075 00c0 0200     		.2byte	0x2
 1076 00c2 30       		.byte	0x30
 1077 00c3 9F       		.byte	0x9f
 1078 00c4 12000000 		.4byte	.LVL18
 1079 00c8 18000000 		.4byte	.LVL19
 1080 00cc 0100     		.2byte	0x1
 1081 00ce 53       		.byte	0x53
 1082 00cf 18000000 		.4byte	.LVL19
 1083 00d3 1A000000 		.4byte	.LVL20
ARM GAS  C:\Users\Vitali\AppData\Local\Temp\cc82nV58.s 			page 22


 1084 00d7 0300     		.2byte	0x3
 1085 00d9 73       		.byte	0x73
 1086 00da 01       		.sleb128 1
 1087 00db 9F       		.byte	0x9f
 1088 00dc 20000000 		.4byte	.LVL21
 1089 00e0 22000000 		.4byte	.LVL22
 1090 00e4 0200     		.2byte	0x2
 1091 00e6 30       		.byte	0x30
 1092 00e7 9F       		.byte	0x9f
 1093 00e8 22000000 		.4byte	.LVL22
 1094 00ec 36000000 		.4byte	.LVL23
 1095 00f0 0100     		.2byte	0x1
 1096 00f2 54       		.byte	0x54
 1097 00f3 44000000 		.4byte	.LVL26
 1098 00f7 4C000000 		.4byte	.LVL27
 1099 00fb 0100     		.2byte	0x1
 1100 00fd 53       		.byte	0x53
 1101 00fe 64000000 		.4byte	.LVL30
 1102 0102 68000000 		.4byte	.LVL31
 1103 0106 0100     		.2byte	0x1
 1104 0108 54       		.byte	0x54
 1105 0109 7C000000 		.4byte	.LVL33
 1106 010d 80000000 		.4byte	.LVL34
 1107 0111 0100     		.2byte	0x1
 1108 0113 54       		.byte	0x54
 1109 0114 00000000 		.4byte	0
 1110 0118 00000000 		.4byte	0
 1111              	.LLST5:
 1112 011c 20000000 		.4byte	.LVL21
 1113 0120 3C000000 		.4byte	.LVL24
 1114 0124 0100     		.2byte	0x1
 1115 0126 55       		.byte	0x55
 1116 0127 3C000000 		.4byte	.LVL24
 1117 012b 3E000000 		.4byte	.LVL25
 1118 012f 0300     		.2byte	0x3
 1119 0131 75       		.byte	0x75
 1120 0132 01       		.sleb128 1
 1121 0133 9F       		.byte	0x9f
 1122 0134 3E000000 		.4byte	.LVL25
 1123 0138 44000000 		.4byte	.LVL26
 1124 013c 0300     		.2byte	0x3
 1125 013e 75       		.byte	0x75
 1126 013f 00       		.sleb128 0
 1127 0140 9F       		.byte	0x9f
 1128 0141 44000000 		.4byte	.LVL26
 1129 0145 68000000 		.4byte	.LVL31
 1130 0149 0300     		.2byte	0x3
 1131 014b 77       		.byte	0x77
 1132 014c 02       		.sleb128 2
 1133 014d 9F       		.byte	0x9f
 1134 014e 00000000 		.4byte	0
 1135 0152 00000000 		.4byte	0
 1136              	.LLST6:
 1137 0156 00000000 		.4byte	.LVL37
 1138 015a 04000000 		.4byte	.LVL38
 1139 015e 0200     		.2byte	0x2
 1140 0160 30       		.byte	0x30
ARM GAS  C:\Users\Vitali\AppData\Local\Temp\cc82nV58.s 			page 23


 1141 0161 9F       		.byte	0x9f
 1142 0162 04000000 		.4byte	.LVL38
 1143 0166 24000000 		.4byte	.LVL43
 1144 016a 0100     		.2byte	0x1
 1145 016c 54       		.byte	0x54
 1146 016d 24000000 		.4byte	.LVL43
 1147 0171 26000000 		.4byte	.LVL44
 1148 0175 0300     		.2byte	0x3
 1149 0177 74       		.byte	0x74
 1150 0178 01       		.sleb128 1
 1151 0179 9F       		.byte	0x9f
 1152 017a 00000000 		.4byte	0
 1153 017e 00000000 		.4byte	0
 1154              	.LLST7:
 1155 0182 0C000000 		.4byte	.LVL39
 1156 0186 0E000000 		.4byte	.LVL40
 1157 018a 0200     		.2byte	0x2
 1158 018c 30       		.byte	0x30
 1159 018d 9F       		.byte	0x9f
 1160 018e 0E000000 		.4byte	.LVL40
 1161 0192 1A000000 		.4byte	.LVL41
 1162 0196 0100     		.2byte	0x1
 1163 0198 55       		.byte	0x55
 1164 0199 00000000 		.4byte	0
 1165 019d 00000000 		.4byte	0
 1166              		.section	.debug_aranges,"",%progbits
 1167 0000 34000000 		.4byte	0x34
 1168 0004 0200     		.2byte	0x2
 1169 0006 00000000 		.4byte	.Ldebug_info0
 1170 000a 04       		.byte	0x4
 1171 000b 00       		.byte	0
 1172 000c 0000     		.2byte	0
 1173 000e 0000     		.2byte	0
 1174 0010 00000000 		.4byte	.LFB59
 1175 0014 30000000 		.4byte	.LFE59-.LFB59
 1176 0018 00000000 		.4byte	.LFB60
 1177 001c 3E000000 		.4byte	.LFE60-.LFB60
 1178 0020 00000000 		.4byte	.LFB61
 1179 0024 94000000 		.4byte	.LFE61-.LFB61
 1180 0028 00000000 		.4byte	.LFB62
 1181 002c 30000000 		.4byte	.LFE62-.LFB62
 1182 0030 00000000 		.4byte	0
 1183 0034 00000000 		.4byte	0
 1184              		.section	.debug_ranges,"",%progbits
 1185              	.Ldebug_ranges0:
 1186 0000 00000000 		.4byte	.LFB59
 1187 0004 30000000 		.4byte	.LFE59
 1188 0008 00000000 		.4byte	.LFB60
 1189 000c 3E000000 		.4byte	.LFE60
 1190 0010 00000000 		.4byte	.LFB61
 1191 0014 94000000 		.4byte	.LFE61
 1192 0018 00000000 		.4byte	.LFB62
 1193 001c 30000000 		.4byte	.LFE62
 1194 0020 00000000 		.4byte	0
 1195 0024 00000000 		.4byte	0
 1196              		.section	.debug_line,"",%progbits
 1197              	.Ldebug_line0:
ARM GAS  C:\Users\Vitali\AppData\Local\Temp\cc82nV58.s 			page 24


 1198 0000 08010000 		.section	.debug_str,"MS",%progbits,1
 1198      02005C00 
 1198      00000201 
 1198      FB0E0D00 
 1198      01010101 
 1199              	.LASF26:
 1200 0000 474E5520 		.ascii	"GNU C 4.9.3 20150303 (release) [ARM/embedded-4_9-br"
 1200      4320342E 
 1200      392E3320 
 1200      32303135 
 1200      30333033 
 1201 0033 616E6368 		.ascii	"anch revision 221220] -mcpu=cortex-m0 -mthumb -g -O"
 1201      20726576 
 1201      6973696F 
 1201      6E203232 
 1201      31323230 
 1202 0066 73202D66 		.ascii	"s -ffunction-sections -ffat-lto-objects\000"
 1202      66756E63 
 1202      74696F6E 
 1202      2D736563 
 1202      74696F6E 
 1203              	.LASF24:
 1204 008e 4C43445F 		.ascii	"LCD_WriteControl\000"
 1204      57726974 
 1204      65436F6E 
 1204      74726F6C 
 1204      00
 1205              	.LASF3:
 1206 009f 73686F72 		.ascii	"short unsigned int\000"
 1206      7420756E 
 1206      7369676E 
 1206      65642069 
 1206      6E7400
 1207              	.LASF16:
 1208 00b2 456E6162 		.ascii	"Enable_Frame_DDR\000"
 1208      6C655F46 
 1208      72616D65 
 1208      5F444452 
 1208      00
 1209              	.LASF22:
 1210 00c3 4672616D 		.ascii	"FrameDDR\000"
 1210      65444452 
 1210      00
 1211              	.LASF18:
 1212 00cc 5461696C 		.ascii	"TailBuf\000"
 1212      42756600 
 1213              	.LASF30:
 1214 00d4 73747269 		.ascii	"string\000"
 1214      6E6700
 1215              	.LASF17:
 1216 00db 4C43445F 		.ascii	"LCD_WS0010Start\000"
 1216      57533030 
 1216      31305374 
 1216      61727400 
 1217              	.LASF9:
 1218 00eb 666C6F61 		.ascii	"float\000"
 1218      7400
ARM GAS  C:\Users\Vitali\AppData\Local\Temp\cc82nV58.s 			page 25


 1219              	.LASF1:
 1220 00f1 756E7369 		.ascii	"unsigned char\000"
 1220      676E6564 
 1220      20636861 
 1220      7200
 1221              	.LASF12:
 1222 00ff 63686172 		.ascii	"char8\000"
 1222      3800
 1223              	.LASF5:
 1224 0105 6C6F6E67 		.ascii	"long unsigned int\000"
 1224      20756E73 
 1224      69676E65 
 1224      6420696E 
 1224      7400
 1225              	.LASF11:
 1226 0117 75696E74 		.ascii	"uint8\000"
 1226      3800
 1227              	.LASF10:
 1228 011d 646F7562 		.ascii	"double\000"
 1228      6C6500
 1229              	.LASF29:
 1230 0124 4164645F 		.ascii	"Add_To_DDR\000"
 1230      546F5F44 
 1230      445200
 1231              	.LASF8:
 1232 012f 756E7369 		.ascii	"unsigned int\000"
 1232      676E6564 
 1232      20696E74 
 1232      00
 1233              	.LASF7:
 1234 013c 6C6F6E67 		.ascii	"long long unsigned int\000"
 1234      206C6F6E 
 1234      6720756E 
 1234      7369676E 
 1234      65642069 
 1235              	.LASF25:
 1236 0153 4C43445F 		.ascii	"LCD_Position\000"
 1236      506F7369 
 1236      74696F6E 
 1236      00
 1237              	.LASF27:
 1238 0160 2E5C5753 		.ascii	".\\WS0010.c\000"
 1238      30303130 
 1238      2E6300
 1239              	.LASF28:
 1240 016b 433A5C55 		.ascii	"C:\\Users\\Vitali\\Documents\\PSoC Creator\\Expo_Co"
 1240      73657273 
 1240      5C566974 
 1240      616C695C 
 1240      446F6375 
 1241 0199 6E74726F 		.ascii	"ntroller_Workspace\\Expo_Controller2.cydsn\000"
 1241      6C6C6572 
 1241      5F576F72 
 1241      6B737061 
 1241      63655C45 
 1242              	.LASF31:
 1243 01c3 4C43445F 		.ascii	"LCD_PutChar\000"
ARM GAS  C:\Users\Vitali\AppData\Local\Temp\cc82nV58.s 			page 26


 1243      50757443 
 1243      68617200 
 1244              	.LASF14:
 1245 01cf 73697A65 		.ascii	"sizetype\000"
 1245      74797065 
 1245      00
 1246              	.LASF6:
 1247 01d8 6C6F6E67 		.ascii	"long long int\000"
 1247      206C6F6E 
 1247      6720696E 
 1247      7400
 1248              	.LASF13:
 1249 01e6 63686172 		.ascii	"char\000"
 1249      00
 1250              	.LASF19:
 1251 01eb 696E6465 		.ascii	"index\000"
 1251      7800
 1252              	.LASF2:
 1253 01f1 73686F72 		.ascii	"short int\000"
 1253      7420696E 
 1253      7400
 1254              	.LASF15:
 1255 01fb 4C696E65 		.ascii	"Line\000"
 1255      00
 1256              	.LASF20:
 1257 0200 63757272 		.ascii	"current\000"
 1257      656E7400 
 1258              	.LASF21:
 1259 0208 5072696E 		.ascii	"Print_DDR\000"
 1259      745F4444 
 1259      5200
 1260              	.LASF4:
 1261 0212 6C6F6E67 		.ascii	"long int\000"
 1261      20696E74 
 1261      00
 1262              	.LASF0:
 1263 021b 7369676E 		.ascii	"signed char\000"
 1263      65642063 
 1263      68617200 
 1264              	.LASF23:
 1265 0227 4672616D 		.ascii	"Frame_Tail\000"
 1265      655F5461 
 1265      696C00
 1266              		.ident	"GCC: (GNU Tools for ARM Embedded Processors) 4.9.3 20150303 (release) [ARM/embedded-4_9-br
